Time:2011-12-16 18:37:47
CommunicateErr:0
ErrPackageNum:0
TimeSkipNum:0
UpdateDataTimer is Active.
Memory info:
procs -----------memory---------- ---swap-- -----io---- --system-- -----cpu------
 r  b   swpd   free   buff  cache   si   so    bi    bo   in   cs us sy id wa st
 4  0 205920  53148   2368 211688    3    4   118    94   76  231 15 14 64  7  0



Time:2011-12-16 18:37:57
CommunicateErr:0
ErrPackageNum:0
TimeSkipNum:0
UpdateDataTimer is Active.
Memory info:
procs -----------memory---------- ---swap-- -----io---- --system-- -----cpu------
 r  b   swpd   free   buff  cache   si   so    bi    bo   in   cs us sy id wa st
 1  0 205920  53520   2384 211692    3    4   118    94   76  231 15 14 64  7  0



Time:2011-12-16 18:38:07
CommunicateErr:0
ErrPackageNum:0
TimeSkipNum:0
UpdateDataTimer is Active.
Memory info:
procs -----------memory---------- ---swap-- -----io---- --system-- -----cpu------
 r  b   swpd   free   buff  cache   si   so    bi    bo   in   cs us sy id wa st
 7  0 205920  53504   2420 211692    3    4   118    94   76  231 15 14 64  7  0



Time:2011-12-16 18:38:17
CommunicateErr:0
ErrPackageNum:0
TimeSkipNum:0
UpdateDataTimer is Active.
Memory info:
procs -----------memory---------- ---swap-- -----io---- --system-- -----cpu------
 r  b   swpd   free   buff  cache   si   so    bi    bo   in   cs us sy id wa st
 6  0 205920  53024   2444 212116    3    4   118    94   76  231 15 14 64  7  0



Time:2011-12-16 18:38:27
CommunicateErr:0
ErrPackageNum:0
TimeSkipNum:0
UpdateDataTimer is Active.
Memory info:
procs -----------memory---------- ---swap-- -----io---- --system-- -----cpu------
 r  b   swpd   free   buff  cache   si   so    bi    bo   in   cs us sy id wa st
 5  0 205920  52536   2512 212380    3    4   118    94   76  231 15 14 64  7  0



Time:2011-12-16 18:38:37
CommunicateErr:0
ErrPackageNum:0
TimeSkipNum:0
UpdateDataTimer is Active.
Memory info:
procs -----------memory---------- ---swap-- -----io---- --system-- -----cpu------
 r  b   swpd   free   buff  cache   si   so    bi    bo   in   cs us sy id wa st
 6  0 205920  52092   2528 212772    3    4   118    94   76  231 15 14 64  7  0



Time:2011-12-16 18:38:47
CommunicateErr:0
ErrPackageNum:0
TimeSkipNum:0
UpdateDataTimer is Active.
Memory info:
procs -----------memory---------- ---swap-- -----io---- --system-- -----cpu------
 r  b   swpd   free   buff  cache   si   so    bi    bo   in   cs us sy id wa st
 6  0 205920  52104   2548 212772    3    4   118    94   76  231 15 14 64  7  0



Time:2011-12-16 18:38:57
CommunicateErr:0
ErrPackageNum:0
TimeSkipNum:0
UpdateDataTimer is Active.
Memory info:
procs -----------memory---------- ---swap-- -----io---- --system-- -----cpu------
 r  b   swpd   free   buff  cache   si   so    bi    bo   in   cs us sy id wa st
 6  0 205920  52076   2568 212776    3    4   118    94   76  231 15 14 64  7  0



Time:2011-12-16 18:39:07
CommunicateErr:0
ErrPackageNum:0
TimeSkipNum:0
UpdateDataTimer is Active.
Memory info:
procs -----------memory---------- ---swap-- -----io---- --system-- -----cpu------
 r  b   swpd   free   buff  cache   si   so    bi    bo   in   cs us sy id wa st
 6  0 205920  52108   2584 212776    3    4   118    94   76  231 15 14 64  7  0



Time:2011-12-16 18:39:17
CommunicateErr:0
ErrPackageNum:0
TimeSkipNum:0
UpdateDataTimer is Active.
Memory info:
procs -----------memory---------- ---swap-- -----io---- --system-- -----cpu------
 r  b   swpd   free   buff  cache   si   so    bi    bo   in   cs us sy id wa st
 7  0 205920  52140   2592 212780    3    4   118    94   76  232 15 14 64  7  0



Time:2011-12-16 18:39:27
CommunicateErr:0
ErrPackageNum:0
TimeSkipNum:0
UpdateDataTimer is Active.
Memory info:
procs -----------memory---------- ---swap-- -----io---- --system-- -----cpu------
 r  b   swpd   free   buff  cache   si   so    bi    bo   in   cs us sy id wa st
 8  0 205920  52140   2608 212780    3    4   118    94   76  232 15 14 64  7  0



Time:2011-12-16 18:39:37
CommunicateErr:0
ErrPackageNum:0
TimeSkipNum:0
UpdateDataTimer is Active.
Memory info:
procs -----------memory---------- ---swap-- -----io---- --system-- -----cpu------
 r  b   swpd   free   buff  cache   si   so    bi    bo   in   cs us sy id wa st
 7  0 205920  52016   2624 212780    3    4   118    94   76  232 15 14 64  7  0



Time:2011-12-16 18:39:47
CommunicateErr:0
ErrPackageNum:0
TimeSkipNum:0
UpdateDataTimer is Active.
Memory info:
procs -----------memory---------- ---swap-- -----io---- --system-- -----cpu------
 r  b   swpd   free   buff  cache   si   so    bi    bo   in   cs us sy id wa st
 0  0 205920  52032   2632 212784    3    4   118    94   76  232 15 14 64  7  0



Time:2011-12-16 18:39:57
CommunicateErr:0
ErrPackageNum:0
TimeSkipNum:0
UpdateDataTimer is Active.
Memory info:
procs -----------memory---------- ---swap-- -----io---- --system-- -----cpu------
 r  b   swpd   free   buff  cache   si   so    bi    bo   in   cs us sy id wa st
 5  0 205920  52032   2648 212784    3    4   118    94   76  232 15 14 64  7  0



Time:2011-12-16 18:40:07
CommunicateErr:0
ErrPackageNum:0
TimeSkipNum:0
UpdateDataTimer is Active.
Memory info:
procs -----------memory---------- ---swap-- -----io---- --system-- -----cpu------
 r  b   swpd   free   buff  cache   si   so    bi    bo   in   cs us sy id wa st
 1  0 205920  52032   2664 212784    3    4   118    94   76  232 15 14 64  7  0



Time:2011-12-16 18:40:17
CommunicateErr:0
ErrPackageNum:0
TimeSkipNum:0
UpdateDataTimer is Active.
Memory info:
procs -----------memory---------- ---swap-- -----io---- --system-- -----cpu------
 r  b   swpd   free   buff  cache   si   so    bi    bo   in   cs us sy id wa st
 7  0 205920  51208   2672 212784    3    4   118    94   76  232 15 14 64  7  0



Time:2011-12-16 18:40:27
CommunicateErr:0
ErrPackageNum:0
TimeSkipNum:0
UpdateDataTimer is Active.
Memory info:
procs -----------memory---------- ---swap-- -----io---- --system-- -----cpu------
 r  b   swpd   free   buff  cache   si   so    bi    bo   in   cs us sy id wa st
 5  0 205920  50708   2696 212784    3    4   118    94   76  232 15 14 64  7  0



Time:2011-12-16 18:40:37
CommunicateErr:0
ErrPackageNum:0
TimeSkipNum:0
UpdateDataTimer is Active.
Memory info:
procs -----------memory---------- ---swap-- -----io---- --system-- -----cpu------
 r  b   swpd   free   buff  cache   si   so    bi    bo   in   cs us sy id wa st
 5  0 205920  50228   2716 212812    3    4   118    94   76  232 15 14 64  7  0



Time:2011-12-16 18:40:47
CommunicateErr:0
ErrPackageNum:0
TimeSkipNum:0
UpdateDataTimer is Active.
Memory info:
procs -----------memory---------- ---swap-- -----io---- --system-- -----cpu------
 r  b   swpd   free   buff  cache   si   so    bi    bo   in   cs us sy id wa st
 6  0 205920  50172   2732 212816    3    4   118    94   76  232 15 14 64  7  0



Time:2011-12-16 18:40:57
CommunicateErr:0
ErrPackageNum:0
TimeSkipNum:0
UpdateDataTimer is Active.
Memory info:
procs -----------memory---------- ---swap-- -----io---- --system-- -----cpu------
 r  b   swpd   free   buff  cache   si   so    bi    bo   in   cs us sy id wa st
 6  0 205920  50172   2740 212816    3    4   118    94   76  232 15 14 64  7  0



Time:2011-12-16 18:41:07
CommunicateErr:0
ErrPackageNum:0
TimeSkipNum:0
UpdateDataTimer is Active.
Memory info:
procs -----------memory---------- ---swap-- -----io---- --system-- -----cpu------
 r  b   swpd   free   buff  cache   si   so    bi    bo   in   cs us sy id wa st
 1  0 205920  50148   2756 212816    3    4   118    94   76  232 15 14 64  7  0



Time:2011-12-16 18:41:17
CommunicateErr:0
ErrPackageNum:0
TimeSkipNum:0
UpdateDataTimer is Active.
Memory info:
procs -----------memory---------- ---swap-- -----io---- --system-- -----cpu------
 r  b   swpd   free   buff  cache   si   so    bi    bo   in   cs us sy id wa st
 5  0 205920  50160   2772 212812    3    4   118    94   76  232 15 14 64  7  0



Time:2011-12-16 18:41:27
CommunicateErr:0
ErrPackageNum:0
TimeSkipNum:0
UpdateDataTimer is Active.
Memory info:
procs -----------memory---------- ---swap-- -----io---- --system-- -----cpu------
 r  b   swpd   free   buff  cache   si   so    bi    bo   in   cs us sy id wa st
 7  0 205920  50188   2780 212824    3    4   118    94   76  232 15 14 64  7  0



Time:2011-12-16 18:41:37
CommunicateErr:0
ErrPackageNum:0
TimeSkipNum:0
UpdateDataTimer is Active.
Memory info:
procs -----------memory---------- ---swap-- -----io---- --system-- -----cpu------
 r  b   swpd   free   buff  cache   si   so    bi    bo   in   cs us sy id wa st
 8  0 205920  50064   2796 212824    3    4   118    94   76  232 15 14 64  7  0



Time:2011-12-16 18:41:47
CommunicateErr:0
ErrPackageNum:0
TimeSkipNum:0
UpdateDataTimer is Active.
Memory info:
procs -----------memory---------- ---swap-- -----io---- --system-- -----cpu------
 r  b   swpd   free   buff  cache   si   so    bi    bo   in   cs us sy id wa st
 6  0 205920  50080   2812 212824    3    4   118    94   76  232 15 14 64  7  0



Time:2011-12-16 18:41:57
CommunicateErr:0
ErrPackageNum:0
TimeSkipNum:0
UpdateDataTimer is Active.
Memory info:
procs -----------memory---------- ---swap-- -----io---- --system-- -----cpu------
 r  b   swpd   free   buff  cache   si   so    bi    bo   in   cs us sy id wa st
 6  0 205920  50064   2836 212824    3    4   118    94   76  232 15 14 64  7  0



Time:2011-12-16 18:42:07
CommunicateErr:0
ErrPackageNum:0
TimeSkipNum:0
UpdateDataTimer is Active.
Memory info:
procs -----------memory---------- ---swap-- -----io---- --system-- -----cpu------
 r  b   swpd   free   buff  cache   si   so    bi    bo   in   cs us sy id wa st
 6  0 205920  48528   2864 212880    3    4   118    94   76  232 15 14 64  7  0



Time:2011-12-16 18:42:17
CommunicateErr:0
ErrPackageNum:0
TimeSkipNum:0
UpdateDataTimer is Active.
Memory info:
procs -----------memory---------- ---swap-- -----io---- --system-- -----cpu------
 r  b   swpd   free   buff  cache   si   so    bi    bo   in   cs us sy id wa st
 6  0 205920  50004   2880 212880    3    4   118    94   76  232 15 14 64  7  0



Time:2011-12-16 18:42:27
CommunicateErr:0
ErrPackageNum:0
TimeSkipNum:0
UpdateDataTimer is Active.
Memory info:
procs -----------memory---------- ---swap-- -----io---- --system-- -----cpu------
 r  b   swpd   free   buff  cache   si   so    bi    bo   in   cs us sy id wa st
 5  0 205920  50012   2888 212880    3    4   118    94   76  232 15 14 64  7  0



Time:2011-12-16 18:42:37
CommunicateErr:0
ErrPackageNum:0
TimeSkipNum:0
UpdateDataTimer is Active.
Memory info:
procs -----------memory---------- ---swap-- -----io---- --system-- -----cpu------
 r  b   swpd   free   buff  cache   si   so    bi    bo   in   cs us sy id wa st
10  0 205920  49908   2904 212880    3    4   118    94   76  232 15 14 64  7  0



Time:2011-12-16 18:42:47
CommunicateErr:0
ErrPackageNum:0
TimeSkipNum:0
UpdateDataTimer is Active.
Memory info:
procs -----------memory---------- ---swap-- -----io---- --system-- -----cpu------
 r  b   swpd   free   buff  cache   si   so    bi    bo   in   cs us sy id wa st
 6  0 205920  50276   2920 212876    3    4   118    94   76  233 15 14 64  7  0



Time:2011-12-16 18:42:57
CommunicateErr:0
ErrPackageNum:0
TimeSkipNum:0
UpdateDataTimer is Active.
Memory info:
procs -----------memory---------- ---swap-- -----io---- --system-- -----cpu------
 r  b   swpd   free   buff  cache   si   so    bi    bo   in   cs us sy id wa st
 1  0 205920  47848   2964 214420    3    4   118    94   76  233 15 14 63  7  0



Time:2011-12-16 18:43:07
CommunicateErr:0
ErrPackageNum:0
TimeSkipNum:0
UpdateDataTimer is Active.
Memory info:
procs -----------memory---------- ---swap-- -----io---- --system-- -----cpu------
 r  b   swpd   free   buff  cache   si   so    bi    bo   in   cs us sy id wa st
 4  0 205920  47848   2972 214480    3    4   118    94   76  233 15 14 63  7  0



Time:2011-12-16 18:43:17
CommunicateErr:0
ErrPackageNum:0
TimeSkipNum:0
UpdateDataTimer is Active.
Memory info:
procs -----------memory---------- ---swap-- -----io---- --system-- -----cpu------
 r  b   swpd   free   buff  cache   si   so    bi    bo   in   cs us sy id wa st
 6  0 205920  47720   2988 214480    3    4   118    94   76  233 15 14 63  7  0



Time:2011-12-16 18:43:27
CommunicateErr:0
ErrPackageNum:0
TimeSkipNum:0
UpdateDataTimer is Active.
Memory info:
procs -----------memory---------- ---swap-- -----io---- --system-- -----cpu------
 r  b   swpd   free   buff  cache   si   so    bi    bo   in   cs us sy id wa st
 3  0 205920  47732   3004 214472    3    4   118    94   76  233 15 14 63  7  0



Time:2011-12-16 18:43:37
CommunicateErr:0
ErrPackageNum:0
TimeSkipNum:0
UpdateDataTimer is Active.
Memory info:
procs -----------memory---------- ---swap-- -----io---- --system-- -----cpu------
 r  b   swpd   free   buff  cache   si   so    bi    bo   in   cs us sy id wa st
 1  0 205920  47732   3016 214484    3    4   118    94   76  233 15 14 63  7  0



Time:2011-12-16 18:43:47
CommunicateErr:0
ErrPackageNum:0
TimeSkipNum:0
UpdateDataTimer is Active.
Memory info:
procs -----------memory---------- ---swap-- -----io---- --system-- -----cpu------
 r  b   swpd   free   buff  cache   si   so    bi    bo   in   cs us sy id wa st
 5  0 205920  47712   3032 214484    3    4   118    94   76  233 15 14 63  7  0



Time:2011-12-16 18:43:57
CommunicateErr:0
ErrPackageNum:0
TimeSkipNum:0
UpdateDataTimer is Active.
Memory info:
procs -----------memory---------- ---swap-- -----io---- --system-- -----cpu------
 r  b   swpd   free   buff  cache   si   so    bi    bo   in   cs us sy id wa st
 4  0 205920  47716   3048 214476    3    4   118    94   76  233 15 14 63  7  0



Time:2011-12-16 18:44:07
CommunicateErr:0
ErrPackageNum:0
TimeSkipNum:0
UpdateDataTimer is Active.
Memory info:
procs -----------memory---------- ---swap-- -----io---- --system-- -----cpu------
 r  b   swpd   free   buff  cache   si   so    bi    bo   in   cs us sy id wa st
 4  0 205920  47708   3064 214476    3    4   118    94   76  233 15 14 63  7  0



Time:2011-12-16 18:44:17
CommunicateErr:0
ErrPackageNum:0
TimeSkipNum:0
UpdateDataTimer is Active.
Memory info:
procs -----------memory---------- ---swap-- -----io---- --system-- -----cpu------
 r  b   swpd   free   buff  cache   si   so    bi    bo   in   cs us sy id wa st
 6  0 205920  47584   3072 214484    3    4   118    94   76  233 15 14 63  7  0



Time:2011-12-16 18:44:27
CommunicateErr:0
ErrPackageNum:0
TimeSkipNum:0
UpdateDataTimer is Active.
Memory info:
procs -----------memory---------- ---swap-- -----io---- --system-- -----cpu------
 r  b   swpd   free   buff  cache   si   so    bi    bo   in   cs us sy id wa st
 4  0 205920  47584   3088 214484    3    4   118    94   76  233 15 14 63  7  0



Time:2011-12-16 18:44:37
CommunicateErr:0
ErrPackageNum:0
TimeSkipNum:0
UpdateDataTimer is Active.
Memory info:
procs -----------memory---------- ---swap-- -----io---- --system-- -----cpu------
 r  b   swpd   free   buff  cache   si   so    bi    bo   in   cs us sy id wa st
 2  0 205920  47584   3104 214480    3    4   118    94   76  233 15 14 63  7  0



Time:2011-12-16 18:44:47
CommunicateErr:0
ErrPackageNum:0
TimeSkipNum:0
UpdateDataTimer is Active.
Memory info:
procs -----------memory---------- ---swap-- -----io---- --system-- -----cpu------
 r  b   swpd   free   buff  cache   si   so    bi    bo   in   cs us sy id wa st
 6  0 205920  47584   3112 214488    3    4   118    94   76  233 15 14 63  7  0



Time:2011-12-16 18:44:57
CommunicateErr:0
ErrPackageNum:0
TimeSkipNum:0
UpdateDataTimer is Active.
Memory info:
procs -----------memory---------- ---swap-- -----io---- --system-- -----cpu------
 r  b   swpd   free   buff  cache   si   so    bi    bo   in   cs us sy id wa st
 4  0 205920  47584   3128 214488    3    4   118    94   76  233 15 14 63  7  0



Time:2011-12-16 18:45:07
CommunicateErr:0
ErrPackageNum:0
TimeSkipNum:0
UpdateDataTimer is Active.
Memory info:
procs -----------memory---------- ---swap-- -----io---- --system-- -----cpu------
 r  b   swpd   free   buff  cache   si   so    bi    bo   in   cs us sy id wa st
 6  0 205920  47584   3144 214484    3    4   118    94   76  233 15 14 63  7  0



Time:2011-12-16 18:45:17
CommunicateErr:0
ErrPackageNum:0
TimeSkipNum:0
UpdateDataTimer is Active.
Memory info:
procs -----------memory---------- ---swap-- -----io---- --system-- -----cpu------
 r  b   swpd   free   buff  cache   si   so    bi    bo   in   cs us sy id wa st
 5  0 205920  47444   3160 214484    3    4   118    94   76  233 15 14 63  7  0



Time:2011-12-16 18:45:27
CommunicateErr:0
ErrPackageNum:0
TimeSkipNum:0
UpdateDataTimer is Active.
Memory info:
procs -----------memory---------- ---swap-- -----io---- --system-- -----cpu------
 r  b   swpd   free   buff  cache   si   so    bi    bo   in   cs us sy id wa st
 4  0 205920  47180   3168 214496    3    4   118    94   76  233 15 14 63  7  0



Time:2011-12-16 18:45:37
CommunicateErr:0
ErrPackageNum:0
TimeSkipNum:0
UpdateDataTimer is Active.
Memory info:
procs -----------memory---------- ---swap-- -----io---- --system-- -----cpu------
 r  b   swpd   free   buff  cache   si   so    bi    bo   in   cs us sy id wa st
 1  0 205920  47072   3184 214496    3    4   118    94   76  233 15 14 63  7  0



Time:2011-12-16 18:45:47
CommunicateErr:0
ErrPackageNum:0
TimeSkipNum:0
UpdateDataTimer is Active.
Memory info:
procs -----------memory---------- ---swap-- -----io---- --system-- -----cpu------
 r  b   swpd   free   buff  cache   si   so    bi    bo   in   cs us sy id wa st
 7  0 205920  47072   3200 214488    3    4   118    94   76  233 15 14 63  7  0



Time:2011-12-16 18:45:57
CommunicateErr:0
ErrPackageNum:0
TimeSkipNum:0
UpdateDataTimer is Active.
Memory info:
procs -----------memory---------- ---swap-- -----io---- --system-- -----cpu------
 r  b   swpd   free   buff  cache   si   so    bi    bo   in   cs us sy id wa st
 8  0 205920  47192   3216 214488    3    4   118    94   76  233 15 14 63  7  0



Time:2011-12-16 18:46:07
CommunicateErr:0
ErrPackageNum:0
TimeSkipNum:0
UpdateDataTimer is Active.
Memory info:
procs -----------memory---------- ---swap-- -----io---- --system-- -----cpu------
 r  b   swpd   free   buff  cache   si   so    bi    bo   in   cs us sy id wa st
 1  0 205920  47244   3224 214496    3    4   118    94   76  233 15 14 63  7  0



Time:2011-12-16 18:46:17
CommunicateErr:0
ErrPackageNum:0
TimeSkipNum:0
UpdateDataTimer is Active.
Memory info:
procs -----------memory---------- ---swap-- -----io---- --system-- -----cpu------
 r  b   swpd   free   buff  cache   si   so    bi    bo   in   cs us sy id wa st
 5  0 205920  46820   3240 214496    3    4   118    94   76  233 15 14 63  7  0



Time:2011-12-16 18:46:27
CommunicateErr:0
ErrPackageNum:0
TimeSkipNum:0
UpdateDataTimer is Active.
Memory info:
procs -----------memory---------- ---swap-- -----io---- --system-- -----cpu------
 r  b   swpd   free   buff  cache   si   so    bi    bo   in   cs us sy id wa st
 1  0 205920  46708   3256 214496    3    4   118    94   76  233 15 14 63  7  0



Time:2011-12-16 18:46:37
CommunicateErr:0
ErrPackageNum:0
TimeSkipNum:0
UpdateDataTimer is Active.
Memory info:
procs -----------memory---------- ---swap-- -----io---- --system-- -----cpu------
 r  b   swpd   free   buff  cache   si   so    bi    bo   in   cs us sy id wa st
 7  0 205920  46716   3276 214492    3    4   118    94   76  233 15 14 63  7  0



Time:2011-12-16 18:46:47
CommunicateErr:0
ErrPackageNum:0
TimeSkipNum:0
UpdateDataTimer is Active.
Memory info:
procs -----------memory---------- ---swap-- -----io---- --system-- -----cpu------
 r  b   swpd   free   buff  cache   si   so    bi    bo   in   cs us sy id wa st
 1  0 205920  46828   3284 214500    3    4   118    94   76  233 15 14 63  7  0



Time:2011-12-16 18:46:57
CommunicateErr:0
ErrPackageNum:0
TimeSkipNum:0
UpdateDataTimer is Active.
Memory info:
procs -----------memory---------- ---swap-- -----io---- --system-- -----cpu------
 r  b   swpd   free   buff  cache   si   so    bi    bo   in   cs us sy id wa st
 5  0 205920  46716   3300 214504    3    4   118    94   76  233 15 14 63  7  0



Time:2011-12-16 18:47:07
CommunicateErr:0
ErrPackageNum:0
TimeSkipNum:0
UpdateDataTimer is Active.
Memory info:
procs -----------memory---------- ---swap-- -----io---- --system-- -----cpu------
 r  b   swpd   free   buff  cache   si   so    bi    bo   in   cs us sy id wa st
 6  0 205920  46716   3316 214496    3    4   118    94   76  233 15 14 63  7  0



Time:2011-12-16 18:47:17
CommunicateErr:0
ErrPackageNum:0
TimeSkipNum:0
UpdateDataTimer is Active.
Memory info:
procs -----------memory---------- ---swap-- -----io---- --system-- -----cpu------
 r  b   swpd   free   buff  cache   si   so    bi    bo   in   cs us sy id wa st
 9  0 205920  46816   3332 214496    3    4   118    94   76  234 15 14 63  7  0



Time:2011-12-16 18:47:27
CommunicateErr:0
ErrPackageNum:0
TimeSkipNum:0
UpdateDataTimer is Active.
Memory info:
procs -----------memory---------- ---swap-- -----io---- --system-- -----cpu------
 r  b   swpd   free   buff  cache   si   so    bi    bo   in   cs us sy id wa st
 5  0 205920  46856   3340 214508    3    4   118    94   76  234 15 14 63  7  0



Time:2011-12-16 18:47:37
CommunicateErr:0
ErrPackageNum:0
TimeSkipNum:0
UpdateDataTimer is Active.
Memory info:
procs -----------memory---------- ---swap-- -----io---- --system-- -----cpu------
 r  b   swpd   free   buff  cache   si   so    bi    bo   in   cs us sy id wa st
 1  0 205920  46844   3356 214508    3    4   118    94   76  234 15 14 63  7  0



Time:2011-12-16 18:47:47
CommunicateErr:0
ErrPackageNum:0
TimeSkipNum:0
UpdateDataTimer is Active.
Memory info:
procs -----------memory---------- ---swap-- -----io---- --system-- -----cpu------
 r  b   swpd   free   buff  cache   si   so    bi    bo   in   cs us sy id wa st
 6  0 205920  46856   3372 214500    3    4   118    94   76  234 15 14 63  7  0



Time:2011-12-16 18:47:57
CommunicateErr:0
ErrPackageNum:0
TimeSkipNum:0
UpdateDataTimer is Active.
Memory info:
procs -----------memory---------- ---swap-- -----io---- --system-- -----cpu------
 r  b   swpd   free   buff  cache   si   so    bi    bo   in   cs us sy id wa st
 4  0 205920  46856   3380 214508    3    4   118    94   76  234 15 14 63  7  0



Time:2011-12-16 18:48:07
CommunicateErr:0
ErrPackageNum:0
TimeSkipNum:0
UpdateDataTimer is Active.
Memory info:
procs -----------memory---------- ---swap-- -----io---- --system-- -----cpu------
 r  b   swpd   free   buff  cache   si   so    bi    bo   in   cs us sy id wa st
 7  0 205920  46732   3396 214508    3    4   118    94   76  234 15 14 63  7  0



Time:2011-12-16 18:48:17
CommunicateErr:0
ErrPackageNum:0
TimeSkipNum:0
UpdateDataTimer is Active.
Memory info:
procs -----------memory---------- ---swap-- -----io---- --system-- -----cpu------
 r  b   swpd   free   buff  cache   si   so    bi    bo   in   cs us sy id wa st
 7  0 205920  47072   3412 214500    3    4   118    94   76  234 15 14 63  7  0



Time:2011-12-16 18:48:27
CommunicateErr:0
ErrPackageNum:0
TimeSkipNum:0
UpdateDataTimer is Active.
Memory info:
procs -----------memory---------- ---swap-- -----io---- --system-- -----cpu------
 r  b   swpd   free   buff  cache   si   so    bi    bo   in   cs us sy id wa st
 2  0 205920  46716   3428 214512    3    4   118    94   76  234 15 14 63  7  0



Time:2011-12-16 18:48:37
CommunicateErr:0
ErrPackageNum:0
TimeSkipNum:0
UpdateDataTimer is Active.
Memory info:
procs -----------memory---------- ---swap-- -----io---- --system-- -----cpu------
 r  b   swpd   free   buff  cache   si   so    bi    bo   in   cs us sy id wa st
 7  0 205920  46704   3436 214512    3    4   118    94   76  234 15 14 63  7  0



Time:2011-12-16 18:48:47
CommunicateErr:0
ErrPackageNum:0
TimeSkipNum:0
UpdateDataTimer is Active.
Memory info:
procs -----------memory---------- ---swap-- -----io---- --system-- -----cpu------
 r  b   swpd   free   buff  cache   si   so    bi    bo   in   cs us sy id wa st
 3  0 205920  46956   3456 214516    3    4   118    94   76  234 15 14 63  7  0



Time:2011-12-16 18:48:57
CommunicateErr:0
ErrPackageNum:0
TimeSkipNum:0
UpdateDataTimer is Active.
Memory info:
procs -----------memory---------- ---swap-- -----io---- --system-- -----cpu------
 r  b   swpd   free   buff  cache   si   so    bi    bo   in   cs us sy id wa st
 7  0 205920  46832   3472 214516    3    4   118    94   76  234 15 14 63  7  0



Time:2011-12-16 18:49:07
CommunicateErr:0
ErrPackageNum:0
TimeSkipNum:0
UpdateDataTimer is Active.
Memory info:
procs -----------memory---------- ---swap-- -----io---- --system-- -----cpu------
 r  b   swpd   free   buff  cache   si   so    bi    bo   in   cs us sy id wa st
 2  0 205920  46824   3488 214508    3    4   118    94   76  234 15 14 63  7  0



Time:2011-12-16 18:49:17
CommunicateErr:0
ErrPackageNum:0
TimeSkipNum:0
UpdateDataTimer is Active.
Memory info:
procs -----------memory---------- ---swap-- -----io---- --system-- -----cpu------
 r  b   swpd   free   buff  cache   si   so    bi    bo   in   cs us sy id wa st
 4  0 205920  45368   3504 214512    3    4   118    94   76  234 15 14 63  7  0



Time:2011-12-16 18:49:27
CommunicateErr:0
ErrPackageNum:0
TimeSkipNum:0
UpdateDataTimer is Active.
Memory info:
procs -----------memory---------- ---swap-- -----io---- --system-- -----cpu------
 r  b   swpd   free   buff  cache   si   so    bi    bo   in   cs us sy id wa st
 3  0 205920  46840   3512 214520    3    4   117    94   76  234 15 14 63  7  0



Time:2011-12-16 18:49:37
CommunicateErr:0
ErrPackageNum:0
TimeSkipNum:0
UpdateDataTimer is Active.
Memory info:
procs -----------memory---------- ---swap-- -----io---- --system-- -----cpu------
 r  b   swpd   free   buff  cache   si   so    bi    bo   in   cs us sy id wa st
 8  0 205920  45960   3548 215340    3    4   117    94   76  234 15 14 63  7  0



Time:2011-12-16 18:49:47
CommunicateErr:0
ErrPackageNum:0
TimeSkipNum:0
UpdateDataTimer is Active.
Memory info:
procs -----------memory---------- ---swap-- -----io---- --system-- -----cpu------
 r  b   swpd   free   buff  cache   si   so    bi    bo   in   cs us sy id wa st
 4  0 205920  45692   3564 215420    3    4   117    94   76  234 15 14 63  7  0



Time:2011-12-16 18:49:57
CommunicateErr:0
ErrPackageNum:0
TimeSkipNum:0
UpdateDataTimer is Active.
Memory info:
procs -----------memory---------- ---swap-- -----io---- --system-- -----cpu------
 r  b   swpd   free   buff  cache   si   so    bi    bo   in   cs us sy id wa st
 2  0 205920  42476   3604 216480    3    4   117    94   76  234 15 14 63  7  0



Time:2011-12-16 18:50:07
CommunicateErr:0
ErrPackageNum:0
TimeSkipNum:0
UpdateDataTimer is Active.
Memory info:
procs -----------memory---------- ---swap-- -----io---- --system-- -----cpu------
 r  b   swpd   free   buff  cache   si   so    bi    bo   in   cs us sy id wa st
 4  0 205920  40376   3620 216472    3    4   117    94   76  234 15 14 63  7  0



Time:2011-12-16 18:50:17
CommunicateErr:0
ErrPackageNum:0
TimeSkipNum:0
UpdateDataTimer is Active.
Memory info:
procs -----------memory---------- ---swap-- -----io---- --system-- -----cpu------
 r  b   swpd   free   buff  cache   si   so    bi    bo   in   cs us sy id wa st
 1  0 205920  42356   3628 216484    3    4   117    94   76  234 15 14 63  7  0



Time:2011-12-16 18:50:27
CommunicateErr:0
ErrPackageNum:0
TimeSkipNum:0
UpdateDataTimer is Active.
Memory info:
procs -----------memory---------- ---swap-- -----io---- --system-- -----cpu------
 r  b   swpd   free   buff  cache   si   so    bi    bo   in   cs us sy id wa st
 5  0 205920  42356   3644 216484    3    4   117    94   76  234 15 14 63  7  0



Time:2011-12-16 18:50:37
CommunicateErr:0
ErrPackageNum:0
TimeSkipNum:0
UpdateDataTimer is Active.
Memory info:
procs -----------memory---------- ---swap-- -----io---- --system-- -----cpu------
 r  b   swpd   free   buff  cache   si   so    bi    bo   in   cs us sy id wa st
 6  0 205920  42092   3660 216484    3    4   117    94   76  234 15 14 63  7  0



Time:2011-12-16 18:50:47
CommunicateErr:0
ErrPackageNum:0
TimeSkipNum:0
UpdateDataTimer is Active.
Memory info:
procs -----------memory---------- ---swap-- -----io---- --system-- -----cpu------
 r  b   swpd   free   buff  cache   si   so    bi    bo   in   cs us sy id wa st
 5  0 205920  42232   3676 216480    3    4   117    94   76  234 15 14 63  7  0



Time:2011-12-16 18:50:57
CommunicateErr:0
ErrPackageNum:0
TimeSkipNum:0
UpdateDataTimer is Active.
Memory info:
procs -----------memory---------- ---swap-- -----io---- --system-- -----cpu------
 r  b   swpd   free   buff  cache   si   so    bi    bo   in   cs us sy id wa st
 7  0 205920  42232   3684 216488    3    4   117    94   76  235 15 14 63  7  0



Time:2011-12-16 18:51:07
CommunicateErr:0
ErrPackageNum:0
TimeSkipNum:0
UpdateDataTimer is Active.
Memory info:
procs -----------memory---------- ---swap-- -----io---- --system-- -----cpu------
 r  b   swpd   free   buff  cache   si   so    bi    bo   in   cs us sy id wa st
 8  0 205920  41904   3700 216492    3    4   117    94   76  235 15 14 63  7  0



Time:2011-12-16 18:51:17
CommunicateErr:0
ErrPackageNum:0
TimeSkipNum:0
UpdateDataTimer is Active.
Memory info:
procs -----------memory---------- ---swap-- -----io---- --system-- -----cpu------
 r  b   swpd   free   buff  cache   si   so    bi    bo   in   cs us sy id wa st
 2  0 205920  39992   3716 216492    3    4   117    94   76  235 15 14 63  7  0



Time:2011-12-16 18:51:27
CommunicateErr:0
ErrPackageNum:0
TimeSkipNum:0
UpdateDataTimer is Active.
Memory info:
procs -----------memory---------- ---swap-- -----io---- --system-- -----cpu------
 r  b   swpd   free   buff  cache   si   so    bi    bo   in   cs us sy id wa st
 5  0 205920  41240   3724 216492    3    4   117    94   76  235 15 14 63  7  0



Time:2011-12-16 18:51:37
CommunicateErr:0
ErrPackageNum:0
TimeSkipNum:0
UpdateDataTimer is Active.
Memory info:
procs -----------memory---------- ---swap-- -----io---- --system-- -----cpu------
 r  b   swpd   free   buff  cache   si   so    bi    bo   in   cs us sy id wa st
 8  0 205920  40424   3740 216492    3    4   117    94   76  235 15 14 63  7  0



Time:2011-12-16 18:51:47
CommunicateErr:0
ErrPackageNum:0
TimeSkipNum:0
UpdateDataTimer is Active.
Memory info:
procs -----------memory---------- ---swap-- -----io---- --system-- -----cpu------
 r  b   swpd   free   buff  cache   si   so    bi    bo   in   cs us sy id wa st
 7  0 205920  40556   3756 216492    3    4   117    94   76  235 15 14 63  7  0



Time:2011-12-16 18:51:57
CommunicateErr:0
ErrPackageNum:0
TimeSkipNum:0
UpdateDataTimer is Active.
Memory info:
procs -----------memory---------- ---swap-- -----io---- --system-- -----cpu------
 r  b   swpd   free   buff  cache   si   so    bi    bo   in   cs us sy id wa st
 7  0 205920  42260   3764 216492    3    4   117    94   76  235 15 14 63  7  0



Time:2011-12-16 18:52:07
CommunicateErr:0
ErrPackageNum:0
TimeSkipNum:0
UpdateDataTimer is Active.
Memory info:
procs -----------memory---------- ---swap-- -----io---- --system-- -----cpu------
 r  b   swpd   free   buff  cache   si   so    bi    bo   in   cs us sy id wa st
 7  0 205920  42148   3780 216492    3    4   117    94   76  235 15 14 63  7  0



Time:2011-12-16 18:52:17
CommunicateErr:0
ErrPackageNum:0
TimeSkipNum:0
UpdateDataTimer is Active.
Memory info:
procs -----------memory---------- ---swap-- -----io---- --system-- -----cpu------
 r  b   swpd   free   buff  cache   si   so    bi    bo   in   cs us sy id wa st
 5  0 205920  42148   3796 216496    3    4   117    94   76  235 15 14 63  7  0



Time:2011-12-16 18:52:27
CommunicateErr:0
ErrPackageNum:0
TimeSkipNum:0
UpdateDataTimer is Active.
Memory info:
procs -----------memory---------- ---swap-- -----io---- --system-- -----cpu------
 r  b   swpd   free   buff  cache   si   so    bi    bo   in   cs us sy id wa st
 7  0 205920  42148   3816 216488    3    4   117    94   76  235 15 14 63  7  0



Time:2011-12-16 18:52:37
CommunicateErr:0
ErrPackageNum:0
TimeSkipNum:0
UpdateDataTimer is Active.
Memory info:
procs -----------memory---------- ---swap-- -----io---- --system-- -----cpu------
 r  b   swpd   free   buff  cache   si   so    bi    bo   in   cs us sy id wa st
 6  0 205920  42148   3824 216500    3    4   117    94   76  235 15 14 63  7  0



Time:2011-12-16 18:52:47
CommunicateErr:0
ErrPackageNum:0
TimeSkipNum:0
UpdateDataTimer is Active.
Memory info:
procs -----------memory---------- ---swap-- -----io---- --system-- -----cpu------
 r  b   swpd   free   buff  cache   si   so    bi    bo   in   cs us sy id wa st
 6  0 205920  42148   3840 216500    3    4   117    94   76  235 15 14 63  7  0



Time:2011-12-16 18:52:57
CommunicateErr:0
ErrPackageNum:0
TimeSkipNum:0
UpdateDataTimer is Active.
Memory info:
procs -----------memory---------- ---swap-- -----io---- --system-- -----cpu------
 r  b   swpd   free   buff  cache   si   so    bi    bo   in   cs us sy id wa st
 8  0 205920  42124   3856 216492    3    4   117    94   76  235 15 14 63  7  0



Time:2011-12-16 18:53:07
CommunicateErr:0
ErrPackageNum:0
TimeSkipNum:0
UpdateDataTimer is Active.
Memory info:
procs -----------memory---------- ---swap-- -----io---- --system-- -----cpu------
 r  b   swpd   free   buff  cache   si   so    bi    bo   in   cs us sy id wa st
 7  0 205920  42140   3864 216504    3    4   117    94   76  235 15 14 63  7  0



Time:2011-12-16 18:53:17
CommunicateErr:0
ErrPackageNum:0
TimeSkipNum:0
UpdateDataTimer is Active.
Memory info:
procs -----------memory---------- ---swap-- -----io---- --system-- -----cpu------
 r  b   swpd   free   buff  cache   si   so    bi    bo   in   cs us sy id wa st
 4  0 205920  42024   3880 216504    3    4   117    94   76  235 15 14 63  7  0



Time:2011-12-16 18:53:27
CommunicateErr:0
ErrPackageNum:0
TimeSkipNum:0
UpdateDataTimer is Active.
Memory info:
procs -----------memory---------- ---swap-- -----io---- --system-- -----cpu------
 r  b   swpd   free   buff  cache   si   so    bi    bo   in   cs us sy id wa st
 5  0 205920  42024   3896 216504    3    4   117    94   76  235 15 14 63  7  0



Time:2011-12-16 18:53:37
CommunicateErr:0
ErrPackageNum:0
TimeSkipNum:0
UpdateDataTimer is Active.
Memory info:
procs -----------memory---------- ---swap-- -----io---- --system-- -----cpu------
 r  b   swpd   free   buff  cache   si   so    bi    bo   in   cs us sy id wa st
 8  0 205920  41752   3904 216504    3    4   117    94   76  235 15 14 63  7  0



Time:2011-12-16 18:53:47
CommunicateErr:0
ErrPackageNum:0
TimeSkipNum:0
UpdateDataTimer is Active.
Memory info:
procs -----------memory---------- ---swap-- -----io---- --system-- -----cpu------
 r  b   swpd   free   buff  cache   si   so    bi    bo   in   cs us sy id wa st
 0  0 205920  42004   3920 216504    3    4   117    94   76  235 15 14 63  7  0



Time:2011-12-16 18:53:57
CommunicateErr:0
ErrPackageNum:0
TimeSkipNum:0
UpdateDataTimer is Active.
Memory info:
procs -----------memory---------- ---swap-- -----io---- --system-- -----cpu------
 r  b   swpd   free   buff  cache   si   so    bi    bo   in   cs us sy id wa st
11  0 205920  41864   3936 216496    3    4   117    94   76  235 15 14 63  7  0



Time:2011-12-16 18:54:07
CommunicateErr:0
ErrPackageNum:0
TimeSkipNum:0
UpdateDataTimer is Active.
Memory info:
procs -----------memory---------- ---swap-- -----io---- --system-- -----cpu------
 r  b   swpd   free   buff  cache   si   so    bi    bo   in   cs us sy id wa st
 6  1 205920  41864   3944 216508    3    4   117    94   76  235 15 14 63  7  0



Time:2011-12-16 18:54:17
CommunicateErr:0
ErrPackageNum:0
TimeSkipNum:0
UpdateDataTimer is Active.
Memory info:
procs -----------memory---------- ---swap-- -----io---- --system-- -----cpu------
 r  b   swpd   free   buff  cache   si   so    bi    bo   in   cs us sy id wa st
13  0 205920  41736   3960 216508    3    4   117    94   76  235 15 14 63  7  0



Time:2011-12-16 18:54:27
CommunicateErr:0
ErrPackageNum:0
TimeSkipNum:0
UpdateDataTimer is Active.
Memory info:
procs -----------memory---------- ---swap-- -----io---- --system-- -----cpu------
 r  b   swpd   free   buff  cache   si   so    bi    bo   in   cs us sy id wa st
 1  0 205920  41612   3976 216508    3    4   117    94   76  235 15 14 63  7  0



Time:2011-12-16 18:54:37
CommunicateErr:0
ErrPackageNum:0
TimeSkipNum:0
UpdateDataTimer is Active.
Memory info:
procs -----------memory---------- ---swap-- -----io---- --system-- -----cpu------
 r  b   swpd   free   buff  cache   si   so    bi    bo   in   cs us sy id wa st
 5  0 205920  41716   3992 216504    3    4   117    94   76  235 15 14 63  7  0



Time:2011-12-16 18:54:47
CommunicateErr:0
ErrPackageNum:0
TimeSkipNum:0
UpdateDataTimer is Active.
Memory info:
procs -----------memory---------- ---swap-- -----io---- --system-- -----cpu------
 r  b   swpd   free   buff  cache   si   so    bi    bo   in   cs us sy id wa st
 2  0 205920  41736   4008 216504    3    4   117    94   76  235 15 14 63  7  0



Time:2011-12-16 18:54:57
CommunicateErr:0
ErrPackageNum:0
TimeSkipNum:0
UpdateDataTimer is Active.
Memory info:
procs -----------memory---------- ---swap-- -----io---- --system-- -----cpu------
 r  b   swpd   free   buff  cache   si   so    bi    bo   in   cs us sy id wa st
 7  0 205920  41612   4016 216516    3    4   117    94   76  235 15 14 63  7  0



Time:2011-12-16 18:55:07
CommunicateErr:0
ErrPackageNum:0
TimeSkipNum:0
UpdateDataTimer is Active.
Memory info:
procs -----------memory---------- ---swap-- -----io---- --system-- -----cpu------
 r  b   swpd   free   buff  cache   si   so    bi    bo   in   cs us sy id wa st
 3  0 205920  41468   4032 216516    3    4   117    94   76  235 15 14 63  7  0



Time:2011-12-16 18:55:17
CommunicateErr:0
ErrPackageNum:0
TimeSkipNum:0
UpdateDataTimer is Active.
Memory info:
procs -----------memory---------- ---swap-- -----io---- --system-- -----cpu------
 r  b   swpd   free   buff  cache   si   so    bi    bo   in   cs us sy id wa st
 0  0 205920  41472   4048 216516    3    4   117    94   76  235 15 14 63  7  0



Time:2011-12-16 18:55:27
CommunicateErr:0
ErrPackageNum:0
TimeSkipNum:0
UpdateDataTimer is Active.
Memory info:
procs -----------memory---------- ---swap-- -----io---- --system-- -----cpu------
 r  b   swpd   free   buff  cache   si   so    bi    bo   in   cs us sy id wa st
 9  0 205920  40128   4060 216516    3    4   117    93   76  235 15 14 63  7  0



Time:2011-12-16 18:55:37
CommunicateErr:0
ErrPackageNum:0
TimeSkipNum:0
UpdateDataTimer is Active.
Memory info:
procs -----------memory---------- ---swap-- -----io---- --system-- -----cpu------
 r  b   swpd   free   buff  cache   si   so    bi    bo   in   cs us sy id wa st
11  0 205920  40228   4076 216516    3    4   117    93   76  236 15 14 63  7  0



Time:2011-12-16 18:55:47
CommunicateErr:0
ErrPackageNum:0
TimeSkipNum:0
UpdateDataTimer is Active.
Memory info:
procs -----------memory---------- ---swap-- -----io---- --system-- -----cpu------
 r  b   swpd   free   buff  cache   si   so    bi    bo   in   cs us sy id wa st
 8  0 205920  40472   4092 216508    3    4   117    93   76  236 15 14 63  7  0



Time:2011-12-16 18:55:57
CommunicateErr:0
ErrPackageNum:0
TimeSkipNum:0
UpdateDataTimer is Active.
Memory info:
procs -----------memory---------- ---swap-- -----io---- --system-- -----cpu------
 r  b   swpd   free   buff  cache   si   so    bi    bo   in   cs us sy id wa st
 4  0 205920  36780   4100 216516    3    4   117    93   76  236 15 14 63  7  0



Time:2011-12-16 18:56:07
CommunicateErr:0
ErrPackageNum:0
TimeSkipNum:0
UpdateDataTimer is Active.
Memory info:
procs -----------memory---------- ---swap-- -----io---- --system-- -----cpu------
 r  b   swpd   free   buff  cache   si   so    bi    bo   in   cs us sy id wa st
 7  0 205920  40504   4116 216520    3    4   117    93   76  236 15 14 63  7  0



Time:2011-12-16 18:56:17
CommunicateErr:0
ErrPackageNum:0
TimeSkipNum:0
UpdateDataTimer is Active.
Memory info:
procs -----------memory---------- ---swap-- -----io---- --system-- -----cpu------
 r  b   swpd   free   buff  cache   si   so    bi    bo   in   cs us sy id wa st
 7  0 205920  40528   4132 216520    3    4   117    93   76  236 15 14 63  7  0



Time:2011-12-16 18:56:27
CommunicateErr:0
ErrPackageNum:0
TimeSkipNum:0
UpdateDataTimer is Active.
Memory info:
procs -----------memory---------- ---swap-- -----io---- --system-- -----cpu------
 r  b   swpd   free   buff  cache   si   so    bi    bo   in   cs us sy id wa st
 8  0 205920  40504   4148 216516    3    4   117    93   76  236 16 14 63  7  0



Time:2011-12-16 18:56:37
CommunicateErr:0
ErrPackageNum:0
TimeSkipNum:0
UpdateDataTimer is Active.
Memory info:
procs -----------memory---------- ---swap-- -----io---- --system-- -----cpu------
 r  b   swpd   free   buff  cache   si   so    bi    bo   in   cs us sy id wa st
 7  0 205920  40508   4156 216524    3    4   117    93   76  236 16 14 63  7  0



Time:2011-12-16 18:56:47
CommunicateErr:0
ErrPackageNum:0
TimeSkipNum:0
UpdateDataTimer is Active.
Memory info:
procs -----------memory---------- ---swap-- -----io---- --system-- -----cpu------
 r  b   swpd   free   buff  cache   si   so    bi    bo   in   cs us sy id wa st
 1  0 205920  40260   4172 216524    3    4   117    93   76  236 16 14 63  7  0



Time:2011-12-16 18:56:57
CommunicateErr:0
ErrPackageNum:0
TimeSkipNum:0
UpdateDataTimer is Active.
Memory info:
procs -----------memory---------- ---swap-- -----io---- --system-- -----cpu------
 r  b   swpd   free   buff  cache   si   so    bi    bo   in   cs us sy id wa st
 9  0 205920  40520   4188 216520    3    4   117    93   76  236 16 14 63  7  0



Time:2011-12-16 18:57:07
CommunicateErr:0
ErrPackageNum:0
TimeSkipNum:0
UpdateDataTimer is Active.
Memory info:
procs -----------memory---------- ---swap-- -----io---- --system-- -----cpu------
 r  b   swpd   free   buff  cache   si   so    bi    bo   in   cs us sy id wa st
19  0 205920  40552   4196 216528    3    4   117    93   76  236 16 14 63  7  0



Time:2011-12-16 18:57:17
CommunicateErr:0
ErrPackageNum:0
TimeSkipNum:0
UpdateDataTimer is Active.
Memory info:
procs -----------memory---------- ---swap-- -----io---- --system-- -----cpu------
 r  b   swpd   free   buff  cache   si   so    bi    bo   in   cs us sy id wa st
11  0 205920  40636   4212 216528    3    4   117    93   76  236 16 14 63  7  0



Time:2011-12-16 18:57:27
CommunicateErr:0
ErrPackageNum:0
TimeSkipNum:0
UpdateDataTimer is Active.
Memory info:
procs -----------memory---------- ---swap-- -----io---- --system-- -----cpu------
 r  b   swpd   free   buff  cache   si   so    bi    bo   in   cs us sy id wa st
 9  0 205920  39052   4228 216520    3    4   117    93   76  236 16 14 63  7  0



Time:2011-12-16 18:57:37
CommunicateErr:0
ErrPackageNum:0
TimeSkipNum:0
UpdateDataTimer is Active.
Memory info:
procs -----------memory---------- ---swap-- -----io---- --system-- -----cpu------
 r  b   swpd   free   buff  cache   si   so    bi    bo   in   cs us sy id wa st
 8  1 205920  40640   4236 216528    3    4   117    93   76  236 16 14 63  7  0



Time:2011-12-16 18:57:47
CommunicateErr:0
ErrPackageNum:0
TimeSkipNum:0
UpdateDataTimer is Active.
Memory info:
procs -----------memory---------- ---swap-- -----io---- --system-- -----cpu------
 r  b   swpd   free   buff  cache   si   so    bi    bo   in   cs us sy id wa st
 8  0 205920  40024   4252 216528    3    4   117    93   76  236 16 14 63  7  0



Time:2011-12-16 18:57:57
CommunicateErr:0
ErrPackageNum:0
TimeSkipNum:0
UpdateDataTimer is Active.
Memory info:
procs -----------memory---------- ---swap-- -----io---- --system-- -----cpu------
 r  b   swpd   free   buff  cache   si   so    bi    bo   in   cs us sy id wa st
 8  0 205920  39744   4268 216532    3    4   117    93   76  236 16 14 63  7  0



Time:2011-12-16 18:58:07
CommunicateErr:0
ErrPackageNum:0
TimeSkipNum:0
UpdateDataTimer is Active.
Memory info:
procs -----------memory---------- ---swap-- -----io---- --system-- -----cpu------
 r  b   swpd   free   buff  cache   si   so    bi    bo   in   cs us sy id wa st
 1  0 205920  39604   4284 216536    3    4   117    93   76  236 16 14 63  7  0



Time:2011-12-16 18:58:17
CommunicateErr:0
ErrPackageNum:0
TimeSkipNum:0
UpdateDataTimer is Active.
Memory info:
procs -----------memory---------- ---swap-- -----io---- --system-- -----cpu------
 r  b   swpd   free   buff  cache   si   so    bi    bo   in   cs us sy id wa st
 7  0 205920  40752   4292 216536    3    4   117    93   76  236 16 14 63  7  0



Time:2011-12-16 18:58:27
CommunicateErr:0
ErrPackageNum:0
TimeSkipNum:0
UpdateDataTimer is Active.
Memory info:
procs -----------memory---------- ---swap-- -----io---- --system-- -----cpu------
 r  b   swpd   free   buff  cache   si   so    bi    bo   in   cs us sy id wa st
 2  0 205920  40752   4312 216536    3    4   117    93   76  236 16 14 63  7  0



Time:2011-12-16 18:58:37
CommunicateErr:0
ErrPackageNum:0
TimeSkipNum:0
UpdateDataTimer is Active.
Memory info:
procs -----------memory---------- ---swap-- -----io---- --system-- -----cpu------
 r  b   swpd   free   buff  cache   si   so    bi    bo   in   cs us sy id wa st
 6  0 205920  41116   4328 216528    3    4   117    93   76  236 16 14 63  7  0



Time:2011-12-16 18:58:47
CommunicateErr:0
ErrPackageNum:0
TimeSkipNum:0
UpdateDataTimer is Active.
Memory info:
procs -----------memory---------- ---swap-- -----io---- --system-- -----cpu------
 r  b   swpd   free   buff  cache   si   so    bi    bo   in   cs us sy id wa st
 8  0 205920  40496   4344 216532    3    4   117    93   76  236 16 14 63  7  0



Time:2011-12-16 18:58:57
CommunicateErr:0
ErrPackageNum:0
TimeSkipNum:0
UpdateDataTimer is Active.
Memory info:
procs -----------memory---------- ---swap-- -----io---- --system-- -----cpu------
 r  b   swpd   free   buff  cache   si   so    bi    bo   in   cs us sy id wa st
 8  0 205920  40320   4352 216540    3    4   117    93   76  236 16 14 63  7  0



Time:2011-12-16 18:59:07
CommunicateErr:0
ErrPackageNum:0
TimeSkipNum:0
UpdateDataTimer is Active.
Memory info:
procs -----------memory---------- ---swap-- -----io---- --system-- -----cpu------
 r  b   swpd   free   buff  cache   si   so    bi    bo   in   cs us sy id wa st
 7  0 205920  40784   4368 216540    3    4   117    93   76  236 16 14 63  7  0



Time:2011-12-16 18:59:17
CommunicateErr:0
ErrPackageNum:0
TimeSkipNum:0
UpdateDataTimer is Active.
Memory info:
procs -----------memory---------- ---swap-- -----io---- --system-- -----cpu------
 r  b   swpd   free   buff  cache   si   so    bi    bo   in   cs us sy id wa st
 5  0 205920  38336   4384 216540    3    4   117    93   76  237 16 14 63  7  0



Time:2011-12-16 18:59:27
CommunicateErr:0
ErrPackageNum:0
TimeSkipNum:0
UpdateDataTimer is Active.
Memory info:
procs -----------memory---------- ---swap-- -----io---- --system-- -----cpu------
 r  b   swpd   free   buff  cache   si   so    bi    bo   in   cs us sy id wa st
 8  1 205920  39040   4392 216540    3    4   117    93   76  237 16 14 63  7  0



Time:2011-12-16 18:59:37
CommunicateErr:0
ErrPackageNum:0
TimeSkipNum:0
UpdateDataTimer is Active.
Memory info:
procs -----------memory---------- ---swap-- -----io---- --system-- -----cpu------
 r  b   swpd   free   buff  cache   si   so    bi    bo   in   cs us sy id wa st
 6  0 205920  40036   4408 216540    3    4   117    93   76  237 16 14 63  7  0



Time:2011-12-16 18:59:47
CommunicateErr:0
ErrPackageNum:0
TimeSkipNum:0
UpdateDataTimer is Active.
Memory info:
procs -----------memory---------- ---swap-- -----io---- --system-- -----cpu------
 r  b   swpd   free   buff  cache   si   so    bi    bo   in   cs us sy id wa st
 6  0 205920  40884   4428 216544    3    4   117    93   76  237 16 14 63  7  0



Time:2011-12-16 18:59:57
CommunicateErr:0
ErrPackageNum:0
TimeSkipNum:0
UpdateDataTimer is Active.
Memory info:
procs -----------memory---------- ---swap-- -----io---- --system-- -----cpu------
 r  b   swpd   free   buff  cache   si   so    bi    bo   in   cs us sy id wa st
 6  0 205920  40884   4444 216544    3    4   117    93   76  237 16 14 63  7  0



Time:2011-12-16 19:00:07
CommunicateErr:0
ErrPackageNum:0
TimeSkipNum:0
UpdateDataTimer is Active.
Memory info:
procs -----------memory---------- ---swap-- -----io---- --system-- -----cpu------
 r  b   swpd   free   buff  cache   si   so    bi    bo   in   cs us sy id wa st
 4  0 205920  38532   4460 216536    3    4   117    93   76  237 16 14 63  7  0



Time:2011-12-16 19:00:17
CommunicateErr:0
ErrPackageNum:0
TimeSkipNum:0
UpdateDataTimer is Active.
Memory info:
procs -----------memory---------- ---swap-- -----io---- --system-- -----cpu------
 r  b   swpd   free   buff  cache   si   so    bi    bo   in   cs us sy id wa st
 4  0 205920  39400   4468 216548    3    4   117    93   76  237 16 14 63  7  0



Time:2011-12-16 19:00:27
CommunicateErr:0
ErrPackageNum:0
TimeSkipNum:0
UpdateDataTimer is Active.
Memory info:
procs -----------memory---------- ---swap-- -----io---- --system-- -----cpu------
 r  b   swpd   free   buff  cache   si   so    bi    bo   in   cs us sy id wa st
 4  0 205920  40884   4484 216548    3    4   117    93   76  237 16 14 63  7  0



Time:2011-12-16 19:00:37
CommunicateErr:0
ErrPackageNum:0
TimeSkipNum:0
UpdateDataTimer is Active.
Memory info:
procs -----------memory---------- ---swap-- -----io---- --system-- -----cpu------
 r  b   swpd   free   buff  cache   si   so    bi    bo   in   cs us sy id wa st
 5  0 205920  40884   4504 216552    3    4   117    93   76  237 16 14 63  7  0



Time:2011-12-16 19:00:47
CommunicateErr:0
ErrPackageNum:0
TimeSkipNum:0
UpdateDataTimer is Active.
Memory info:
procs -----------memory---------- ---swap-- -----io---- --system-- -----cpu------
 r  b   swpd   free   buff  cache   si   so    bi    bo   in   cs us sy id wa st
 9  0 205920  40508   4520 216544    3    4   117    93   76  237 16 14 63  7  0



Time:2011-12-16 19:00:57
CommunicateErr:0
ErrPackageNum:0
TimeSkipNum:0
UpdateDataTimer is Active.
Memory info:
procs -----------memory---------- ---swap-- -----io---- --system-- -----cpu------
 r  b   swpd   free   buff  cache   si   so    bi    bo   in   cs us sy id wa st
 3  0 205920  40256   4528 216552    3    4   117    93   76  237 16 14 63  7  0



Time:2011-12-16 19:01:07
CommunicateErr:0
ErrPackageNum:0
TimeSkipNum:0
UpdateDataTimer is Active.
Memory info:
procs -----------memory---------- ---swap-- -----io---- --system-- -----cpu------
 r  b   swpd   free   buff  cache   si   so    bi    bo   in   cs us sy id wa st
 7  0 205920  39004   4568 216616    3    4   117    93   76  237 16 14 63  7  0



Time:2011-12-16 19:01:17
CommunicateErr:0
ErrPackageNum:0
TimeSkipNum:0
UpdateDataTimer is Active.
Memory info:
procs -----------memory---------- ---swap-- -----io---- --system-- -----cpu------
 r  b   swpd   free   buff  cache   si   so    bi    bo   in   cs us sy id wa st
 2  0 205920  38244   4588 216616    3    4   117    93   76  237 16 14 63  7  0



Time:2011-12-16 19:01:29
CommunicateErr:0
ErrPackageNum:0
TimeSkipNum:0
UpdateDataTimer is Active.
Memory info:
procs -----------memory---------- ---swap-- -----io---- --system-- -----cpu------
 r  b   swpd   free   buff  cache   si   so    bi    bo   in   cs us sy id wa st
 1  1 205920  10308   1544 180380    3    4   117    93   76  237 16 14 63  7  0



Time:2011-12-16 19:01:37
CommunicateErr:0
ErrPackageNum:0
TimeSkipNum:0
UpdateDataTimer is Active.
Memory info:
procs -----------memory---------- ---swap-- -----io---- --system-- -----cpu------
 r  b   swpd   free   buff  cache   si   so    bi    bo   in   cs us sy id wa st
 6  0 205920  80524   1576 178632    3    4   117    93   76  237 16 14 63  7  0



Time:2011-12-16 19:01:47
CommunicateErr:0
ErrPackageNum:0
TimeSkipNum:0
UpdateDataTimer is Active.
Memory info:
procs -----------memory---------- ---swap-- -----io---- --system-- -----cpu------
 r  b   swpd   free   buff  cache   si   so    bi    bo   in   cs us sy id wa st
 1  0 205920  82088   1588 178636    3    4   117    93   76  237 16 14 63  7  0



Time:2011-12-16 19:01:57
CommunicateErr:0
ErrPackageNum:0
TimeSkipNum:0
UpdateDataTimer is Active.
Memory info:
procs -----------memory---------- ---swap-- -----io---- --system-- -----cpu------
 r  b   swpd   free   buff  cache   si   so    bi    bo   in   cs us sy id wa st
 3  0 205920  80728   1604 178636    3    4   117    93   76  237 16 14 63  7  0



Time:2011-12-16 19:02:07
CommunicateErr:0
ErrPackageNum:0
TimeSkipNum:0
UpdateDataTimer is Active.
Memory info:
procs -----------memory---------- ---swap-- -----io---- --system-- -----cpu------
 r  b   swpd   free   buff  cache   si   so    bi    bo   in   cs us sy id wa st
 7  0 205920  82188   1624 178640    3    4   117    93   76  237 16 14 63  7  0



Time:2011-12-16 19:02:17
CommunicateErr:0
ErrPackageNum:0
TimeSkipNum:0
UpdateDataTimer is Active.
Memory info:
procs -----------memory---------- ---swap-- -----io---- --system-- -----cpu------
 r  b   swpd   free   buff  cache   si   so    bi    bo   in   cs us sy id wa st
10  0 205920  82228   1632 178640    3    4   117    93   76  237 16 14 63  7  0



Time:2011-12-16 19:02:27
CommunicateErr:0
ErrPackageNum:0
TimeSkipNum:0
UpdateDataTimer is Active.
Memory info:
procs -----------memory---------- ---swap-- -----io---- --system-- -----cpu------
 r  b   swpd   free   buff  cache   si   so    bi    bo   in   cs us sy id wa st
 8  0 205920  80616   1648 178640    3    4   117    93   76  237 16 14 63  7  0



Time:2011-12-16 19:02:37
CommunicateErr:0
ErrPackageNum:0
TimeSkipNum:0
UpdateDataTimer is Active.
Memory info:
procs -----------memory---------- ---swap-- -----io---- --system-- -----cpu------
 r  b   swpd   free   buff  cache   si   so    bi    bo   in   cs us sy id wa st
 6  0 205920  82076   1668 178644    3    4   117    93   76  237 16 14 63  7  0



Time:2011-12-16 19:02:47
CommunicateErr:0
ErrPackageNum:0
TimeSkipNum:0
UpdateDataTimer is Active.
Memory info:
procs -----------memory---------- ---swap-- -----io---- --system-- -----cpu------
 r  b   swpd   free   buff  cache   si   so    bi    bo   in   cs us sy id wa st
 9  0 205920  80616   1676 178644    3    4   117    93   76  237 16 14 63  7  0



Time:2011-12-16 19:02:57
CommunicateErr:0
ErrPackageNum:0
TimeSkipNum:0
UpdateDataTimer is Active.
Memory info:
procs -----------memory---------- ---swap-- -----io---- --system-- -----cpu------
 r  b   swpd   free   buff  cache   si   so    bi    bo   in   cs us sy id wa st
 3  0 205920  82100   1692 178644    3    4   117    93   76  237 16 14 63  7  0



Time:2011-12-16 19:03:07
CommunicateErr:0
ErrPackageNum:0
TimeSkipNum:0
UpdateDataTimer is Active.
Memory info:
procs -----------memory---------- ---swap-- -----io---- --system-- -----cpu------
 r  b   swpd   free   buff  cache   si   so    bi    bo   in   cs us sy id wa st
 6  0 205920  82108   1708 178644    3    4   117    93   76  237 16 14 63  7  0



Time:2011-12-16 19:03:17
CommunicateErr:0
ErrPackageNum:0
TimeSkipNum:0
UpdateDataTimer is Active.
Memory info:
procs -----------memory---------- ---swap-- -----io---- --system-- -----cpu------
 r  b   swpd   free   buff  cache   si   so    bi    bo   in   cs us sy id wa st
 8  0 205920  81984   1716 178644    3    4   117    93   76  237 16 14 63  7  0



Time:2011-12-16 19:03:27
CommunicateErr:0
ErrPackageNum:0
TimeSkipNum:0
UpdateDataTimer is Active.
Memory info:
procs -----------memory---------- ---swap-- -----io---- --system-- -----cpu------
 r  b   swpd   free   buff  cache   si   so    bi    bo   in   cs us sy id wa st
 1  0 205920  80976   2000 178660    3    4   117    93   76  237 16 14 63  7  0



Time:2011-12-16 19:03:37
CommunicateErr:0
ErrPackageNum:0
TimeSkipNum:0
UpdateDataTimer is Active.
Memory info:
procs -----------memory---------- ---swap-- -----io---- --system-- -----cpu------
 r  b   swpd   free   buff  cache   si   so    bi    bo   in   cs us sy id wa st
 4  1 205916  81344   2028 178672    3    4   117    93   76  237 16 14 63  7  0



Time:2011-12-16 19:03:47
CommunicateErr:0
ErrPackageNum:0
TimeSkipNum:0
UpdateDataTimer is Active.
Memory info:
procs -----------memory---------- ---swap-- -----io---- --system-- -----cpu------
 r  b   swpd   free   buff  cache   si   so    bi    bo   in   cs us sy id wa st
 3  0 205916  82788   2132 176924    3    4   117    93   76  237 16 14 63  7  0



Time:2011-12-16 19:03:57
CommunicateErr:0
ErrPackageNum:0
TimeSkipNum:0
UpdateDataTimer is Active.
Memory info:
procs -----------memory---------- ---swap-- -----io---- --system-- -----cpu------
 r  b   swpd   free   buff  cache   si   so    bi    bo   in   cs us sy id wa st
 1  0 205916  82776   2152 176924    3    4   117    93   76  238 16 14 63  7  0



Time:2011-12-16 19:04:07
CommunicateErr:0
ErrPackageNum:0
TimeSkipNum:0
UpdateDataTimer is Active.
Memory info:
procs -----------memory---------- ---swap-- -----io---- --system-- -----cpu------
 r  b   swpd   free   buff  cache   si   so    bi    bo   in   cs us sy id wa st
 7  0 205916  82996   2164 177140    3    4   117    93   76  238 16 14 63  7  0



Time:2011-12-16 19:04:17
CommunicateErr:0
ErrPackageNum:0
TimeSkipNum:0
UpdateDataTimer is Active.
Memory info:
procs -----------memory---------- ---swap-- -----io---- --system-- -----cpu------
 r  b   swpd   free   buff  cache   si   so    bi    bo   in   cs us sy id wa st
 7  0 205916  82996   2180 177140    3    4   117    93   76  238 16 14 63  7  0



Time:2011-12-16 19:04:27
CommunicateErr:0
ErrPackageNum:0
TimeSkipNum:0
UpdateDataTimer is Active.
Memory info:
procs -----------memory---------- ---swap-- -----io---- --system-- -----cpu------
 r  b   swpd   free   buff  cache   si   so    bi    bo   in   cs us sy id wa st
 5  0 205916  82996   2188 177144    3    4   117    93   76  238 16 14 63  7  0



Time:2011-12-16 19:04:37
CommunicateErr:0
ErrPackageNum:0
TimeSkipNum:0
UpdateDataTimer is Active.
Memory info:
procs -----------memory---------- ---swap-- -----io---- --system-- -----cpu------
 r  b   swpd   free   buff  cache   si   so    bi    bo   in   cs us sy id wa st
 8  0 205916  82996   2204 177144    3    4   117    93   76  238 16 14 63  7  0



Time:2011-12-16 19:04:47
CommunicateErr:0
ErrPackageNum:0
TimeSkipNum:0
UpdateDataTimer is Active.
Memory info:
procs -----------memory---------- ---swap-- -----io---- --system-- -----cpu------
 r  b   swpd   free   buff  cache   si   so    bi    bo   in   cs us sy id wa st
 6  0 205916  82520   2220 177144    3    4   117    93   76  238 16 14 63  7  0



Time:2011-12-16 19:04:57
CommunicateErr:0
ErrPackageNum:0
TimeSkipNum:0
UpdateDataTimer is Active.
Memory info:
procs -----------memory---------- ---swap-- -----io---- --system-- -----cpu------
 r  b   swpd   free   buff  cache   si   so    bi    bo   in   cs us sy id wa st
 6  0 205916  83004   2228 177144    3    4   117    93   76  238 16 14 63  7  0



Time:2011-12-16 19:05:07
CommunicateErr:0
ErrPackageNum:0
TimeSkipNum:0
UpdateDataTimer is Active.
Memory info:
procs -----------memory---------- ---swap-- -----io---- --system-- -----cpu------
 r  b   swpd   free   buff  cache   si   so    bi    bo   in   cs us sy id wa st
 8  0 205916  81432   2244 177144    3    4   117    93   76  238 16 14 63  7  0



Time:2011-12-16 19:05:17
CommunicateErr:0
ErrPackageNum:0
TimeSkipNum:0
UpdateDataTimer is Active.
Memory info:
procs -----------memory---------- ---swap-- -----io---- --system-- -----cpu------
 r  b   swpd   free   buff  cache   si   so    bi    bo   in   cs us sy id wa st
 5  0 205916  81420   2260 177144    3    4   117    93   76  238 16 14 63  7  0



Time:2011-12-16 19:05:27
CommunicateErr:0
ErrPackageNum:0
TimeSkipNum:0
UpdateDataTimer is Active.
Memory info:
procs -----------memory---------- ---swap-- -----io---- --system-- -----cpu------
 r  b   swpd   free   buff  cache   si   so    bi    bo   in   cs us sy id wa st
 7  0 205916  81420   2268 177144    3    4   117    93   76  238 16 14 63  7  0



Time:2011-12-16 19:05:37
CommunicateErr:0
ErrPackageNum:0
TimeSkipNum:0
UpdateDataTimer is Active.
Memory info:
procs -----------memory---------- ---swap-- -----io---- --system-- -----cpu------
 r  b   swpd   free   buff  cache   si   so    bi    bo   in   cs us sy id wa st
 3  0 205916  82904   2284 177148    3    4   117    93   76  238 16 14 63  7  0



Time:2011-12-16 19:05:47
CommunicateErr:0
ErrPackageNum:0
TimeSkipNum:0
UpdateDataTimer is Active.
Memory info:
procs -----------memory---------- ---swap-- -----io---- --system-- -----cpu------
 r  b   swpd   free   buff  cache   si   so    bi    bo   in   cs us sy id wa st
 3  0 205916  82904   2300 177148    3    4   117    93   76  238 16 14 63  7  0



Time:2011-12-16 19:05:57
CommunicateErr:0
ErrPackageNum:0
TimeSkipNum:0
UpdateDataTimer is Active.
Memory info:
procs -----------memory---------- ---swap-- -----io---- --system-- -----cpu------
 r  b   swpd   free   buff  cache   si   so    bi    bo   in   cs us sy id wa st
10  0 205916  82904   2308 177152    3    4   117    93   76  238 16 14 63  7  0



Time:2011-12-16 19:06:07
CommunicateErr:0
ErrPackageNum:0
TimeSkipNum:0
UpdateDataTimer is Active.
Memory info:
procs -----------memory---------- ---swap-- -----io---- --system-- -----cpu------
 r  b   swpd   free   buff  cache   si   so    bi    bo   in   cs us sy id wa st
 8  0 205916  82556   2328 177152    3    4   117    93   76  238 16 14 63  7  0



Time:2011-12-16 19:06:17
CommunicateErr:0
ErrPackageNum:0
TimeSkipNum:0
UpdateDataTimer is Active.
Memory info:
procs -----------memory---------- ---swap-- -----io---- --system-- -----cpu------
 r  b   swpd   free   buff  cache   si   so    bi    bo   in   cs us sy id wa st
 9  0 205916  30932   2376 179128    3    4   117    93   76  238 16 14 63  7  0



Time:2011-12-16 19:06:27
CommunicateErr:0
ErrPackageNum:0
TimeSkipNum:0
UpdateDataTimer is Active.
Memory info:
procs -----------memory---------- ---swap-- -----io---- --system-- -----cpu------
 r  b   swpd   free   buff  cache   si   so    bi    bo   in   cs us sy id wa st
 9  0 205916  76984   2508 152116    3    4   117    93   76  238 16 14 63  7  0



Time:2011-12-16 19:06:37
CommunicateErr:0
ErrPackageNum:0
TimeSkipNum:0
UpdateDataTimer is Active.
Memory info:
procs -----------memory---------- ---swap-- -----io---- --system-- -----cpu------
 r  b   swpd   free   buff  cache   si   so    bi    bo   in   cs us sy id wa st
 5  1 205916  56228   2628 187000    3    4   117    94   76  238 16 14 63  7  0



Time:2011-12-16 19:06:47
CommunicateErr:0
ErrPackageNum:0
TimeSkipNum:0
UpdateDataTimer is Active.
Memory info:
procs -----------memory---------- ---swap-- -----io---- --system-- -----cpu------
 r  b   swpd   free   buff  cache   si   so    bi    bo   in   cs us sy id wa st
 5  0 205916  50020   2672 189388    3    4   117    94   76  238 16 14 63  7  0



Time:2011-12-16 19:06:57
CommunicateErr:0
ErrPackageNum:0
TimeSkipNum:0
UpdateDataTimer is Active.
Memory info:
procs -----------memory---------- ---swap-- -----io---- --system-- -----cpu------
 r  b   swpd   free   buff  cache   si   so    bi    bo   in   cs us sy id wa st
 5  0 205916  50152   2688 189388    3    4   117    94   76  238 16 14 63  7  0



Time:2011-12-16 19:07:07
CommunicateErr:0
ErrPackageNum:0
TimeSkipNum:0
UpdateDataTimer is Active.
Memory info:
procs -----------memory---------- ---swap-- -----io---- --system-- -----cpu------
 r  b   swpd   free   buff  cache   si   so    bi    bo   in   cs us sy id wa st
 7  0 205916  46072   2704 189764    3    4   117    94   76  238 16 14 63  7  0



Time:2011-12-16 19:07:17
CommunicateErr:0
ErrPackageNum:0
TimeSkipNum:0
UpdateDataTimer is Active.
Memory info:
procs -----------memory---------- ---swap-- -----io---- --system-- -----cpu------
 r  b   swpd   free   buff  cache   si   so    bi    bo   in   cs us sy id wa st
 5  0 205916  40200   2732 190460    3    4   117    94   76  238 16 14 63  7  0



Time:2011-12-16 19:07:27
CommunicateErr:0
ErrPackageNum:0
TimeSkipNum:0
UpdateDataTimer is Active.
Memory info:
procs -----------memory---------- ---swap-- -----io---- --system-- -----cpu------
 r  b   swpd   free   buff  cache   si   so    bi    bo   in   cs us sy id wa st
 7  0 205916  41716   2788 191856    3    4   117    94   76  238 16 14 63  7  0



Time:2011-12-16 19:07:37
CommunicateErr:0
ErrPackageNum:0
TimeSkipNum:0
UpdateDataTimer is Active.
Memory info:
procs -----------memory---------- ---swap-- -----io---- --system-- -----cpu------
 r  b   swpd   free   buff  cache   si   so    bi    bo   in   cs us sy id wa st
 7  0 205916  40256   2800 191896    3    4   117    94   76  238 16 14 63  7  0



Time:2011-12-16 19:07:47
CommunicateErr:0
ErrPackageNum:0
TimeSkipNum:0
UpdateDataTimer is Active.
Memory info:
procs -----------memory---------- ---swap-- -----io---- --system-- -----cpu------
 r  b   swpd   free   buff  cache   si   so    bi    bo   in   cs us sy id wa st
 1  0 205916  41616   2816 191896    3    4   117    94   76  238 16 14 63  7  0



Time:2011-12-16 19:07:57
CommunicateErr:0
ErrPackageNum:0
TimeSkipNum:0
UpdateDataTimer is Active.
Memory info:
procs -----------memory---------- ---swap-- -----io---- --system-- -----cpu------
 r  b   swpd   free   buff  cache   si   so    bi    bo   in   cs us sy id wa st
 6  0 205916  39884   2836 192160    3    4   117    94   76  238 16 14 63  7  0



Time:2011-12-16 19:08:07
CommunicateErr:0
ErrPackageNum:0
TimeSkipNum:0
UpdateDataTimer is Active.
Memory info:
procs -----------memory---------- ---swap-- -----io---- --system-- -----cpu------
 r  b   swpd   free   buff  cache   si   so    bi    bo   in   cs us sy id wa st
 8  1 205916  41492   2844 192160    3    4   117    94   76  238 16 14 63  7  0



Time:2011-12-16 19:08:17
CommunicateErr:0
ErrPackageNum:0
TimeSkipNum:0
UpdateDataTimer is Active.
Memory info:
procs -----------memory---------- ---swap-- -----io---- --system-- -----cpu------
 r  b   swpd   free   buff  cache   si   so    bi    bo   in   cs us sy id wa st
 5  0 205916  41368   2860 192164    3    4   117    94   76  238 16 14 63  7  0



Time:2011-12-16 19:08:27
CommunicateErr:0
ErrPackageNum:0
TimeSkipNum:0
UpdateDataTimer is Active.
Memory info:
procs -----------memory---------- ---swap-- -----io---- --system-- -----cpu------
 r  b   swpd   free   buff  cache   si   so    bi    bo   in   cs us sy id wa st
 7  0 205916  41384   2876 192164    3    4   117    94   76  238 16 14 63  7  0



Time:2011-12-16 19:08:37
CommunicateErr:0
ErrPackageNum:0
TimeSkipNum:0
UpdateDataTimer is Active.
Memory info:
procs -----------memory---------- ---swap-- -----io---- --system-- -----cpu------
 r  b   swpd   free   buff  cache   si   so    bi    bo   in   cs us sy id wa st
 1  0 205916  40988   2892 192168    3    4   117    93   76  239 16 14 63  7  0



Time:2011-12-16 19:08:47
CommunicateErr:0
ErrPackageNum:0
TimeSkipNum:0
UpdateDataTimer is Active.
Memory info:
procs -----------memory---------- ---swap-- -----io---- --system-- -----cpu------
 r  b   swpd   free   buff  cache   si   so    bi    bo   in   cs us sy id wa st
 7  0 205916  40368   2908 192168    3    4   117    93   76  239 16 14 63  7  0



Time:2011-12-16 19:08:57
CommunicateErr:0
ErrPackageNum:0
TimeSkipNum:0
UpdateDataTimer is Active.
Memory info:
procs -----------memory---------- ---swap-- -----io---- --system-- -----cpu------
 r  b   swpd   free   buff  cache   si   so    bi    bo   in   cs us sy id wa st
 1  0 205916  40352   2924 192168    3    4   117    93   76  239 16 14 63  7  0



Time:2011-12-16 19:09:07
CommunicateErr:0
ErrPackageNum:0
TimeSkipNum:0
UpdateDataTimer is Active.
Memory info:
procs -----------memory---------- ---swap-- -----io---- --system-- -----cpu------
 r  b   swpd   free   buff  cache   si   so    bi    bo   in   cs us sy id wa st
 6  0 205916  40368   2940 192168    3    4   117    93   76  239 16 14 63  7  0



Time:2011-12-16 19:09:17
CommunicateErr:0
ErrPackageNum:0
TimeSkipNum:0
UpdateDataTimer is Active.
Memory info:
procs -----------memory---------- ---swap-- -----io---- --system-- -----cpu------
 r  b   swpd   free   buff  cache   si   so    bi    bo   in   cs us sy id wa st
 6  0 205916  38264   2948 192172    3    4   117    93   76  239 16 14 63  7  0



Time:2011-12-16 19:09:27
CommunicateErr:0
ErrPackageNum:0
TimeSkipNum:0
UpdateDataTimer is Active.
Memory info:
procs -----------memory---------- ---swap-- -----io---- --system-- -----cpu------
 r  b   swpd   free   buff  cache   si   so    bi    bo   in   cs us sy id wa st
 0  0 205916  39512   2964 192172    3    4   117    93   76  239 16 14 63  7  0



Time:2011-12-16 19:09:37
CommunicateErr:0
ErrPackageNum:0
TimeSkipNum:0
UpdateDataTimer is Active.
Memory info:
procs -----------memory---------- ---swap-- -----io---- --system-- -----cpu------
 r  b   swpd   free   buff  cache   si   so    bi    bo   in   cs us sy id wa st
 6  0 205916  38148   2980 192172    3    4   117    93   76  239 16 14 63  7  0



Time:2011-12-16 19:09:47
CommunicateErr:0
ErrPackageNum:0
TimeSkipNum:0
UpdateDataTimer is Active.
Memory info:
procs -----------memory---------- ---swap-- -----io---- --system-- -----cpu------
 r  b   swpd   free   buff  cache   si   so    bi    bo   in   cs us sy id wa st
 2  0 205916  39504   2996 192176    3    4   117    93   76  239 16 14 63  7  0



Time:2011-12-16 19:09:57
CommunicateErr:0
ErrPackageNum:0
TimeSkipNum:0
UpdateDataTimer is Active.
Memory info:
procs -----------memory---------- ---swap-- -----io---- --system-- -----cpu------
 r  b   swpd   free   buff  cache   si   so    bi    bo   in   cs us sy id wa st
 5  0 205916  39756   3004 192176    3    4   117    93   76  239 16 14 63  7  0



Time:2011-12-16 19:10:07
CommunicateErr:0
ErrPackageNum:0
TimeSkipNum:0
UpdateDataTimer is Active.
Memory info:
procs -----------memory---------- ---swap-- -----io---- --system-- -----cpu------
 r  b   swpd   free   buff  cache   si   so    bi    bo   in   cs us sy id wa st
11  0 205916  36380   3036 192564    3    4   117    93   76  239 16 14 63  7  0



Time:2011-12-16 19:10:17
CommunicateErr:0
ErrPackageNum:0
TimeSkipNum:0
UpdateDataTimer is Active.
Memory info:
procs -----------memory---------- ---swap-- -----io---- --system-- -----cpu------
 r  b   swpd   free   buff  cache   si   so    bi    bo   in   cs us sy id wa st
 9  0 205916  37596   3052 192556    3    4   117    93   76  239 16 14 63  7  0



Time:2011-12-16 19:10:27
CommunicateErr:0
ErrPackageNum:0
TimeSkipNum:0
UpdateDataTimer is Active.
Memory info:
procs -----------memory---------- ---swap-- -----io---- --system-- -----cpu------
 r  b   swpd   free   buff  cache   si   so    bi    bo   in   cs us sy id wa st
 2  0 205916  38940   3068 192560    3    4   117    93   76  239 16 14 63  7  0



Time:2011-12-16 19:10:37
CommunicateErr:0
ErrPackageNum:0
TimeSkipNum:0
UpdateDataTimer is Active.
Memory info:
procs -----------memory---------- ---swap-- -----io---- --system-- -----cpu------
 r  b   swpd   free   buff  cache   si   so    bi    bo   in   cs us sy id wa st
 6  0 205916  39088   3084 192552    3    4   117    93   76  239 16 14 63  7  0



Time:2011-12-16 19:10:47
CommunicateErr:0
ErrPackageNum:0
TimeSkipNum:0
UpdateDataTimer is Active.
Memory info:
procs -----------memory---------- ---swap-- -----io---- --system-- -----cpu------
 r  b   swpd   free   buff  cache   si   so    bi    bo   in   cs us sy id wa st
 6  0 205916  37472   3096 192560    3    4   117    93   76  239 16 14 63  7  0



Time:2011-12-16 19:10:57
CommunicateErr:0
ErrPackageNum:0
TimeSkipNum:0
UpdateDataTimer is Active.
Memory info:
procs -----------memory---------- ---swap-- -----io---- --system-- -----cpu------
 r  b   swpd   free   buff  cache   si   so    bi    bo   in   cs us sy id wa st
 2  0 205916  37512   3112 192560    3    4   117    93   76  239 16 14 63  7  0



Time:2011-12-16 19:11:07
CommunicateErr:0
ErrPackageNum:0
TimeSkipNum:0
UpdateDataTimer is Active.
Memory info:
procs -----------memory---------- ---swap-- -----io---- --system-- -----cpu------
 r  b   swpd   free   buff  cache   si   so    bi    bo   in   cs us sy id wa st
 7  0 205916  37612   3128 192560    3    4   117    93   76  239 16 14 63  7  0



Time:2011-12-16 19:11:17
CommunicateErr:0
ErrPackageNum:0
TimeSkipNum:0
UpdateDataTimer is Active.
Memory info:
procs -----------memory---------- ---swap-- -----io---- --system-- -----cpu------
 r  b   swpd   free   buff  cache   si   so    bi    bo   in   cs us sy id wa st
 2  0 205916  37484   3144 192556    3    4   117    93   76  239 16 14 63  7  0



Time:2011-12-16 19:11:27
CommunicateErr:0
ErrPackageNum:0
TimeSkipNum:0
UpdateDataTimer is Active.
Memory info:
procs -----------memory---------- ---swap-- -----io---- --system-- -----cpu------
 r  b   swpd   free   buff  cache   si   so    bi    bo   in   cs us sy id wa st
 6  0 205916  37484   3152 192564    3    4   117    93   76  239 16 14 63  7  0



Time:2011-12-16 19:11:37
CommunicateErr:0
ErrPackageNum:0
TimeSkipNum:0
UpdateDataTimer is Active.
Memory info:
procs -----------memory---------- ---swap-- -----io---- --system-- -----cpu------
 r  b   swpd   free   buff  cache   si   so    bi    bo   in   cs us sy id wa st
 5  0 205916  36712   3168 192568    3    4   117    93   76  240 16 14 63  7  0



Time:2011-12-16 19:11:47
CommunicateErr:0
ErrPackageNum:0
TimeSkipNum:0
UpdateDataTimer is Active.
Memory info:
procs -----------memory---------- ---swap-- -----io---- --system-- -----cpu------
 r  b   swpd   free   buff  cache   si   so    bi    bo   in   cs us sy id wa st
 5  0 205916  36588   3184 192568    3    4   117    93   76  240 16 14 63  7  0



Time:2011-12-16 19:11:57
CommunicateErr:0
ErrPackageNum:0
TimeSkipNum:0
UpdateDataTimer is Active.
Memory info:
procs -----------memory---------- ---swap-- -----io---- --system-- -----cpu------
 r  b   swpd   free   buff  cache   si   so    bi    bo   in   cs us sy id wa st
 1  0 205916  36712   3200 192560    3    4   117    93   76  240 16 14 63  7  0



Time:2011-12-16 19:12:07
CommunicateErr:0
ErrPackageNum:0
TimeSkipNum:0
UpdateDataTimer is Active.
Memory info:
procs -----------memory---------- ---swap-- -----io---- --system-- -----cpu------
 r  b   swpd   free   buff  cache   si   so    bi    bo   in   cs us sy id wa st
 6  1 205916  36600   3208 192572    3    4   117    93   76  240 16 14 63  7  0



Time:2011-12-16 19:12:17
CommunicateErr:0
ErrPackageNum:0
TimeSkipNum:0
UpdateDataTimer is Active.
Memory info:
procs -----------memory---------- ---swap-- -----io---- --system-- -----cpu------
 r  b   swpd   free   buff  cache   si   so    bi    bo   in   cs us sy id wa st
 1  0 205916  36616   3224 192572    3    4   117    93   76  240 16 14 63  7  0



Time:2011-12-16 19:12:27
CommunicateErr:0
ErrPackageNum:0
TimeSkipNum:0
UpdateDataTimer is Active.
Memory info:
procs -----------memory---------- ---swap-- -----io---- --system-- -----cpu------
 r  b   swpd   free   buff  cache   si   so    bi    bo   in   cs us sy id wa st
 1  0 205916  37828   3240 192576    3    4   117    93   76  240 16 14 63  7  0



Time:2011-12-16 19:12:37
CommunicateErr:0
ErrPackageNum:0
TimeSkipNum:0
UpdateDataTimer is Active.
Memory info:
procs -----------memory---------- ---swap-- -----io---- --system-- -----cpu------
 r  b   swpd   free   buff  cache   si   so    bi    bo   in   cs us sy id wa st
 6  0 205916  36596   3256 192576    3    4   117    93   76  240 16 14 63  7  0



Time:2011-12-16 19:12:47
CommunicateErr:0
ErrPackageNum:0
TimeSkipNum:0
UpdateDataTimer is Active.
Memory info:
procs -----------memory---------- ---swap-- -----io---- --system-- -----cpu------
 r  b   swpd   free   buff  cache   si   so    bi    bo   in   cs us sy id wa st
 8  0 205916  36596   3264 192576    3    4   117    93   76  240 16 14 63  7  0



Time:2011-12-16 19:12:57
CommunicateErr:0
ErrPackageNum:0
TimeSkipNum:0
UpdateDataTimer is Active.
Memory info:
procs -----------memory---------- ---swap-- -----io---- --system-- -----cpu------
 r  b   swpd   free   buff  cache   si   so    bi    bo   in   cs us sy id wa st
 8  0 205916  36492   3280 192576    3    4   116    93   76  240 16 14 63  7  0



Time:2011-12-16 19:13:07
CommunicateErr:0
ErrPackageNum:0
TimeSkipNum:0
UpdateDataTimer is Active.
Memory info:
procs -----------memory---------- ---swap-- -----io---- --system-- -----cpu------
 r  b   swpd   free   buff  cache   si   so    bi    bo   in   cs us sy id wa st
 5  0 205916  37980   3296 192580    3    4   116    93   76  240 16 14 63  7  0



Time:2011-12-16 19:13:17
CommunicateErr:0
ErrPackageNum:0
TimeSkipNum:0
UpdateDataTimer is Active.
Memory info:
procs -----------memory---------- ---swap-- -----io---- --system-- -----cpu------
 r  b   swpd   free   buff  cache   si   so    bi    bo   in   cs us sy id wa st
 1  0 205916  36504   3304 192580    3    4   116    93   76  240 16 14 63  7  0



Time:2011-12-16 19:13:27
CommunicateErr:0
ErrPackageNum:0
TimeSkipNum:0
UpdateDataTimer is Active.
Memory info:
procs -----------memory---------- ---swap-- -----io---- --system-- -----cpu------
 r  b   swpd   free   buff  cache   si   so    bi    bo   in   cs us sy id wa st
 6  0 205916  36496   3320 192580    3    4   116    93   76  240 16 14 63  7  0



Time:2011-12-16 19:13:37
CommunicateErr:0
ErrPackageNum:0
TimeSkipNum:0
UpdateDataTimer is Active.
Memory info:
procs -----------memory---------- ---swap-- -----io---- --system-- -----cpu------
 r  b   swpd   free   buff  cache   si   so    bi    bo   in   cs us sy id wa st
 7  0 205916  37932   3340 192584    3    4   116    93   76  240 16 14 63  7  0



Time:2011-12-16 19:13:47
CommunicateErr:0
ErrPackageNum:0
TimeSkipNum:0
UpdateDataTimer is Active.
Memory info:
procs -----------memory---------- ---swap-- -----io---- --system-- -----cpu------
 r  b   swpd   free   buff  cache   si   so    bi    bo   in   cs us sy id wa st
 6  0 205916  36456   3348 192584    3    4   116    93   76  240 16 14 63  7  0



Time:2011-12-16 19:13:57
CommunicateErr:0
ErrPackageNum:0
TimeSkipNum:0
UpdateDataTimer is Active.
Memory info:
procs -----------memory---------- ---swap-- -----io---- --system-- -----cpu------
 r  b   swpd   free   buff  cache   si   so    bi    bo   in   cs us sy id wa st
 7  0 205916  37972   3364 192588    3    4   116    93   76  240 16 14 63  7  0



Time:2011-12-16 19:14:07
CommunicateErr:0
ErrPackageNum:0
TimeSkipNum:0
UpdateDataTimer is Active.
Memory info:
procs -----------memory---------- ---swap-- -----io---- --system-- -----cpu------
 r  b   swpd   free   buff  cache   si   so    bi    bo   in   cs us sy id wa st
 7  0 205916  37848   3380 192588    3    4   116    93   76  240 16 14 63  7  0



Time:2011-12-16 19:14:17
CommunicateErr:0
ErrPackageNum:0
TimeSkipNum:0
UpdateDataTimer is Active.
Memory info:
procs -----------memory---------- ---swap-- -----io---- --system-- -----cpu------
 r  b   swpd   free   buff  cache   si   so    bi    bo   in   cs us sy id wa st
 7  0 205916  37832   3396 192584    3    4   116    93   76  240 16 14 63  7  0



Time:2011-12-16 19:14:27
CommunicateErr:0
ErrPackageNum:0
TimeSkipNum:0
UpdateDataTimer is Active.
Memory info:
procs -----------memory---------- ---swap-- -----io---- --system-- -----cpu------
 r  b   swpd   free   buff  cache   si   so    bi    bo   in   cs us sy id wa st
 7  0 205916  36364   3412 192584    3    4   116    93   76  240 16 14 63  7  0



Time:2011-12-16 19:14:37
CommunicateErr:0
ErrPackageNum:0
TimeSkipNum:0
UpdateDataTimer is Active.
Memory info:
procs -----------memory---------- ---swap-- -----io---- --system-- -----cpu------
 r  b   swpd   free   buff  cache   si   so    bi    bo   in   cs us sy id wa st
 6  0 205916  37848   3420 192592    3    4   116    93   76  240 16 14 63  7  0



Time:2011-12-16 19:14:47
CommunicateErr:0
ErrPackageNum:0
TimeSkipNum:0
UpdateDataTimer is Active.
Memory info:
procs -----------memory---------- ---swap-- -----io---- --system-- -----cpu------
 r  b   swpd   free   buff  cache   si   so    bi    bo   in   cs us sy id wa st
 0  0 205916  37596   3436 192592    3    4   116    93   76  240 16 14 63  7  0



Time:2011-12-16 19:14:57
CommunicateErr:0
ErrPackageNum:0
TimeSkipNum:0
UpdateDataTimer is Active.
Memory info:
procs -----------memory---------- ---swap-- -----io---- --system-- -----cpu------
 r  b   swpd   free   buff  cache   si   so    bi    bo   in   cs us sy id wa st
 8  0 205916  37848   3452 192592    3    4   116    93   76  240 16 14 63  7  0



Time:2011-12-16 19:15:07
CommunicateErr:0
ErrPackageNum:0
TimeSkipNum:0
UpdateDataTimer is Active.
Memory info:
procs -----------memory---------- ---swap-- -----io---- --system-- -----cpu------
 r  b   swpd   free   buff  cache   si   so    bi    bo   in   cs us sy id wa st
 6  0 205916  36364   3468 192588    3    4   116    93   76  240 16 14 63  7  0



Time:2011-12-16 19:15:17
CommunicateErr:0
ErrPackageNum:0
TimeSkipNum:0
UpdateDataTimer is Active.
Memory info:
procs -----------memory---------- ---swap-- -----io---- --system-- -----cpu------
 r  b   swpd   free   buff  cache   si   so    bi    bo   in   cs us sy id wa st
 5  0 205916  36348   3476 192596    3    4   116    93   76  240 16 14 63  7  0



Time:2011-12-16 19:15:27
CommunicateErr:0
ErrPackageNum:0
TimeSkipNum:0
UpdateDataTimer is Active.
Memory info:
procs -----------memory---------- ---swap-- -----io---- --system-- -----cpu------
 r  b   swpd   free   buff  cache   si   so    bi    bo   in   cs us sy id wa st
 6  0 205916  37832   3492 192600    3    4   116    93   76  240 16 14 63  7  0



Time:2011-12-16 19:15:37
CommunicateErr:0
ErrPackageNum:0
TimeSkipNum:0
UpdateDataTimer is Active.
Memory info:
procs -----------memory---------- ---swap-- -----io---- --system-- -----cpu------
 r  b   swpd   free   buff  cache   si   so    bi    bo   in   cs us sy id wa st
 6  0 205916  37740   3508 192600    3    4   116    93   76  240 16 14 63  7  0



Time:2011-12-16 19:15:47
CommunicateErr:0
ErrPackageNum:0
TimeSkipNum:0
UpdateDataTimer is Active.
Memory info:
procs -----------memory---------- ---swap-- -----io---- --system-- -----cpu------
 r  b   swpd   free   buff  cache   si   so    bi    bo   in   cs us sy id wa st
 6  1 205916  37740   3516 192600    3    4   116    93   76  240 16 14 63  7  0



Time:2011-12-16 19:15:57
CommunicateErr:0
ErrPackageNum:0
TimeSkipNum:0
UpdateDataTimer is Active.
Memory info:
procs -----------memory---------- ---swap-- -----io---- --system-- -----cpu------
 r  b   swpd   free   buff  cache   si   so    bi    bo   in   cs us sy id wa st
 7  0 205916  36256   3532 192604    3    4   116    93   76  240 16 14 63  7  0



Time:2011-12-16 19:16:07
CommunicateErr:0
ErrPackageNum:0
TimeSkipNum:0
UpdateDataTimer is Active.
Memory info:
procs -----------memory---------- ---swap-- -----io---- --system-- -----cpu------
 r  b   swpd   free   buff  cache   si   so    bi    bo   in   cs us sy id wa st
 5  0 205916  36256   3548 192604    3    4   116    93   76  240 16 14 63  7  0



Time:2011-12-16 19:16:17
CommunicateErr:0
ErrPackageNum:0
TimeSkipNum:0
UpdateDataTimer is Active.
Memory info:
procs -----------memory---------- ---swap-- -----io---- --system-- -----cpu------
 r  b   swpd   free   buff  cache   si   so    bi    bo   in   cs us sy id wa st
 3  0 205916  36256   3564 192608    3    4   116    93   76  241 16 14 63  7  0



Time:2011-12-16 19:16:27
CommunicateErr:0
ErrPackageNum:0
TimeSkipNum:0
UpdateDataTimer is Active.
Memory info:
procs -----------memory---------- ---swap-- -----io---- --system-- -----cpu------
 r  b   swpd   free   buff  cache   si   so    bi    bo   in   cs us sy id wa st
 6  0 205916  36256   3572 192608    3    4   116    93   76  241 16 14 63  7  0



Time:2011-12-16 19:16:37
CommunicateErr:0
ErrPackageNum:0
TimeSkipNum:0
UpdateDataTimer is Active.
Memory info:
procs -----------memory---------- ---swap-- -----io---- --system-- -----cpu------
 r  b   swpd   free   buff  cache   si   so    bi    bo   in   cs us sy id wa st
 7  0 205916  38700   3592 192608    3    4   116    93   76  241 16 14 63  7  0



Time:2011-12-16 19:16:47
CommunicateErr:0
ErrPackageNum:0
TimeSkipNum:0
UpdateDataTimer is Active.
Memory info:
procs -----------memory---------- ---swap-- -----io---- --system-- -----cpu------
 r  b   swpd   free   buff  cache   si   so    bi    bo   in   cs us sy id wa st
 2  0 205916  36832   3608 192608    3    4   116    93   76  241 16 14 63  7  0



Time:2011-12-16 19:16:57
CommunicateErr:0
ErrPackageNum:0
TimeSkipNum:0
UpdateDataTimer is Active.
Memory info:
procs -----------memory---------- ---swap-- -----io---- --system-- -----cpu------
 r  b   swpd   free   buff  cache   si   so    bi    bo   in   cs us sy id wa st
 8  0 205916  36480   3624 192612    3    4   116    93   76  241 16 14 63  7  0



Time:2011-12-16 19:17:07
CommunicateErr:0
ErrPackageNum:0
TimeSkipNum:0
UpdateDataTimer is Active.
Memory info:
procs -----------memory---------- ---swap-- -----io---- --system-- -----cpu------
 r  b   swpd   free   buff  cache   si   so    bi    bo   in   cs us sy id wa st
 9  0 205916  38416   3640 192604    3    4   116    93   76  241 16 14 63  7  0



Time:2011-12-16 19:17:18
CommunicateErr:0
ErrPackageNum:0
TimeSkipNum:0
UpdateDataTimer is Active.
Memory info:
procs -----------memory---------- ---swap-- -----io---- --system-- -----cpu------
 r  b   swpd   free   buff  cache   si   so    bi    bo   in   cs us sy id wa st
 5  0 205916  37788   3656 192604    3    4   116    93   76  241 16 14 63  7  0



Time:2011-12-16 19:17:27
CommunicateErr:0
ErrPackageNum:0
TimeSkipNum:0
UpdateDataTimer is Active.
Memory info:
procs -----------memory---------- ---swap-- -----io---- --system-- -----cpu------
 r  b   swpd   free   buff  cache   si   so    bi    bo   in   cs us sy id wa st
 8  0 205916  36792   3664 192616    3    4   116    93   76  241 16 14 63  7  0



Time:2011-12-16 19:17:37
CommunicateErr:0
ErrPackageNum:0
TimeSkipNum:0
UpdateDataTimer is Active.
Memory info:
procs -----------memory---------- ---swap-- -----io---- --system-- -----cpu------
 r  b   swpd   free   buff  cache   si   so    bi    bo   in   cs us sy id wa st
 6  0 205916  36432   3680 192616    3    4   116    93   76  241 16 14 63  7  0



Time:2011-12-16 19:17:47
CommunicateErr:0
ErrPackageNum:0
TimeSkipNum:0
UpdateDataTimer is Active.
Memory info:
procs -----------memory---------- ---swap-- -----io---- --system-- -----cpu------
 r  b   swpd   free   buff  cache   si   so    bi    bo   in   cs us sy id wa st
 2  0 205916  36320   3696 192620    3    4   116    93   76  241 16 14 63  7  0



Time:2011-12-16 19:17:57
CommunicateErr:0
ErrPackageNum:0
TimeSkipNum:0
UpdateDataTimer is Active.
Memory info:
procs -----------memory---------- ---swap-- -----io---- --system-- -----cpu------
 r  b   swpd   free   buff  cache   si   so    bi    bo   in   cs us sy id wa st
 4  0 205916  38328   3712 192612    3    4   116    93   76  241 16 14 63  7  0



Time:2011-12-16 19:18:07
CommunicateErr:0
ErrPackageNum:0
TimeSkipNum:0
UpdateDataTimer is Active.
Memory info:
procs -----------memory---------- ---swap-- -----io---- --system-- -----cpu------
 r  b   swpd   free   buff  cache   si   so    bi    bo   in   cs us sy id wa st
 3  0 205916  38336   3720 192624    3    4   116    93   76  241 16 14 63  7  0



Time:2011-12-16 19:18:17
CommunicateErr:0
ErrPackageNum:0
TimeSkipNum:0
UpdateDataTimer is Active.
Memory info:
procs -----------memory---------- ---swap-- -----io---- --system-- -----cpu------
 r  b   swpd   free   buff  cache   si   so    bi    bo   in   cs us sy id wa st
 6  0 205916  38336   3736 192624    3    4   116    93   76  241 16 14 63  7  0



Time:2011-12-16 19:18:27
CommunicateErr:0
ErrPackageNum:0
TimeSkipNum:0
UpdateDataTimer is Active.
Memory info:
procs -----------memory---------- ---swap-- -----io---- --system-- -----cpu------
 r  b   swpd   free   buff  cache   si   so    bi    bo   in   cs us sy id wa st
 1  0 205916  38336   3752 192624    3    4   116    93   76  241 16 14 63  7  0



Time:2011-12-16 19:18:37
CommunicateErr:0
ErrPackageNum:0
TimeSkipNum:0
UpdateDataTimer is Active.
Memory info:
procs -----------memory---------- ---swap-- -----io---- --system-- -----cpu------
 r  b   swpd   free   buff  cache   si   so    bi    bo   in   cs us sy id wa st
 1  0 205916  38212   3768 192624    3    4   116    93   76  241 16 14 63  7  0



Time:2011-12-16 19:18:47
CommunicateErr:0
ErrPackageNum:0
TimeSkipNum:0
UpdateDataTimer is Active.
Memory info:
procs -----------memory---------- ---swap-- -----io---- --system-- -----cpu------
 r  b   swpd   free   buff  cache   si   so    bi    bo   in   cs us sy id wa st
 0  0 205916  38212   3776 192624    3    4   116    93   76  241 16 14 63  7  0



Time:2011-12-16 19:18:57
CommunicateErr:0
ErrPackageNum:0
TimeSkipNum:0
UpdateDataTimer is Active.
Memory info:
procs -----------memory---------- ---swap-- -----io---- --system-- -----cpu------
 r  b   swpd   free   buff  cache   si   so    bi    bo   in   cs us sy id wa st
 0  0 205916  38212   3792 192628    3    4   116    93   76  241 16 14 63  7  0



Time:2011-12-16 19:19:07
CommunicateErr:0
ErrPackageNum:0
TimeSkipNum:0
UpdateDataTimer is Active.
Memory info:
procs -----------memory---------- ---swap-- -----io---- --system-- -----cpu------
 r  b   swpd   free   buff  cache   si   so    bi    bo   in   cs us sy id wa st
 5  0 205916  38184   3808 192628    3    4   116    93   76  241 16 14 63  7  0



Time:2011-12-16 19:19:17
CommunicateErr:0
ErrPackageNum:0
TimeSkipNum:0
UpdateDataTimer is Active.
Memory info:
procs -----------memory---------- ---swap-- -----io---- --system-- -----cpu------
 r  b   swpd   free   buff  cache   si   so    bi    bo   in   cs us sy id wa st
 6  0 205916  38236   3824 192624    3    4   116    93   76  241 16 14 63  7  0



Time:2011-12-16 19:19:27
CommunicateErr:0
ErrPackageNum:0
TimeSkipNum:0
UpdateDataTimer is Active.
Memory info:
procs -----------memory---------- ---swap-- -----io---- --system-- -----cpu------
 r  b   swpd   free   buff  cache   si   so    bi    bo   in   cs us sy id wa st
 4  0 205916  37832   3844 192624    3    4   116    93   76  241 16 14 63  7  0



Time:2011-12-16 19:19:38
CommunicateErr:0
ErrPackageNum:0
TimeSkipNum:0
UpdateDataTimer is Active.
Memory info:
procs -----------memory---------- ---swap-- -----io---- --system-- -----cpu------
 r  b   swpd   free   buff  cache   si   so    bi    bo   in   cs us sy id wa st
10  0 205916  36708   3860 192624    3    4   116    93   76  241 16 14 63  7  0



Time:2011-12-16 19:19:47
CommunicateErr:0
ErrPackageNum:0
TimeSkipNum:0
UpdateDataTimer is Active.
Memory info:
procs -----------memory---------- ---swap-- -----io---- --system-- -----cpu------
 r  b   swpd   free   buff  cache   si   so    bi    bo   in   cs us sy id wa st
 1  0 205916  38208   3868 192636    3    4   116    93   76  241 16 14 63  7  0



Time:2011-12-16 19:19:57
CommunicateErr:0
ErrPackageNum:0
TimeSkipNum:0
UpdateDataTimer is Active.
Memory info:
procs -----------memory---------- ---swap-- -----io---- --system-- -----cpu------
 r  b   swpd   free   buff  cache   si   so    bi    bo   in   cs us sy id wa st
 2  0 211676   5920   4000 156032    3    4   116    93   76  242 16 14 63  7  0



