Time:2011-12-16 19:06:42
CommunicateErr:0
ErrPackageNum:0
TimeSkipNum:0
UpdateDataTimer is Active.
Memory info:
procs -----------memory---------- ---swap-- -----io---- --system-- -----cpu------
 r  b   swpd   free   buff  cache   si   so    bi    bo   in   cs us sy id wa st
 7  1 205916  49872   2660 189384    3    4   117    94   76  238 16 14 63  7  0



Time:2011-12-16 19:06:52
CommunicateErr:0
ErrPackageNum:0
TimeSkipNum:0
UpdateDataTimer is Active.
Memory info:
procs -----------memory---------- ---swap-- -----io---- --system-- -----cpu------
 r  b   swpd   free   buff  cache   si   so    bi    bo   in   cs us sy id wa st
 6  0 205916  50020   2680 189388    3    4   117    94   76  238 16 14 63  7  0



Time:2011-12-16 19:07:02
CommunicateErr:0
ErrPackageNum:0
TimeSkipNum:0
UpdateDataTimer is Active.
Memory info:
procs -----------memory---------- ---swap-- -----io---- --system-- -----cpu------
 r  b   swpd   free   buff  cache   si   so    bi    bo   in   cs us sy id wa st
 4  0 205916  48112   2696 189616    3    4   117    94   76  238 16 14 63  7  0



Time:2011-12-16 19:07:12
CommunicateErr:0
ErrPackageNum:0
TimeSkipNum:0
UpdateDataTimer is Active.
Memory info:
procs -----------memory---------- ---swap-- -----io---- --system-- -----cpu------
 r  b   swpd   free   buff  cache   si   so    bi    bo   in   cs us sy id wa st
 8  0 205916  41552   2712 190476    3    4   117    94   76  238 16 14 63  7  0



Time:2011-12-16 19:07:22
CommunicateErr:0
ErrPackageNum:0
TimeSkipNum:0
UpdateDataTimer is Active.
Memory info:
procs -----------memory---------- ---swap-- -----io---- --system-- -----cpu------
 r  b   swpd   free   buff  cache   si   so    bi    bo   in   cs us sy id wa st
 7  0 205916  41732   2776 191876    3    4   117    94   76  238 16 14 63  7  0



Time:2011-12-16 19:07:32
CommunicateErr:0
ErrPackageNum:0
TimeSkipNum:0
UpdateDataTimer is Active.
Memory info:
procs -----------memory---------- ---swap-- -----io---- --system-- -----cpu------
 r  b   swpd   free   buff  cache   si   so    bi    bo   in   cs us sy id wa st
 1  0 205916  41592   2800 191888    3    4   117    94   76  238 16 14 63  7  0



Time:2011-12-16 19:07:42
CommunicateErr:0
ErrPackageNum:0
TimeSkipNum:0
UpdateDataTimer is Active.
Memory info:
procs -----------memory---------- ---swap-- -----io---- --system-- -----cpu------
 r  b   swpd   free   buff  cache   si   so    bi    bo   in   cs us sy id wa st
 3  0 205916  41740   2808 191896    3    4   117    94   76  238 16 14 63  7  0



Time:2011-12-16 19:07:52
CommunicateErr:0
ErrPackageNum:0
TimeSkipNum:0
UpdateDataTimer is Active.
Memory info:
procs -----------memory---------- ---swap-- -----io---- --system-- -----cpu------
 r  b   swpd   free   buff  cache   si   so    bi    bo   in   cs us sy id wa st
 4  0 205916  38044   2824 192160    3    4   117    94   76  238 16 14 63  7  0



Time:2011-12-16 19:08:02
CommunicateErr:0
ErrPackageNum:0
TimeSkipNum:0
UpdateDataTimer is Active.
Memory info:
procs -----------memory---------- ---swap-- -----io---- --system-- -----cpu------
 r  b   swpd   free   buff  cache   si   so    bi    bo   in   cs us sy id wa st
 0  0 205916  41228   2844 192152    3    4   117    94   76  238 16 14 63  7  0



Time:2011-12-16 19:08:12
CommunicateErr:0
ErrPackageNum:0
TimeSkipNum:0
UpdateDataTimer is Active.
Memory info:
procs -----------memory---------- ---swap-- -----io---- --system-- -----cpu------
 r  b   swpd   free   buff  cache   si   so    bi    bo   in   cs us sy id wa st
 6  1 205916  41368   2852 192164    3    4   117    94   76  238 16 14 63  7  0



Time:2011-12-16 19:08:22
CommunicateErr:0
ErrPackageNum:0
TimeSkipNum:0
UpdateDataTimer is Active.
Memory info:
procs -----------memory---------- ---swap-- -----io---- --system-- -----cpu------
 r  b   swpd   free   buff  cache   si   so    bi    bo   in   cs us sy id wa st
 7  0 205916  41368   2868 192164    3    4   117    94   76  238 16 14 63  7  0



Time:2011-12-16 19:08:32
CommunicateErr:0
ErrPackageNum:0
TimeSkipNum:0
UpdateDataTimer is Active.
Memory info:
procs -----------memory---------- ---swap-- -----io---- --system-- -----cpu------
 r  b   swpd   free   buff  cache   si   so    bi    bo   in   cs us sy id wa st
 5  0 205916  40984   2884 192164    3    4   117    94   76  239 16 14 63  7  0



Time:2011-12-16 19:08:42
CommunicateErr:0
ErrPackageNum:0
TimeSkipNum:0
UpdateDataTimer is Active.
Memory info:
procs -----------memory---------- ---swap-- -----io---- --system-- -----cpu------
 r  b   swpd   free   buff  cache   si   so    bi    bo   in   cs us sy id wa st
 3  0 205916  40368   2900 192168    3    4   117    93   76  239 16 14 63  7  0



Time:2011-12-16 19:08:52
CommunicateErr:0
ErrPackageNum:0
TimeSkipNum:0
UpdateDataTimer is Active.
Memory info:
procs -----------memory---------- ---swap-- -----io---- --system-- -----cpu------
 r  b   swpd   free   buff  cache   si   so    bi    bo   in   cs us sy id wa st
 2  0 205916  40352   2916 192168    3    4   117    93   76  239 16 14 63  7  0



Time:2011-12-16 19:09:02
CommunicateErr:0
ErrPackageNum:0
TimeSkipNum:0
UpdateDataTimer is Active.
Memory info:
procs -----------memory---------- ---swap-- -----io---- --system-- -----cpu------
 r  b   swpd   free   buff  cache   si   so    bi    bo   in   cs us sy id wa st
 5  0 205916  40352   2932 192168    3    4   117    93   76  239 16 14 63  7  0



Time:2011-12-16 19:09:12
CommunicateErr:0
ErrPackageNum:0
TimeSkipNum:0
UpdateDataTimer is Active.
Memory info:
procs -----------memory---------- ---swap-- -----io---- --system-- -----cpu------
 r  b   swpd   free   buff  cache   si   so    bi    bo   in   cs us sy id wa st
 1  0 205916  40368   2948 192160    3    4   117    93   76  239 16 14 63  7  0



Time:2011-12-16 19:09:22
CommunicateErr:0
ErrPackageNum:0
TimeSkipNum:0
UpdateDataTimer is Active.
Memory info:
procs -----------memory---------- ---swap-- -----io---- --system-- -----cpu------
 r  b   swpd   free   buff  cache   si   so    bi    bo   in   cs us sy id wa st
11  0 205916  39764   2956 192172    3    4   117    93   76  239 16 14 63  7  0



Time:2011-12-16 19:09:32
CommunicateErr:0
ErrPackageNum:0
TimeSkipNum:0
UpdateDataTimer is Active.
Memory info:
procs -----------memory---------- ---swap-- -----io---- --system-- -----cpu------
 r  b   swpd   free   buff  cache   si   so    bi    bo   in   cs us sy id wa st
 6  0 205916  39640   2972 192172    3    4   117    93   76  239 16 14 63  7  0



Time:2011-12-16 19:09:42
CommunicateErr:0
ErrPackageNum:0
TimeSkipNum:0
UpdateDataTimer is Active.
Memory info:
procs -----------memory---------- ---swap-- -----io---- --system-- -----cpu------
 r  b   swpd   free   buff  cache   si   so    bi    bo   in   cs us sy id wa st
17  0 205916  39212   2988 192168    3    4   117    93   76  239 16 14 63  7  0



Time:2011-12-16 19:09:52
CommunicateErr:0
ErrPackageNum:0
TimeSkipNum:0
UpdateDataTimer is Active.
Memory info:
procs -----------memory---------- ---swap-- -----io---- --system-- -----cpu------
 r  b   swpd   free   buff  cache   si   so    bi    bo   in   cs us sy id wa st
 1  0 205916  39772   3004 192168    3    4   117    93   76  239 16 14 63  7  0



Time:2011-12-16 19:10:02
CommunicateErr:0
ErrPackageNum:0
TimeSkipNum:0
UpdateDataTimer is Active.
Memory info:
procs -----------memory---------- ---swap-- -----io---- --system-- -----cpu------
 r  b   swpd   free   buff  cache   si   so    bi    bo   in   cs us sy id wa st
 8  0 205916  38148   3012 192180    3    4   117    93   76  239 16 14 63  7  0



Time:2011-12-16 19:10:12
CommunicateErr:0
ErrPackageNum:0
TimeSkipNum:0
UpdateDataTimer is Active.
Memory info:
procs -----------memory---------- ---swap-- -----io---- --system-- -----cpu------
 r  b   swpd   free   buff  cache   si   so    bi    bo   in   cs us sy id wa st
 6  0 205916  39200   3044 192556    3    4   117    93   76  239 16 14 63  7  0



Time:2011-12-16 19:10:22
CommunicateErr:0
ErrPackageNum:0
TimeSkipNum:0
UpdateDataTimer is Active.
Memory info:
procs -----------memory---------- ---swap-- -----io---- --system-- -----cpu------
 r  b   swpd   free   buff  cache   si   so    bi    bo   in   cs us sy id wa st
 8  0 205916  39080   3060 192556    3    4   117    93   76  239 16 14 63  7  0



Time:2011-12-16 19:10:32
CommunicateErr:0
ErrPackageNum:0
TimeSkipNum:0
UpdateDataTimer is Active.
Memory info:
procs -----------memory---------- ---swap-- -----io---- --system-- -----cpu------
 r  b   swpd   free   buff  cache   si   so    bi    bo   in   cs us sy id wa st
 7  0 205916  39080   3076 192560    3    4   117    93   76  239 16 14 63  7  0



Time:2011-12-16 19:10:42
CommunicateErr:0
ErrPackageNum:0
TimeSkipNum:0
UpdateDataTimer is Active.
Memory info:
procs -----------memory---------- ---swap-- -----io---- --system-- -----cpu------
 r  b   swpd   free   buff  cache   si   so    bi    bo   in   cs us sy id wa st
 5  1 205916  37604   3084 192560    3    4   117    93   76  239 16 14 63  7  0



Time:2011-12-16 19:10:52
CommunicateErr:0
ErrPackageNum:0
TimeSkipNum:0
UpdateDataTimer is Active.
Memory info:
procs -----------memory---------- ---swap-- -----io---- --system-- -----cpu------
 r  b   swpd   free   buff  cache   si   so    bi    bo   in   cs us sy id wa st
 8  0 205916  39080   3104 192560    3    4   117    93   76  239 16 14 63  7  0



Time:2011-12-16 19:11:02
CommunicateErr:0
ErrPackageNum:0
TimeSkipNum:0
UpdateDataTimer is Active.
Memory info:
procs -----------memory---------- ---swap-- -----io---- --system-- -----cpu------
 r  b   swpd   free   buff  cache   si   so    bi    bo   in   cs us sy id wa st
 4  0 205916  39080   3120 192560    3    4   117    93   76  239 16 14 63  7  0



Time:2011-12-16 19:11:12
CommunicateErr:0
ErrPackageNum:0
TimeSkipNum:0
UpdateDataTimer is Active.
Memory info:
procs -----------memory---------- ---swap-- -----io---- --system-- -----cpu------
 r  b   swpd   free   buff  cache   si   so    bi    bo   in   cs us sy id wa st
 7  0 205916  39080   3136 192560    3    4   117    93   76  239 16 14 63  7  0



Time:2011-12-16 19:11:22
CommunicateErr:0
ErrPackageNum:0
TimeSkipNum:0
UpdateDataTimer is Active.
Memory info:
procs -----------memory---------- ---swap-- -----io---- --system-- -----cpu------
 r  b   swpd   free   buff  cache   si   so    bi    bo   in   cs us sy id wa st
 1  0 205916  39080   3152 192556    3    4   117    93   76  239 16 14 63  7  0



Time:2011-12-16 19:11:32
CommunicateErr:0
ErrPackageNum:0
TimeSkipNum:0
UpdateDataTimer is Active.
Memory info:
procs -----------memory---------- ---swap-- -----io---- --system-- -----cpu------
 r  b   swpd   free   buff  cache   si   so    bi    bo   in   cs us sy id wa st
 5  0 205916  38164   3160 192568    3    4   117    93   76  240 16 14 63  7  0



Time:2011-12-16 19:11:42
CommunicateErr:0
ErrPackageNum:0
TimeSkipNum:0
UpdateDataTimer is Active.
Memory info:
procs -----------memory---------- ---swap-- -----io---- --system-- -----cpu------
 r  b   swpd   free   buff  cache   si   so    bi    bo   in   cs us sy id wa st
 7  0 205916  38184   3176 192568    3    4   117    93   76  240 16 14 63  7  0



Time:2011-12-16 19:11:52
CommunicateErr:0
ErrPackageNum:0
TimeSkipNum:0
UpdateDataTimer is Active.
Memory info:
procs -----------memory---------- ---swap-- -----io---- --system-- -----cpu------
 r  b   swpd   free   buff  cache   si   so    bi    bo   in   cs us sy id wa st
 7  0 205916  38196   3192 192568    3    4   117    93   76  240 16 14 63  7  0



Time:2011-12-16 19:12:02
CommunicateErr:0
ErrPackageNum:0
TimeSkipNum:0
UpdateDataTimer is Active.
Memory info:
procs -----------memory---------- ---swap-- -----io---- --system-- -----cpu------
 r  b   swpd   free   buff  cache   si   so    bi    bo   in   cs us sy id wa st
 5  0 205916  38196   3208 192564    3    4   117    93   76  240 16 14 63  7  0



Time:2011-12-16 19:12:12
CommunicateErr:0
ErrPackageNum:0
TimeSkipNum:0
UpdateDataTimer is Active.
Memory info:
procs -----------memory---------- ---swap-- -----io---- --system-- -----cpu------
 r  b   swpd   free   buff  cache   si   so    bi    bo   in   cs us sy id wa st
10  0 205916  38072   3224 192572    3    4   117    93   76  240 16 14 63  7  0



Time:2011-12-16 19:12:22
CommunicateErr:0
ErrPackageNum:0
TimeSkipNum:0
UpdateDataTimer is Active.
Memory info:
procs -----------memory---------- ---swap-- -----io---- --system-- -----cpu------
 r  b   swpd   free   buff  cache   si   so    bi    bo   in   cs us sy id wa st
 5  0 205916  38080   3232 192572    3    4   117    93   76  240 16 14 63  7  0



Time:2011-12-16 19:12:32
CommunicateErr:0
ErrPackageNum:0
TimeSkipNum:0
UpdateDataTimer is Active.
Memory info:
procs -----------memory---------- ---swap-- -----io---- --system-- -----cpu------
 r  b   swpd   free   buff  cache   si   so    bi    bo   in   cs us sy id wa st
 7  0 205916  36596   3248 192576    3    4   117    93   76  240 16 14 63  7  0



Time:2011-12-16 19:12:42
CommunicateErr:0
ErrPackageNum:0
TimeSkipNum:0
UpdateDataTimer is Active.
Memory info:
procs -----------memory---------- ---swap-- -----io---- --system-- -----cpu------
 r  b   swpd   free   buff  cache   si   so    bi    bo   in   cs us sy id wa st
 5  0 205916  38080   3264 192568    3    4   117    93   76  240 16 14 63  7  0



Time:2011-12-16 19:12:52
CommunicateErr:0
ErrPackageNum:0
TimeSkipNum:0
UpdateDataTimer is Active.
Memory info:
procs -----------memory---------- ---swap-- -----io---- --system-- -----cpu------
 r  b   swpd   free   buff  cache   si   so    bi    bo   in   cs us sy id wa st
 7  0 205916  38068   3272 192576    3    4   116    93   76  240 16 14 63  7  0



Time:2011-12-16 19:13:02
CommunicateErr:0
ErrPackageNum:0
TimeSkipNum:0
UpdateDataTimer is Active.
Memory info:
procs -----------memory---------- ---swap-- -----io---- --system-- -----cpu------
 r  b   swpd   free   buff  cache   si   so    bi    bo   in   cs us sy id wa st
10  0 205916  38104   3288 192576    3    4   116    93   76  240 16 14 63  7  0



Time:2011-12-16 19:13:12
CommunicateErr:0
ErrPackageNum:0
TimeSkipNum:0
UpdateDataTimer is Active.
Memory info:
procs -----------memory---------- ---swap-- -----io---- --system-- -----cpu------
 r  b   swpd   free   buff  cache   si   so    bi    bo   in   cs us sy id wa st
10  0 205916  38104   3304 192572    3    4   116    93   76  240 16 14 63  7  0



Time:2011-12-16 19:13:22
CommunicateErr:0
ErrPackageNum:0
TimeSkipNum:0
UpdateDataTimer is Active.
Memory info:
procs -----------memory---------- ---swap-- -----io---- --system-- -----cpu------
 r  b   swpd   free   buff  cache   si   so    bi    bo   in   cs us sy id wa st
 5  0 205916  37948   3312 192580    3    4   116    93   76  240 16 14 63  7  0



Time:2011-12-16 19:13:32
CommunicateErr:0
ErrPackageNum:0
TimeSkipNum:0
UpdateDataTimer is Active.
Memory info:
procs -----------memory---------- ---swap-- -----io---- --system-- -----cpu------
 r  b   swpd   free   buff  cache   si   so    bi    bo   in   cs us sy id wa st
 1  0 205916  37932   3328 192584    3    4   116    93   76  240 16 14 63  7  0



Time:2011-12-16 19:13:42
CommunicateErr:0
ErrPackageNum:0
TimeSkipNum:0
UpdateDataTimer is Active.
Memory info:
procs -----------memory---------- ---swap-- -----io---- --system-- -----cpu------
 r  b   swpd   free   buff  cache   si   so    bi    bo   in   cs us sy id wa st
 2  0 205916  37940   3348 192576    3    4   116    93   76  240 16 14 63  7  0



Time:2011-12-16 19:13:52
CommunicateErr:0
ErrPackageNum:0
TimeSkipNum:0
UpdateDataTimer is Active.
Memory info:
procs -----------memory---------- ---swap-- -----io---- --system-- -----cpu------
 r  b   swpd   free   buff  cache   si   so    bi    bo   in   cs us sy id wa st
 6  0 205916  37940   3356 192588    3    4   116    93   76  240 16 14 63  7  0



Time:2011-12-16 19:14:02
CommunicateErr:0
ErrPackageNum:0
TimeSkipNum:0
UpdateDataTimer is Active.
Memory info:
procs -----------memory---------- ---swap-- -----io---- --system-- -----cpu------
 r  b   swpd   free   buff  cache   si   so    bi    bo   in   cs us sy id wa st
 0  0 205916  37708   3372 192588    3    4   116    93   76  240 16 14 63  7  0



Time:2011-12-16 19:14:12
CommunicateErr:0
ErrPackageNum:0
TimeSkipNum:0
UpdateDataTimer is Active.
Memory info:
procs -----------memory---------- ---swap-- -----io---- --system-- -----cpu------
 r  b   swpd   free   buff  cache   si   so    bi    bo   in   cs us sy id wa st
 5  0 205916  37972   3388 192588    3    4   116    93   76  240 16 14 63  7  0



Time:2011-12-16 19:14:22
CommunicateErr:0
ErrPackageNum:0
TimeSkipNum:0
UpdateDataTimer is Active.
Memory info:
procs -----------memory---------- ---swap-- -----io---- --system-- -----cpu------
 r  b   swpd   free   buff  cache   si   so    bi    bo   in   cs us sy id wa st
 7  0 205916  37840   3404 192584    3    4   116    93   76  240 16 14 63  7  0



Time:2011-12-16 19:14:32
CommunicateErr:0
ErrPackageNum:0
TimeSkipNum:0
UpdateDataTimer is Active.
Memory info:
procs -----------memory---------- ---swap-- -----io---- --system-- -----cpu------
 r  b   swpd   free   buff  cache   si   so    bi    bo   in   cs us sy id wa st
 5  0 205916  37972   3420 192584    3    4   116    93   76  240 16 14 63  7  0



Time:2011-12-16 19:14:42
CommunicateErr:0
ErrPackageNum:0
TimeSkipNum:0
UpdateDataTimer is Active.
Memory info:
procs -----------memory---------- ---swap-- -----io---- --system-- -----cpu------
 r  b   swpd   free   buff  cache   si   so    bi    bo   in   cs us sy id wa st
 5  0 205916  37960   3428 192592    3    4   116    93   76  240 16 14 63  7  0



Time:2011-12-16 19:14:52
CommunicateErr:0
ErrPackageNum:0
TimeSkipNum:0
UpdateDataTimer is Active.
Memory info:
procs -----------memory---------- ---swap-- -----io---- --system-- -----cpu------
 r  b   swpd   free   buff  cache   si   so    bi    bo   in   cs us sy id wa st
 6  0 205916  37848   3444 192592    3    4   116    93   76  240 16 14 63  7  0



Time:2011-12-16 19:15:02
CommunicateErr:0
ErrPackageNum:0
TimeSkipNum:0
UpdateDataTimer is Active.
Memory info:
procs -----------memory---------- ---swap-- -----io---- --system-- -----cpu------
 r  b   swpd   free   buff  cache   si   so    bi    bo   in   cs us sy id wa st
 6  0 205916  37848   3460 192584    3    4   116    93   76  240 16 14 63  7  0



Time:2011-12-16 19:15:12
CommunicateErr:0
ErrPackageNum:0
TimeSkipNum:0
UpdateDataTimer is Active.
Memory info:
procs -----------memory---------- ---swap-- -----io---- --system-- -----cpu------
 r  b   swpd   free   buff  cache   si   so    bi    bo   in   cs us sy id wa st
 5  0 205916  37820   3476 192588    3    4   116    93   76  240 16 14 63  7  0



Time:2011-12-16 19:15:22
CommunicateErr:0
ErrPackageNum:0
TimeSkipNum:0
UpdateDataTimer is Active.
Memory info:
procs -----------memory---------- ---swap-- -----io---- --system-- -----cpu------
 r  b   swpd   free   buff  cache   si   so    bi    bo   in   cs us sy id wa st
 7  0 205916  37832   3484 192600    3    4   116    93   76  240 16 14 63  7  0



Time:2011-12-16 19:15:32
CommunicateErr:0
ErrPackageNum:0
TimeSkipNum:0
UpdateDataTimer is Active.
Memory info:
procs -----------memory---------- ---swap-- -----io---- --system-- -----cpu------
 r  b   swpd   free   buff  cache   si   so    bi    bo   in   cs us sy id wa st
 7  0 205916  37732   3500 192600    3    4   116    93   76  240 16 14 63  7  0



Time:2011-12-16 19:15:42
CommunicateErr:0
ErrPackageNum:0
TimeSkipNum:0
UpdateDataTimer is Active.
Memory info:
procs -----------memory---------- ---swap-- -----io---- --system-- -----cpu------
 r  b   swpd   free   buff  cache   si   so    bi    bo   in   cs us sy id wa st
 6  0 205916  37864   3516 192592    3    4   116    93   76  240 16 14 63  7  0



Time:2011-12-16 19:15:52
CommunicateErr:0
ErrPackageNum:0
TimeSkipNum:0
UpdateDataTimer is Active.
Memory info:
procs -----------memory---------- ---swap-- -----io---- --system-- -----cpu------
 r  b   swpd   free   buff  cache   si   so    bi    bo   in   cs us sy id wa st
 6  0 205916  37740   3532 192596    3    4   116    93   76  240 16 14 63  7  0



Time:2011-12-16 19:16:02
CommunicateErr:0
ErrPackageNum:0
TimeSkipNum:0
UpdateDataTimer is Active.
Memory info:
procs -----------memory---------- ---swap-- -----io---- --system-- -----cpu------
 r  b   swpd   free   buff  cache   si   so    bi    bo   in   cs us sy id wa st
 6  0 205916  37740   3540 192604    3    4   116    93   76  240 16 14 63  7  0



Time:2011-12-16 19:16:12
CommunicateErr:0
ErrPackageNum:0
TimeSkipNum:0
UpdateDataTimer is Active.
Memory info:
procs -----------memory---------- ---swap-- -----io---- --system-- -----cpu------
 r  b   swpd   free   buff  cache   si   so    bi    bo   in   cs us sy id wa st
 7  0 205916  37740   3556 192604    3    4   116    93   76  241 16 14 63  7  0



Time:2011-12-16 19:16:22
CommunicateErr:0
ErrPackageNum:0
TimeSkipNum:0
UpdateDataTimer is Active.
Memory info:
procs -----------memory---------- ---swap-- -----io---- --system-- -----cpu------
 r  b   swpd   free   buff  cache   si   so    bi    bo   in   cs us sy id wa st
 8  0 205916  37716   3572 192600    3    4   116    93   76  241 16 14 63  7  0



Time:2011-12-16 19:16:32
CommunicateErr:0
ErrPackageNum:0
TimeSkipNum:0
UpdateDataTimer is Active.
Memory info:
procs -----------memory---------- ---swap-- -----io---- --system-- -----cpu------
 r  b   swpd   free   buff  cache   si   so    bi    bo   in   cs us sy id wa st
 6  0 205916  34400   3580 192608    3    4   116    93   76  241 16 14 63  7  0



Time:2011-12-16 19:16:42
CommunicateErr:0
ErrPackageNum:0
TimeSkipNum:0
UpdateDataTimer is Active.
Memory info:
procs -----------memory---------- ---swap-- -----io---- --system-- -----cpu------
 r  b   swpd   free   buff  cache   si   so    bi    bo   in   cs us sy id wa st
 4  0 205916  36760   3600 192608    3    4   116    93   76  241 16 14 63  7  0



Time:2011-12-16 19:16:52
CommunicateErr:0
ErrPackageNum:0
TimeSkipNum:0
UpdateDataTimer is Active.
Memory info:
procs -----------memory---------- ---swap-- -----io---- --system-- -----cpu------
 r  b   swpd   free   buff  cache   si   so    bi    bo   in   cs us sy id wa st
 3  0 205916  36844   3616 192608    3    4   116    93   76  241 16 14 63  7  0



Time:2011-12-16 19:17:02
CommunicateErr:0
ErrPackageNum:0
TimeSkipNum:0
UpdateDataTimer is Active.
Memory info:
procs -----------memory---------- ---swap-- -----io---- --system-- -----cpu------
 r  b   swpd   free   buff  cache   si   so    bi    bo   in   cs us sy id wa st
 0  0 205916  38436   3632 192604    3    4   116    93   76  241 16 14 63  7  0



Time:2011-12-16 19:17:12
CommunicateErr:0
ErrPackageNum:0
TimeSkipNum:0
UpdateDataTimer is Active.
Memory info:
procs -----------memory---------- ---swap-- -----io---- --system-- -----cpu------
 r  b   swpd   free   buff  cache   si   so    bi    bo   in   cs us sy id wa st
 1  0 205916  38372   3648 192604    3    4   116    93   76  241 16 14 63  7  0



Time:2011-12-16 19:17:22
CommunicateErr:0
ErrPackageNum:0
TimeSkipNum:0
UpdateDataTimer is Active.
Memory info:
procs -----------memory---------- ---swap-- -----io---- --system-- -----cpu------
 r  b   swpd   free   buff  cache   si   so    bi    bo   in   cs us sy id wa st
 9  1 205916  38416   3656 192616    3    4   116    93   76  241 16 14 63  7  0



Time:2011-12-16 19:17:32
CommunicateErr:0
ErrPackageNum:0
TimeSkipNum:0
UpdateDataTimer is Active.
Memory info:
procs -----------memory---------- ---swap-- -----io---- --system-- -----cpu------
 r  b   swpd   free   buff  cache   si   so    bi    bo   in   cs us sy id wa st
 5  0 205916  38420   3672 192616    3    4   116    93   76  241 16 14 63  7  0



Time:2011-12-16 19:17:42
CommunicateErr:0
ErrPackageNum:0
TimeSkipNum:0
UpdateDataTimer is Active.
Memory info:
procs -----------memory---------- ---swap-- -----io---- --system-- -----cpu------
 r  b   swpd   free   buff  cache   si   so    bi    bo   in   cs us sy id wa st
 6  0 205916  38188   3688 192620    3    4   116    93   76  241 16 14 63  7  0



Time:2011-12-16 19:17:52
CommunicateErr:0
ErrPackageNum:0
TimeSkipNum:0
UpdateDataTimer is Active.
Memory info:
procs -----------memory---------- ---swap-- -----io---- --system-- -----cpu------
 r  b   swpd   free   buff  cache   si   so    bi    bo   in   cs us sy id wa st
 7  0 205916  37476   3704 192620    3    4   116    93   76  241 16 14 63  7  0



Time:2011-12-16 19:18:02
CommunicateErr:0
ErrPackageNum:0
TimeSkipNum:0
UpdateDataTimer is Active.
Memory info:
procs -----------memory---------- ---swap-- -----io---- --system-- -----cpu------
 r  b   swpd   free   buff  cache   si   so    bi    bo   in   cs us sy id wa st
 8  0 205916  38440   3720 192612    3    4   116    93   76  241 16 14 63  7  0



Time:2011-12-16 19:18:12
CommunicateErr:0
ErrPackageNum:0
TimeSkipNum:0
UpdateDataTimer is Active.
Memory info:
procs -----------memory---------- ---swap-- -----io---- --system-- -----cpu------
 r  b   swpd   free   buff  cache   si   so    bi    bo   in   cs us sy id wa st
 9  1 205916  38336   3728 192624    3    4   116    93   76  241 16 14 63  7  0



Time:2011-12-16 19:18:22
CommunicateErr:0
ErrPackageNum:0
TimeSkipNum:0
UpdateDataTimer is Active.
Memory info:
procs -----------memory---------- ---swap-- -----io---- --system-- -----cpu------
 r  b   swpd   free   buff  cache   si   so    bi    bo   in   cs us sy id wa st
 8  0 205916  38336   3744 192624    3    4   116    93   76  241 16 14 63  7  0



Time:2011-12-16 19:18:32
CommunicateErr:0
ErrPackageNum:0
TimeSkipNum:0
UpdateDataTimer is Active.
Memory info:
procs -----------memory---------- ---swap-- -----io---- --system-- -----cpu------
 r  b   swpd   free   buff  cache   si   so    bi    bo   in   cs us sy id wa st
 6  0 205916  38212   3760 192624    3    4   116    93   76  241 16 14 63  7  0



Time:2011-12-16 19:18:42
CommunicateErr:0
ErrPackageNum:0
TimeSkipNum:0
UpdateDataTimer is Active.
Memory info:
procs -----------memory---------- ---swap-- -----io---- --system-- -----cpu------
 r  b   swpd   free   buff  cache   si   so    bi    bo   in   cs us sy id wa st
 9  1 205916  38336   3768 192624    3    4   116    93   76  241 16 14 63  7  0



Time:2011-12-16 19:18:52
CommunicateErr:0
ErrPackageNum:0
TimeSkipNum:0
UpdateDataTimer is Active.
Memory info:
procs -----------memory---------- ---swap-- -----io---- --system-- -----cpu------
 r  b   swpd   free   buff  cache   si   so    bi    bo   in   cs us sy id wa st
 8  0 205916  38212   3784 192624    3    4   116    93   76  241 16 14 63  7  0



Time:2011-12-16 19:19:02
CommunicateErr:0
ErrPackageNum:0
TimeSkipNum:0
UpdateDataTimer is Active.
Memory info:
procs -----------memory---------- ---swap-- -----io---- --system-- -----cpu------
 r  b   swpd   free   buff  cache   si   so    bi    bo   in   cs us sy id wa st
 5  0 205916  38212   3800 192628    3    4   116    93   76  241 16 14 63  7  0



Time:2011-12-16 19:19:12
CommunicateErr:0
ErrPackageNum:0
TimeSkipNum:0
UpdateDataTimer is Active.
Memory info:
procs -----------memory---------- ---swap-- -----io---- --system-- -----cpu------
 r  b   swpd   free   buff  cache   si   so    bi    bo   in   cs us sy id wa st
 2  0 205916  38124   3816 192632    3    4   116    93   76  241 16 14 63  7  0



Time:2011-12-16 19:19:22
CommunicateErr:0
ErrPackageNum:0
TimeSkipNum:0
UpdateDataTimer is Active.
Memory info:
procs -----------memory---------- ---swap-- -----io---- --system-- -----cpu------
 r  b   swpd   free   buff  cache   si   so    bi    bo   in   cs us sy id wa st
 5  0 205916  37816   3836 192632    3    4   116    93   76  241 16 14 63  7  0



Time:2011-12-16 19:19:32
CommunicateErr:0
ErrPackageNum:0
TimeSkipNum:0
UpdateDataTimer is Active.
Memory info:
procs -----------memory---------- ---swap-- -----io---- --system-- -----cpu------
 r  b   swpd   free   buff  cache   si   so    bi    bo   in   cs us sy id wa st
 6  0 205916  38220   3852 192624    3    4   116    93   76  241 16 14 63  7  0



Time:2011-12-16 19:19:42
CommunicateErr:0
ErrPackageNum:0
TimeSkipNum:0
UpdateDataTimer is Active.
Memory info:
procs -----------memory---------- ---swap-- -----io---- --system-- -----cpu------
 r  b   swpd   free   buff  cache   si   so    bi    bo   in   cs us sy id wa st
 5  0 205916  34428   3860 192636    3    4   116    93   76  241 16 14 63  7  0



Time:2011-12-16 19:19:52
CommunicateErr:0
ErrPackageNum:0
TimeSkipNum:0
UpdateDataTimer is Active.
Memory info:
procs -----------memory---------- ---swap-- -----io---- --system-- -----cpu------
 r  b   swpd   free   buff  cache   si   so    bi    bo   in   cs us sy id wa st
 7  1 205916  30744   3984 194448    3    4   116    93   76  242 16 14 63  7  0



Time:2011-12-16 19:20:02
CommunicateErr:0
ErrPackageNum:0
TimeSkipNum:0
UpdateDataTimer is Active.
Memory info:
procs -----------memory---------- ---swap-- -----io---- --system-- -----cpu------
 r  b   swpd   free   buff  cache   si   so    bi    bo   in   cs us sy id wa st
 6  1 211676  64196   4408 155876    3    4   116    93   76  242 16 14 63  7  0



