Time:2011-12-16 22:47:41
CommunicateErr:0
ErrPackageNum:0
TimeSkipNum:0
UpdateDataTimer is Active.
Memory info:
procs -----------memory---------- ---swap-- -----io---- --system-- -----cpu------
 r  b   swpd   free   buff  cache   si   so    bi    bo   in   cs us sy id wa st
17  0 211452 140916  16684 142344    3    3   107    87   70  242 15 14 65  6  0



Time:2011-12-16 22:47:56
CommunicateErr:0
ErrPackageNum:0
TimeSkipNum:0
UpdateDataTimer is Active.
Memory info:
procs -----------memory---------- ---swap-- -----io---- --system-- -----cpu------
 r  b   swpd   free   buff  cache   si   so    bi    bo   in   cs us sy id wa st
 8  0 211452 138952  16704 142356    3    3   107    87   70  242 15 14 65  6  0



Time:2011-12-16 22:48:04
CommunicateErr:0
ErrPackageNum:0
TimeSkipNum:0
UpdateDataTimer is Active.
Memory info:
procs -----------memory---------- ---swap-- -----io---- --system-- -----cpu------
 r  b   swpd   free   buff  cache   si   so    bi    bo   in   cs us sy id wa st
 5  0 211452 133276  16712 142592    3    3   107    87   70  242 15 14 65  6  0



Time:2011-12-16 22:48:11
CommunicateErr:0
ErrPackageNum:0
TimeSkipNum:0
UpdateDataTimer is Active.
Memory info:
procs -----------memory---------- ---swap-- -----io---- --system-- -----cpu------
 r  b   swpd   free   buff  cache   si   so    bi    bo   in   cs us sy id wa st
 6  0 211452 132968  16728 142580    3    3   107    87   70  242 15 14 65  6  0



Time:2011-12-16 22:48:21
CommunicateErr:0
ErrPackageNum:0
TimeSkipNum:0
UpdateDataTimer is Active.
Memory info:
procs -----------memory---------- ---swap-- -----io---- --system-- -----cpu------
 r  b   swpd   free   buff  cache   si   so    bi    bo   in   cs us sy id wa st
 6  0 211452 132900  16736 142588    3    3   107    87   70  242 15 14 65  6  0



Time:2011-12-16 22:48:31
CommunicateErr:0
ErrPackageNum:0
TimeSkipNum:0
UpdateDataTimer is Active.
Memory info:
procs -----------memory---------- ---swap-- -----io---- --system-- -----cpu------
 r  b   swpd   free   buff  cache   si   so    bi    bo   in   cs us sy id wa st
 3  0 211452 132884  16744 142588    3    3   107    87   70  242 15 14 65  6  0



Time:2011-12-16 22:48:41
CommunicateErr:0
ErrPackageNum:0
TimeSkipNum:0
UpdateDataTimer is Active.
Memory info:
procs -----------memory---------- ---swap-- -----io---- --system-- -----cpu------
 r  b   swpd   free   buff  cache   si   so    bi    bo   in   cs us sy id wa st
 9  0 211452 132884  16752 142588    3    3   107    87   70  242 15 14 65  6  0



Time:2011-12-16 22:48:51
CommunicateErr:0
ErrPackageNum:0
TimeSkipNum:0
UpdateDataTimer is Active.
Memory info:
procs -----------memory---------- ---swap-- -----io---- --system-- -----cpu------
 r  b   swpd   free   buff  cache   si   so    bi    bo   in   cs us sy id wa st
 6  0 211452 132884  16760 142588    3    3   107    87   70  242 15 14 65  6  0



Time:2011-12-16 22:49:01
CommunicateErr:0
ErrPackageNum:0
TimeSkipNum:0
UpdateDataTimer is Active.
Memory info:
procs -----------memory---------- ---swap-- -----io---- --system-- -----cpu------
 r  b   swpd   free   buff  cache   si   so    bi    bo   in   cs us sy id wa st
 6  0 211452 132900  16768 142588    3    3   107    87   70  242 15 14 65  6  0



Time:2011-12-16 22:49:11
CommunicateErr:0
ErrPackageNum:0
TimeSkipNum:0
UpdateDataTimer is Active.
Memory info:
procs -----------memory---------- ---swap-- -----io---- --system-- -----cpu------
 r  b   swpd   free   buff  cache   si   so    bi    bo   in   cs us sy id wa st
 5  0 211452 132884  16776 142588    3    3   107    87   70  242 15 14 65  6  0



Time:2011-12-16 22:49:21
CommunicateErr:0
ErrPackageNum:0
TimeSkipNum:0
UpdateDataTimer is Active.
Memory info:
procs -----------memory---------- ---swap-- -----io---- --system-- -----cpu------
 r  b   swpd   free   buff  cache   si   so    bi    bo   in   cs us sy id wa st
 2  0 211452 132844  16784 142588    3    3   107    87   70  242 15 14 65  6  0



Time:2011-12-16 22:49:31
CommunicateErr:0
ErrPackageNum:0
TimeSkipNum:0
UpdateDataTimer is Active.
Memory info:
procs -----------memory---------- ---swap-- -----io---- --system-- -----cpu------
 r  b   swpd   free   buff  cache   si   so    bi    bo   in   cs us sy id wa st
 2  0 211452 132900  16792 142588    3    3   107    87   70  242 15 14 65  6  0



Time:2011-12-16 22:49:41
CommunicateErr:0
ErrPackageNum:0
TimeSkipNum:0
UpdateDataTimer is Active.
Memory info:
procs -----------memory---------- ---swap-- -----io---- --system-- -----cpu------
 r  b   swpd   free   buff  cache   si   so    bi    bo   in   cs us sy id wa st
 1  0 211452 132884  16800 142592    3    3   107    87   70  242 15 14 65  6  0



Time:2011-12-16 22:49:51
CommunicateErr:0
ErrPackageNum:0
TimeSkipNum:0
UpdateDataTimer is Active.
Memory info:
procs -----------memory---------- ---swap-- -----io---- --system-- -----cpu------
 r  b   swpd   free   buff  cache   si   so    bi    bo   in   cs us sy id wa st
 3  0 211452 132884  16816 142584    3    3   107    87   70  242 15 14 65  6  0



Time:2011-12-16 22:50:01
CommunicateErr:0
ErrPackageNum:0
TimeSkipNum:0
UpdateDataTimer is Active.
Memory info:
procs -----------memory---------- ---swap-- -----io---- --system-- -----cpu------
 r  b   swpd   free   buff  cache   si   so    bi    bo   in   cs us sy id wa st
 2  0 211452 132760  16824 142592    3    3   107    87   70  242 15 14 65  6  0



Time:2011-12-16 22:50:11
CommunicateErr:0
ErrPackageNum:0
TimeSkipNum:0
UpdateDataTimer is Active.
Memory info:
procs -----------memory---------- ---swap-- -----io---- --system-- -----cpu------
 r  b   swpd   free   buff  cache   si   so    bi    bo   in   cs us sy id wa st
 4  0 211452 132884  16832 142592    3    3   107    87   70  242 15 14 65  6  0



Time:2011-12-16 22:50:21
CommunicateErr:0
ErrPackageNum:0
TimeSkipNum:0
UpdateDataTimer is Active.
Memory info:
procs -----------memory---------- ---swap-- -----io---- --system-- -----cpu------
 r  b   swpd   free   buff  cache   si   so    bi    bo   in   cs us sy id wa st
 6  0 211452 132884  16840 142592    3    3   107    87   70  242 15 14 65  6  0



Time:2011-12-16 22:50:31
CommunicateErr:0
ErrPackageNum:0
TimeSkipNum:0
UpdateDataTimer is Active.
Memory info:
procs -----------memory---------- ---swap-- -----io---- --system-- -----cpu------
 r  b   swpd   free   buff  cache   si   so    bi    bo   in   cs us sy id wa st
 2  0 211452 130772  16848 142592    3    3   107    87   70  242 15 14 65  6  0



Time:2011-12-16 22:50:41
CommunicateErr:0
ErrPackageNum:0
TimeSkipNum:0
UpdateDataTimer is Active.
Memory info:
procs -----------memory---------- ---swap-- -----io---- --system-- -----cpu------
 r  b   swpd   free   buff  cache   si   so    bi    bo   in   cs us sy id wa st
 7  0 211452 130692  16864 142592    3    3   107    87   70  242 15 14 65  6  0



Time:2011-12-16 22:50:51
CommunicateErr:0
ErrPackageNum:0
TimeSkipNum:0
UpdateDataTimer is Active.
Memory info:
procs -----------memory---------- ---swap-- -----io---- --system-- -----cpu------
 r  b   swpd   free   buff  cache   si   so    bi    bo   in   cs us sy id wa st
10  0 211452 130188  16880 142976    3    3   107    87   70  242 15 14 65  6  0



Time:2011-12-16 22:51:01
CommunicateErr:0
ErrPackageNum:0
TimeSkipNum:0
UpdateDataTimer is Active.
Memory info:
procs -----------memory---------- ---swap-- -----io---- --system-- -----cpu------
 r  b   swpd   free   buff  cache   si   so    bi    bo   in   cs us sy id wa st
 8  0 211452 130188  16888 142976    3    3   107    87   70  242 15 14 65  6  0



Time:2011-12-16 22:51:11
CommunicateErr:0
ErrPackageNum:0
TimeSkipNum:0
UpdateDataTimer is Active.
Memory info:
procs -----------memory---------- ---swap-- -----io---- --system-- -----cpu------
 r  b   swpd   free   buff  cache   si   so    bi    bo   in   cs us sy id wa st
11  0 211452 130188  16896 142976    3    3   107    87   70  242 15 14 65  6  0



Time:2011-12-16 22:51:21
CommunicateErr:0
ErrPackageNum:0
TimeSkipNum:0
UpdateDataTimer is Active.
Memory info:
procs -----------memory---------- ---swap-- -----io---- --system-- -----cpu------
 r  b   swpd   free   buff  cache   si   so    bi    bo   in   cs us sy id wa st
 7  0 211452 130116  16916 142972    3    3   107    87   70  242 15 14 65  6  0



Time:2011-12-16 22:51:31
CommunicateErr:0
ErrPackageNum:0
TimeSkipNum:0
UpdateDataTimer is Active.
Memory info:
procs -----------memory---------- ---swap-- -----io---- --system-- -----cpu------
 r  b   swpd   free   buff  cache   si   so    bi    bo   in   cs us sy id wa st
 5  0 211452 130132  16924 142980    3    3   107    87   70  242 15 14 65  6  0



Time:2011-12-16 22:51:41
CommunicateErr:0
ErrPackageNum:0
TimeSkipNum:0
UpdateDataTimer is Active.
Memory info:
procs -----------memory---------- ---swap-- -----io---- --system-- -----cpu------
 r  b   swpd   free   buff  cache   si   so    bi    bo   in   cs us sy id wa st
 2  0 211452 130148  16940 142976    3    3   107    87   70  242 15 14 65  6  0



Time:2011-12-16 22:51:51
CommunicateErr:0
ErrPackageNum:0
TimeSkipNum:0
UpdateDataTimer is Active.
Memory info:
procs -----------memory---------- ---swap-- -----io---- --system-- -----cpu------
 r  b   swpd   free   buff  cache   si   so    bi    bo   in   cs us sy id wa st
 8  0 211452 130180  16948 142980    3    3   107    87   70  242 15 14 65  6  0



Time:2011-12-16 22:52:01
CommunicateErr:0
ErrPackageNum:0
TimeSkipNum:0
UpdateDataTimer is Active.
Memory info:
procs -----------memory---------- ---swap-- -----io---- --system-- -----cpu------
 r  b   swpd   free   buff  cache   si   so    bi    bo   in   cs us sy id wa st
 8  0 211452 128580  16956 142980    3    3   107    87   70  242 15 14 65  6  0



Time:2011-12-16 22:52:11
CommunicateErr:0
ErrPackageNum:0
TimeSkipNum:0
UpdateDataTimer is Active.
Memory info:
procs -----------memory---------- ---swap-- -----io---- --system-- -----cpu------
 r  b   swpd   free   buff  cache   si   so    bi    bo   in   cs us sy id wa st
10  0 211452 130072  16972 142972    3    3   107    87   70  243 15 14 65  6  0



Time:2011-12-16 22:52:21
CommunicateErr:0
ErrPackageNum:0
TimeSkipNum:0
UpdateDataTimer is Active.
Memory info:
procs -----------memory---------- ---swap-- -----io---- --system-- -----cpu------
 r  b   swpd   free   buff  cache   si   so    bi    bo   in   cs us sy id wa st
13  0 211452 129972  16980 142980    3    3   107    87   70  243 15 14 65  6  0



Time:2011-12-16 22:52:31
CommunicateErr:0
ErrPackageNum:0
TimeSkipNum:0
UpdateDataTimer is Active.
Memory info:
procs -----------memory---------- ---swap-- -----io---- --system-- -----cpu------
 r  b   swpd   free   buff  cache   si   so    bi    bo   in   cs us sy id wa st
 9  0 211452 129884  16988 142980    3    3   107    87   70  243 15 14 65  6  0



Time:2011-12-16 22:52:41
CommunicateErr:0
ErrPackageNum:0
TimeSkipNum:0
UpdateDataTimer is Active.
Memory info:
procs -----------memory---------- ---swap-- -----io---- --system-- -----cpu------
 r  b   swpd   free   buff  cache   si   so    bi    bo   in   cs us sy id wa st
 7  0 211452 129916  16996 142980    3    3   107    87   70  243 15 14 65  6  0



Time:2011-12-16 22:52:51
CommunicateErr:0
ErrPackageNum:0
TimeSkipNum:0
UpdateDataTimer is Active.
Memory info:
procs -----------memory---------- ---swap-- -----io---- --system-- -----cpu------
 r  b   swpd   free   buff  cache   si   so    bi    bo   in   cs us sy id wa st
 2  0 211452 129932  17004 142980    3    3   107    87   70  243 15 14 65  6  0



Time:2011-12-16 22:53:01
CommunicateErr:0
ErrPackageNum:0
TimeSkipNum:0
UpdateDataTimer is Active.
Memory info:
procs -----------memory---------- ---swap-- -----io---- --system-- -----cpu------
 r  b   swpd   free   buff  cache   si   so    bi    bo   in   cs us sy id wa st
 8  0 211452 129932  17020 142980    3    3   107    87   70  243 15 14 65  6  0



Time:2011-12-16 22:53:11
CommunicateErr:0
ErrPackageNum:0
TimeSkipNum:0
UpdateDataTimer is Active.
Memory info:
procs -----------memory---------- ---swap-- -----io---- --system-- -----cpu------
 r  b   swpd   free   buff  cache   si   so    bi    bo   in   cs us sy id wa st
 7  0 211452 129188  17028 142980    3    3   107    87   70  243 15 14 65  6  0



Time:2011-12-16 22:53:21
CommunicateErr:0
ErrPackageNum:0
TimeSkipNum:0
UpdateDataTimer is Active.
Memory info:
procs -----------memory---------- ---swap-- -----io---- --system-- -----cpu------
 r  b   swpd   free   buff  cache   si   so    bi    bo   in   cs us sy id wa st
 7  0 211452 129124  17044 142976    3    3   107    87   70  243 15 14 65  6  0



Time:2011-12-16 22:53:31
CommunicateErr:0
ErrPackageNum:0
TimeSkipNum:0
UpdateDataTimer is Active.
Memory info:
procs -----------memory---------- ---swap-- -----io---- --system-- -----cpu------
 r  b   swpd   free   buff  cache   si   so    bi    bo   in   cs us sy id wa st
 2  0 211452 129180  17052 142984    3    3   107    87   70  243 15 14 65  6  0



Time:2011-12-16 22:53:41
CommunicateErr:0
ErrPackageNum:0
TimeSkipNum:0
UpdateDataTimer is Active.
Memory info:
procs -----------memory---------- ---swap-- -----io---- --system-- -----cpu------
 r  b   swpd   free   buff  cache   si   so    bi    bo   in   cs us sy id wa st
 6  0 211452 129196  17060 142984    3    3   107    87   70  243 15 14 65  6  0



Time:2011-12-16 22:53:51
CommunicateErr:0
ErrPackageNum:0
TimeSkipNum:0
UpdateDataTimer is Active.
Memory info:
procs -----------memory---------- ---swap-- -----io---- --system-- -----cpu------
 r  b   swpd   free   buff  cache   si   so    bi    bo   in   cs us sy id wa st
 9  0 211452 129196  17068 142984    3    3   107    87   70  243 15 14 65  6  0



Time:2011-12-16 22:54:01
CommunicateErr:0
ErrPackageNum:0
TimeSkipNum:0
UpdateDataTimer is Active.
Memory info:
procs -----------memory---------- ---swap-- -----io---- --system-- -----cpu------
 r  b   swpd   free   buff  cache   si   so    bi    bo   in   cs us sy id wa st
 2  0 211452 129204  17076 142984    3    3   107    87   70  243 15 14 65  6  0



Time:2011-12-16 22:54:11
CommunicateErr:0
ErrPackageNum:0
TimeSkipNum:0
UpdateDataTimer is Active.
Memory info:
procs -----------memory---------- ---swap-- -----io---- --system-- -----cpu------
 r  b   swpd   free   buff  cache   si   so    bi    bo   in   cs us sy id wa st
 3  0 211452 129204  17084 142984    3    3   107    87   70  243 15 14 65  6  0



Time:2011-12-16 22:54:21
CommunicateErr:0
ErrPackageNum:0
TimeSkipNum:0
UpdateDataTimer is Active.
Memory info:
procs -----------memory---------- ---swap-- -----io---- --system-- -----cpu------
 r  b   swpd   free   buff  cache   si   so    bi    bo   in   cs us sy id wa st
 5  0 211452 129196  17092 142984    3    3   107    87   70  243 15 14 65  6  0



Time:2011-12-16 22:54:31
CommunicateErr:0
ErrPackageNum:0
TimeSkipNum:0
UpdateDataTimer is Active.
Memory info:
procs -----------memory---------- ---swap-- -----io---- --system-- -----cpu------
 r  b   swpd   free   buff  cache   si   so    bi    bo   in   cs us sy id wa st
 2  0 211452 129196  17100 142984    3    3   107    87   70  243 15 14 65  6  0



Time:2011-12-16 22:54:41
CommunicateErr:0
ErrPackageNum:0
TimeSkipNum:0
UpdateDataTimer is Active.
Memory info:
procs -----------memory---------- ---swap-- -----io---- --system-- -----cpu------
 r  b   swpd   free   buff  cache   si   so    bi    bo   in   cs us sy id wa st
 0  0 211452 129196  17108 142984    3    3   107    87   70  243 15 14 65  6  0



Time:2011-12-16 22:54:51
CommunicateErr:0
ErrPackageNum:0
TimeSkipNum:0
UpdateDataTimer is Active.
Memory info:
procs -----------memory---------- ---swap-- -----io---- --system-- -----cpu------
 r  b   swpd   free   buff  cache   si   so    bi    bo   in   cs us sy id wa st
 4  0 211452 129072  17116 142984    3    3   107    87   70  243 15 14 65  6  0



Time:2011-12-16 22:55:01
CommunicateErr:0
ErrPackageNum:0
TimeSkipNum:0
UpdateDataTimer is Active.
Memory info:
procs -----------memory---------- ---swap-- -----io---- --system-- -----cpu------
 r  b   swpd   free   buff  cache   si   so    bi    bo   in   cs us sy id wa st
 2  0 211452 129072  17132 142984    3    3   107    87   70  243 15 14 65  6  0



Time:2011-12-16 22:55:11
CommunicateErr:0
ErrPackageNum:0
TimeSkipNum:0
UpdateDataTimer is Active.
Memory info:
procs -----------memory---------- ---swap-- -----io---- --system-- -----cpu------
 r  b   swpd   free   buff  cache   si   so    bi    bo   in   cs us sy id wa st
 7  0 211452 129072  17140 142976    3    3   107    87   70  243 15 14 65  6  0



Time:2011-12-16 22:55:21
CommunicateErr:0
ErrPackageNum:0
TimeSkipNum:0
UpdateDataTimer is Active.
Memory info:
procs -----------memory---------- ---swap-- -----io---- --system-- -----cpu------
 r  b   swpd   free   buff  cache   si   so    bi    bo   in   cs us sy id wa st
 8  0 211452 129080  17148 142988    3    3   107    87   70  243 15 14 65  6  0



Time:2011-12-16 22:55:31
CommunicateErr:0
ErrPackageNum:0
TimeSkipNum:0
UpdateDataTimer is Active.
Memory info:
procs -----------memory---------- ---swap-- -----io---- --system-- -----cpu------
 r  b   swpd   free   buff  cache   si   so    bi    bo   in   cs us sy id wa st
 4  0 211452 128940  17156 142988    3    3   107    87   70  243 15 14 65  6  0



Time:2011-12-16 22:55:41
CommunicateErr:0
ErrPackageNum:0
TimeSkipNum:0
UpdateDataTimer is Active.
Memory info:
procs -----------memory---------- ---swap-- -----io---- --system-- -----cpu------
 r  b   swpd   free   buff  cache   si   so    bi    bo   in   cs us sy id wa st
 7  0 211452 129080  17164 142988    3    3   107    87   70  243 15 14 65  6  0



Time:2011-12-16 22:55:51
CommunicateErr:0
ErrPackageNum:0
TimeSkipNum:0
UpdateDataTimer is Active.
Memory info:
procs -----------memory---------- ---swap-- -----io---- --system-- -----cpu------
 r  b   swpd   free   buff  cache   si   so    bi    bo   in   cs us sy id wa st
 8  0 211452 129080  17172 142988    3    3   107    87   70  243 15 14 65  6  0



Time:2011-12-16 22:56:01
CommunicateErr:0
ErrPackageNum:0
TimeSkipNum:0
UpdateDataTimer is Active.
Memory info:
procs -----------memory---------- ---swap-- -----io---- --system-- -----cpu------
 r  b   swpd   free   buff  cache   si   so    bi    bo   in   cs us sy id wa st
 8  0 211452 129072  17180 142988    3    3   107    87   70  243 15 14 65  6  0



Time:2011-12-16 22:56:11
CommunicateErr:0
ErrPackageNum:0
TimeSkipNum:0
UpdateDataTimer is Active.
Memory info:
procs -----------memory---------- ---swap-- -----io---- --system-- -----cpu------
 r  b   swpd   free   buff  cache   si   so    bi    bo   in   cs us sy id wa st
 7  0 211452 129000  17188 142988    3    3   107    87   70  243 15 14 65  6  0



Time:2011-12-16 22:56:21
CommunicateErr:0
ErrPackageNum:0
TimeSkipNum:0
UpdateDataTimer is Active.
Memory info:
procs -----------memory---------- ---swap-- -----io---- --system-- -----cpu------
 r  b   swpd   free   buff  cache   si   so    bi    bo   in   cs us sy id wa st
 4  0 211452 129032  17196 142988    3    3   107    87   70  243 15 14 65  6  0



Time:2011-12-16 22:56:31
CommunicateErr:0
ErrPackageNum:0
TimeSkipNum:0
UpdateDataTimer is Active.
Memory info:
procs -----------memory---------- ---swap-- -----io---- --system-- -----cpu------
 r  b   swpd   free   buff  cache   si   so    bi    bo   in   cs us sy id wa st
 6  0 211452 129048  17204 142988    3    3   107    87   70  243 15 14 65  6  0



Time:2011-12-16 22:56:41
CommunicateErr:0
ErrPackageNum:0
TimeSkipNum:0
UpdateDataTimer is Active.
Memory info:
procs -----------memory---------- ---swap-- -----io---- --system-- -----cpu------
 r  b   swpd   free   buff  cache   si   so    bi    bo   in   cs us sy id wa st
 8  0 211452 129024  17212 142988    3    3   107    87   70  243 15 14 65  6  0



Time:2011-12-16 22:56:51
CommunicateErr:0
ErrPackageNum:0
TimeSkipNum:0
UpdateDataTimer is Active.
Memory info:
procs -----------memory---------- ---swap-- -----io---- --system-- -----cpu------
 r  b   swpd   free   buff  cache   si   so    bi    bo   in   cs us sy id wa st
 2  0 211452 128932  17220 142988    3    3   107    87   70  243 15 14 65  6  0



Time:2011-12-16 22:57:01
CommunicateErr:0
ErrPackageNum:0
TimeSkipNum:0
UpdateDataTimer is Active.
Memory info:
procs -----------memory---------- ---swap-- -----io---- --system-- -----cpu------
 r  b   swpd   free   buff  cache   si   so    bi    bo   in   cs us sy id wa st
 5  0 211452 128956  17228 142988    3    3   107    87   70  243 15 14 65  6  0



Time:2011-12-16 22:57:11
CommunicateErr:0
ErrPackageNum:0
TimeSkipNum:0
UpdateDataTimer is Active.
Memory info:
procs -----------memory---------- ---swap-- -----io---- --system-- -----cpu------
 r  b   swpd   free   buff  cache   si   so    bi    bo   in   cs us sy id wa st
 1  0 211452 129068  17236 142988    3    3   107    87   70  243 15 14 65  6  0



Time:2011-12-16 22:57:21
CommunicateErr:0
ErrPackageNum:0
TimeSkipNum:0
UpdateDataTimer is Active.
Memory info:
procs -----------memory---------- ---swap-- -----io---- --system-- -----cpu------
 r  b   swpd   free   buff  cache   si   so    bi    bo   in   cs us sy id wa st
 9  0 211452 128956  17244 142992    3    3   107    87   70  243 15 14 65  6  0



Time:2011-12-16 22:57:31
CommunicateErr:0
ErrPackageNum:0
TimeSkipNum:0
UpdateDataTimer is Active.
Memory info:
procs -----------memory---------- ---swap-- -----io---- --system-- -----cpu------
 r  b   swpd   free   buff  cache   si   so    bi    bo   in   cs us sy id wa st
 8  0 211452 128948  17252 142992    3    3   107    87   70  243 15 14 65  6  0



Time:2011-12-16 22:57:41
CommunicateErr:0
ErrPackageNum:0
TimeSkipNum:0
UpdateDataTimer is Active.
Memory info:
procs -----------memory---------- ---swap-- -----io---- --system-- -----cpu------
 r  b   swpd   free   buff  cache   si   so    bi    bo   in   cs us sy id wa st
 2  0 211452 128956  17268 142992    3    3   107    87   70  243 15 14 65  6  0



Time:2011-12-16 22:57:51
CommunicateErr:0
ErrPackageNum:0
TimeSkipNum:0
UpdateDataTimer is Active.
Memory info:
procs -----------memory---------- ---swap-- -----io---- --system-- -----cpu------
 r  b   swpd   free   buff  cache   si   so    bi    bo   in   cs us sy id wa st
 5  0 211452 128956  17276 142992    3    3   107    87   70  243 15 14 65  6  0



Time:2011-12-16 22:58:01
CommunicateErr:0
ErrPackageNum:0
TimeSkipNum:0
UpdateDataTimer is Active.
Memory info:
procs -----------memory---------- ---swap-- -----io---- --system-- -----cpu------
 r  b   swpd   free   buff  cache   si   so    bi    bo   in   cs us sy id wa st
 4  0 211452 128940  17284 142992    3    3   107    87   70  243 15 14 65  6  0



Time:2011-12-16 22:58:11
CommunicateErr:0
ErrPackageNum:0
TimeSkipNum:0
UpdateDataTimer is Active.
Memory info:
procs -----------memory---------- ---swap-- -----io---- --system-- -----cpu------
 r  b   swpd   free   buff  cache   si   so    bi    bo   in   cs us sy id wa st
 6  0 211452 128940  17296 142992    3    3   107    87   70  243 15 14 65  6  0



Time:2011-12-16 22:58:21
CommunicateErr:0
ErrPackageNum:0
TimeSkipNum:0
UpdateDataTimer is Active.
Memory info:
procs -----------memory---------- ---swap-- -----io---- --system-- -----cpu------
 r  b   swpd   free   buff  cache   si   so    bi    bo   in   cs us sy id wa st
 3  0 211452 128940  17304 142992    3    3   107    87   70  243 15 14 65  6  0



Time:2011-12-16 22:58:31
CommunicateErr:0
ErrPackageNum:0
TimeSkipNum:0
UpdateDataTimer is Active.
Memory info:
procs -----------memory---------- ---swap-- -----io---- --system-- -----cpu------
 r  b   swpd   free   buff  cache   si   so    bi    bo   in   cs us sy id wa st
 3  0 211452 128940  17312 142992    3    3   107    87   70  243 15 14 65  6  0



Time:2011-12-16 22:58:41
CommunicateErr:0
ErrPackageNum:0
TimeSkipNum:0
UpdateDataTimer is Active.
Memory info:
procs -----------memory---------- ---swap-- -----io---- --system-- -----cpu------
 r  b   swpd   free   buff  cache   si   so    bi    bo   in   cs us sy id wa st
 3  0 211452 128940  17320 142992    3    3   107    87   70  243 15 14 65  6  0



Time:2011-12-16 22:58:51
CommunicateErr:0
ErrPackageNum:0
TimeSkipNum:0
UpdateDataTimer is Active.
Memory info:
procs -----------memory---------- ---swap-- -----io---- --system-- -----cpu------
 r  b   swpd   free   buff  cache   si   so    bi    bo   in   cs us sy id wa st
 7  0 211452 128940  17328 142992    3    3   107    87   70  243 15 14 65  6  0



Time:2011-12-16 22:59:01
CommunicateErr:0
ErrPackageNum:0
TimeSkipNum:0
UpdateDataTimer is Active.
Memory info:
procs -----------memory---------- ---swap-- -----io---- --system-- -----cpu------
 r  b   swpd   free   buff  cache   si   so    bi    bo   in   cs us sy id wa st
 2  0 211452 128940  17336 142992    3    3   107    87   70  243 15 14 65  6  0



Time:2011-12-16 22:59:11
CommunicateErr:0
ErrPackageNum:0
TimeSkipNum:0
UpdateDataTimer is Active.
Memory info:
procs -----------memory---------- ---swap-- -----io---- --system-- -----cpu------
 r  b   swpd   free   buff  cache   si   so    bi    bo   in   cs us sy id wa st
11  0 211428 128816  17352 143020    3    3   107    87   70  243 15 14 65  6  0



Time:2011-12-16 22:59:21
CommunicateErr:0
ErrPackageNum:0
TimeSkipNum:0
UpdateDataTimer is Active.
Memory info:
procs -----------memory---------- ---swap-- -----io---- --system-- -----cpu------
 r  b   swpd   free   buff  cache   si   so    bi    bo   in   cs us sy id wa st
 8  0 211428 128816  17360 143020    3    3   107    87   70  243 15 14 65  6  0



Time:2011-12-16 22:59:31
CommunicateErr:0
ErrPackageNum:0
TimeSkipNum:0
UpdateDataTimer is Active.
Memory info:
procs -----------memory---------- ---swap-- -----io---- --system-- -----cpu------
 r  b   swpd   free   buff  cache   si   so    bi    bo   in   cs us sy id wa st
 5  0 211428 128816  17372 143020    3    3   107    87   70  243 15 14 65  6  0



Time:2011-12-16 22:59:41
CommunicateErr:0
ErrPackageNum:0
TimeSkipNum:0
UpdateDataTimer is Active.
Memory info:
procs -----------memory---------- ---swap-- -----io---- --system-- -----cpu------
 r  b   swpd   free   buff  cache   si   so    bi    bo   in   cs us sy id wa st
 0  0 211428 128832  17380 143020    3    3   107    87   70  243 15 14 65  6  0



Time:2011-12-16 22:59:51
CommunicateErr:0
ErrPackageNum:0
TimeSkipNum:0
UpdateDataTimer is Active.
Memory info:
procs -----------memory---------- ---swap-- -----io---- --system-- -----cpu------
 r  b   swpd   free   buff  cache   si   so    bi    bo   in   cs us sy id wa st
 9  0 211428 128824  17388 143020    3    3   107    87   70  243 15 14 65  6  0



Time:2011-12-16 23:00:01
CommunicateErr:0
ErrPackageNum:0
TimeSkipNum:0
UpdateDataTimer is Active.
Memory info:
procs -----------memory---------- ---swap-- -----io---- --system-- -----cpu------
 r  b   swpd   free   buff  cache   si   so    bi    bo   in   cs us sy id wa st
 9  0 211428 128832  17400 143020    3    3   107    87   70  243 15 14 65  6  0



Time:2011-12-16 23:00:11
CommunicateErr:0
ErrPackageNum:0
TimeSkipNum:0
UpdateDataTimer is Active.
Memory info:
procs -----------memory---------- ---swap-- -----io---- --system-- -----cpu------
 r  b   swpd   free   buff  cache   si   so    bi    bo   in   cs us sy id wa st
 5  0 211428 128832  17408 143020    3    3   107    87   70  243 15 14 65  6  0



Time:2011-12-16 23:00:21
CommunicateErr:0
ErrPackageNum:0
TimeSkipNum:0
UpdateDataTimer is Active.
Memory info:
procs -----------memory---------- ---swap-- -----io---- --system-- -----cpu------
 r  b   swpd   free   buff  cache   si   so    bi    bo   in   cs us sy id wa st
 2  0 211428 128832  17416 143020    3    3   107    87   70  243 15 14 65  6  0



Time:2011-12-16 23:00:31
CommunicateErr:0
ErrPackageNum:0
TimeSkipNum:0
UpdateDataTimer is Active.
Memory info:
procs -----------memory---------- ---swap-- -----io---- --system-- -----cpu------
 r  b   swpd   free   buff  cache   si   so    bi    bo   in   cs us sy id wa st
 3  0 211428 128824  17424 143020    3    3   107    87   70  243 15 14 65  6  0



Time:2011-12-16 23:00:41
CommunicateErr:0
ErrPackageNum:0
TimeSkipNum:0
UpdateDataTimer is Active.
Memory info:
procs -----------memory---------- ---swap-- -----io---- --system-- -----cpu------
 r  b   swpd   free   buff  cache   si   so    bi    bo   in   cs us sy id wa st
 4  0 211428 128832  17432 143020    3    3   107    87   70  243 15 14 65  6  0



Time:2011-12-16 23:00:51
CommunicateErr:0
ErrPackageNum:0
TimeSkipNum:0
UpdateDataTimer is Active.
Memory info:
procs -----------memory---------- ---swap-- -----io---- --system-- -----cpu------
 r  b   swpd   free   buff  cache   si   so    bi    bo   in   cs us sy id wa st
 1  0 211428 128824  17440 143020    3    3   107    87   70  243 15 14 65  6  0



Time:2011-12-16 23:01:01
CommunicateErr:0
ErrPackageNum:0
TimeSkipNum:0
UpdateDataTimer is Active.
Memory info:
procs -----------memory---------- ---swap-- -----io---- --system-- -----cpu------
 r  b   swpd   free   buff  cache   si   so    bi    bo   in   cs us sy id wa st
 9  0 211428 128708  17460 143012    3    3   107    87   70  243 15 14 65  6  0



Time:2011-12-16 23:01:11
CommunicateErr:0
ErrPackageNum:0
TimeSkipNum:0
UpdateDataTimer is Active.
Memory info:
procs -----------memory---------- ---swap-- -----io---- --system-- -----cpu------
 r  b   swpd   free   buff  cache   si   so    bi    bo   in   cs us sy id wa st
 5  0 211428 128700  17476 143028    3    3   107    87   70  243 15 14 65  6  0



Time:2011-12-16 23:01:21
CommunicateErr:0
ErrPackageNum:0
TimeSkipNum:0
UpdateDataTimer is Active.
Memory info:
procs -----------memory---------- ---swap-- -----io---- --system-- -----cpu------
 r  b   swpd   free   buff  cache   si   so    bi    bo   in   cs us sy id wa st
 1  0 211428 128700  17484 143028    3    3   107    87   70  243 15 14 65  6  0



Time:2011-12-16 23:01:31
CommunicateErr:0
ErrPackageNum:0
TimeSkipNum:0
UpdateDataTimer is Active.
Memory info:
procs -----------memory---------- ---swap-- -----io---- --system-- -----cpu------
 r  b   swpd   free   buff  cache   si   so    bi    bo   in   cs us sy id wa st
 6  0 211428 127216  17492 143028    3    3   107    87   70  243 15 14 65  6  0



Time:2011-12-16 23:01:41
CommunicateErr:0
ErrPackageNum:0
TimeSkipNum:0
UpdateDataTimer is Active.
Memory info:
procs -----------memory---------- ---swap-- -----io---- --system-- -----cpu------
 r  b   swpd   free   buff  cache   si   so    bi    bo   in   cs us sy id wa st
12  0 211428 128700  17508 143028    3    3   107    87   70  243 15 14 65  6  0



Time:2011-12-16 23:01:51
CommunicateErr:0
ErrPackageNum:0
TimeSkipNum:0
UpdateDataTimer is Active.
Memory info:
procs -----------memory---------- ---swap-- -----io---- --system-- -----cpu------
 r  b   swpd   free   buff  cache   si   so    bi    bo   in   cs us sy id wa st
 6  0 211428 128692  17516 143028    3    3   107    87   70  243 15 14 65  6  0



Time:2011-12-16 23:02:01
CommunicateErr:0
ErrPackageNum:0
TimeSkipNum:0
UpdateDataTimer is Active.
Memory info:
procs -----------memory---------- ---swap-- -----io---- --system-- -----cpu------
 r  b   swpd   free   buff  cache   si   so    bi    bo   in   cs us sy id wa st
 7  0 211428 128692  17524 143028    3    3   107    87   70  243 15 14 65  6  0



Time:2011-12-16 23:02:12
CommunicateErr:0
ErrPackageNum:0
TimeSkipNum:0
UpdateDataTimer is Active.
Memory info:
procs -----------memory---------- ---swap-- -----io---- --system-- -----cpu------
 r  b   swpd   free   buff  cache   si   so    bi    bo   in   cs us sy id wa st
12  1 211428 128460  17540 143236    3    3   107    87   70  243 15 14 65  6  0



Time:2011-12-16 23:02:21
CommunicateErr:0
ErrPackageNum:0
TimeSkipNum:0
UpdateDataTimer is Active.
Memory info:
procs -----------memory---------- ---swap-- -----io---- --system-- -----cpu------
 r  b   swpd   free   buff  cache   si   so    bi    bo   in   cs us sy id wa st
 7  0 211428 128320  17548 143248    3    3   107    87   70  243 15 14 65  6  0



Time:2011-12-16 23:02:31
CommunicateErr:0
ErrPackageNum:0
TimeSkipNum:0
UpdateDataTimer is Active.
Memory info:
procs -----------memory---------- ---swap-- -----io---- --system-- -----cpu------
 r  b   swpd   free   buff  cache   si   so    bi    bo   in   cs us sy id wa st
 7  0 211428 128320  17556 143248    3    3   107    87   70  243 15 14 65  6  0



Time:2011-12-16 23:02:41
CommunicateErr:0
ErrPackageNum:0
TimeSkipNum:0
UpdateDataTimer is Active.
Memory info:
procs -----------memory---------- ---swap-- -----io---- --system-- -----cpu------
 r  b   swpd   free   buff  cache   si   so    bi    bo   in   cs us sy id wa st
 6  1 211428 128336  17556 143248    3    3   107    87   70  243 15 14 65  6  0



Time:2011-12-16 23:02:51
CommunicateErr:0
ErrPackageNum:0
TimeSkipNum:0
UpdateDataTimer is Active.
Memory info:
procs -----------memory---------- ---swap-- -----io---- --system-- -----cpu------
 r  b   swpd   free   buff  cache   si   so    bi    bo   in   cs us sy id wa st
 7  0 211428 128336  17572 143248    3    3   107    87   70  244 15 14 65  6  0



Time:2011-12-16 23:03:01
CommunicateErr:0
ErrPackageNum:0
TimeSkipNum:0
UpdateDataTimer is Active.
Memory info:
procs -----------memory---------- ---swap-- -----io---- --system-- -----cpu------
 r  b   swpd   free   buff  cache   si   so    bi    bo   in   cs us sy id wa st
 2  0 211428 128336  17580 143252    3    3   107    87   70  244 15 14 65  6  0



Time:2011-12-16 23:03:11
CommunicateErr:0
ErrPackageNum:0
TimeSkipNum:0
UpdateDataTimer is Active.
Memory info:
procs -----------memory---------- ---swap-- -----io---- --system-- -----cpu------
 r  b   swpd   free   buff  cache   si   so    bi    bo   in   cs us sy id wa st
 3  0 211428 128336  17588 143252    3    3   107    87   70  244 15 14 65  6  0



Time:2011-12-16 23:03:21
CommunicateErr:0
ErrPackageNum:0
TimeSkipNum:0
UpdateDataTimer is Active.
Memory info:
procs -----------memory---------- ---swap-- -----io---- --system-- -----cpu------
 r  b   swpd   free   buff  cache   si   so    bi    bo   in   cs us sy id wa st
 4  0 211428 128060  17828 143252    3    3   107    87   70  244 15 14 65  6  0



Time:2011-12-16 23:03:31
CommunicateErr:0
ErrPackageNum:0
TimeSkipNum:0
UpdateDataTimer is Active.
Memory info:
procs -----------memory---------- ---swap-- -----io---- --system-- -----cpu------
 r  b   swpd   free   buff  cache   si   so    bi    bo   in   cs us sy id wa st
 9  0 211428 126292  17836 143252    3    3   107    87   70  244 15 14 65  6  0



Time:2011-12-16 23:03:42
CommunicateErr:0
ErrPackageNum:0
TimeSkipNum:0
UpdateDataTimer is Active.
Memory info:
procs -----------memory---------- ---swap-- -----io---- --system-- -----cpu------
 r  b   swpd   free   buff  cache   si   so    bi    bo   in   cs us sy id wa st
 6  0 211428 124212  17844 143368    3    3   107    87   70  244 15 14 65  6  0



Time:2011-12-16 23:03:52
CommunicateErr:0
ErrPackageNum:0
TimeSkipNum:0
UpdateDataTimer is Active.
Memory info:
procs -----------memory---------- ---swap-- -----io---- --system-- -----cpu------
 r  b   swpd   free   buff  cache   si   so    bi    bo   in   cs us sy id wa st
 3  0 211428 120464  17860 143360    3    3   107    87   70  244 15 14 65  6  0



Time:2011-12-16 23:04:01
CommunicateErr:0
ErrPackageNum:0
TimeSkipNum:0
UpdateDataTimer is Active.
Memory info:
procs -----------memory---------- ---swap-- -----io---- --system-- -----cpu------
 r  b   swpd   free   buff  cache   si   so    bi    bo   in   cs us sy id wa st
 7  0 211428 120484  17868 143360    3    3   107    87   70  244 15 14 65  6  0



Time:2011-12-16 23:04:11
CommunicateErr:0
ErrPackageNum:0
TimeSkipNum:0
UpdateDataTimer is Active.
Memory info:
procs -----------memory---------- ---swap-- -----io---- --system-- -----cpu------
 r  b   swpd   free   buff  cache   si   so    bi    bo   in   cs us sy id wa st
 2  0 211428 120376  17876 143368    3    3   107    87   70  244 15 14 65  6  0



Time:2011-12-16 23:04:21
CommunicateErr:0
ErrPackageNum:0
TimeSkipNum:0
UpdateDataTimer is Active.
Memory info:
procs -----------memory---------- ---swap-- -----io---- --system-- -----cpu------
 r  b   swpd   free   buff  cache   si   so    bi    bo   in   cs us sy id wa st
 5  0 211428 120416  17884 143368    3    3   107    87   70  244 15 14 65  6  0



Time:2011-12-16 23:04:31
CommunicateErr:0
ErrPackageNum:0
TimeSkipNum:0
UpdateDataTimer is Active.
Memory info:
procs -----------memory---------- ---swap-- -----io---- --system-- -----cpu------
 r  b   swpd   free   buff  cache   si   so    bi    bo   in   cs us sy id wa st
 4  0 211428 120512  17892 143368    3    3   107    87   70  244 15 14 65  6  0



Time:2011-12-16 23:04:41
CommunicateErr:0
ErrPackageNum:0
TimeSkipNum:0
UpdateDataTimer is Active.
Memory info:
procs -----------memory---------- ---swap-- -----io---- --system-- -----cpu------
 r  b   swpd   free   buff  cache   si   so    bi    bo   in   cs us sy id wa st
10  0 211428 120464  17900 143368    3    3   107    87   70  244 15 14 65  6  0



Time:2011-12-16 23:04:51
CommunicateErr:0
ErrPackageNum:0
TimeSkipNum:0
UpdateDataTimer is Active.
Memory info:
procs -----------memory---------- ---swap-- -----io---- --system-- -----cpu------
 r  b   swpd   free   buff  cache   si   so    bi    bo   in   cs us sy id wa st
 7  0 211428 120512  17908 143372    3    3   107    87   70  244 15 14 65  6  0



Time:2011-12-16 23:05:01
CommunicateErr:0
ErrPackageNum:0
TimeSkipNum:0
UpdateDataTimer is Active.
Memory info:
procs -----------memory---------- ---swap-- -----io---- --system-- -----cpu------
 r  b   swpd   free   buff  cache   si   so    bi    bo   in   cs us sy id wa st
 6  0 211428 120496  17916 143372    3    3   107    87   70  244 15 14 65  6  0



Time:2011-12-16 23:05:11
CommunicateErr:0
ErrPackageNum:0
TimeSkipNum:0
UpdateDataTimer is Active.
Memory info:
procs -----------memory---------- ---swap-- -----io---- --system-- -----cpu------
 r  b   swpd   free   buff  cache   si   so    bi    bo   in   cs us sy id wa st
 9  0 211428 120496  17932 143364    3    3   107    87   70  244 15 14 65  6  0



Time:2011-12-16 23:05:21
CommunicateErr:0
ErrPackageNum:0
TimeSkipNum:0
UpdateDataTimer is Active.
Memory info:
procs -----------memory---------- ---swap-- -----io---- --system-- -----cpu------
 r  b   swpd   free   buff  cache   si   so    bi    bo   in   cs us sy id wa st
 3  0 211428 120376  17940 143372    3    3   107    87   70  244 15 14 65  6  0



Time:2011-12-16 23:05:31
CommunicateErr:0
ErrPackageNum:0
TimeSkipNum:0
UpdateDataTimer is Active.
Memory info:
procs -----------memory---------- ---swap-- -----io---- --system-- -----cpu------
 r  b   swpd   free   buff  cache   si   so    bi    bo   in   cs us sy id wa st
 5  0 211428 120324  17956 143476    3    3   107    87   70  244 15 14 65  6  0



Time:2011-12-16 23:05:41
CommunicateErr:0
ErrPackageNum:0
TimeSkipNum:0
UpdateDataTimer is Active.
Memory info:
procs -----------memory---------- ---swap-- -----io---- --system-- -----cpu------
 r  b   swpd   free   buff  cache   si   so    bi    bo   in   cs us sy id wa st
 7  0 211428 120404  17964 143476    3    3   107    87   70  244 15 14 65  6  0



Time:2011-12-16 23:05:51
CommunicateErr:0
ErrPackageNum:0
TimeSkipNum:0
UpdateDataTimer is Active.
Memory info:
procs -----------memory---------- ---swap-- -----io---- --system-- -----cpu------
 r  b   swpd   free   buff  cache   si   so    bi    bo   in   cs us sy id wa st
 0  0 211428 120332  17972 143476    3    3   107    87   70  244 15 14 65  6  0



Time:2011-12-16 23:06:01
CommunicateErr:0
ErrPackageNum:0
TimeSkipNum:0
UpdateDataTimer is Active.
Memory info:
procs -----------memory---------- ---swap-- -----io---- --system-- -----cpu------
 r  b   swpd   free   buff  cache   si   so    bi    bo   in   cs us sy id wa st
10  0 211428 120372  17980 143476    3    3   107    87   70  244 15 14 65  6  0



Time:2011-12-16 23:06:11
CommunicateErr:0
ErrPackageNum:0
TimeSkipNum:0
UpdateDataTimer is Active.
Memory info:
procs -----------memory---------- ---swap-- -----io---- --system-- -----cpu------
 r  b   swpd   free   buff  cache   si   so    bi    bo   in   cs us sy id wa st
 2  0 211428 120280  17988 143476    3    3   107    87   70  244 15 14 65  6  0



Time:2011-12-16 23:06:21
CommunicateErr:0
ErrPackageNum:0
TimeSkipNum:0
UpdateDataTimer is Active.
Memory info:
procs -----------memory---------- ---swap-- -----io---- --system-- -----cpu------
 r  b   swpd   free   buff  cache   si   so    bi    bo   in   cs us sy id wa st
 3  0 211428 120328  17996 143476    3    3   107    87   70  244 15 14 65  6  0



Time:2011-12-16 23:06:31
CommunicateErr:0
ErrPackageNum:0
TimeSkipNum:0
UpdateDataTimer is Active.
Memory info:
procs -----------memory---------- ---swap-- -----io---- --system-- -----cpu------
 r  b   swpd   free   buff  cache   si   so    bi    bo   in   cs us sy id wa st
 6  0 211428 120312  18004 143476    3    3   107    87   70  244 15 14 65  6  0



Time:2011-12-16 23:06:41
CommunicateErr:0
ErrPackageNum:0
TimeSkipNum:0
UpdateDataTimer is Active.
Memory info:
procs -----------memory---------- ---swap-- -----io---- --system-- -----cpu------
 r  b   swpd   free   buff  cache   si   so    bi    bo   in   cs us sy id wa st
 4  0 211428 120208  18012 143476    3    3   107    87   70  244 15 14 65  6  0



Time:2011-12-16 23:06:51
CommunicateErr:0
ErrPackageNum:0
TimeSkipNum:0
UpdateDataTimer is Active.
Memory info:
procs -----------memory---------- ---swap-- -----io---- --system-- -----cpu------
 r  b   swpd   free   buff  cache   si   so    bi    bo   in   cs us sy id wa st
 5  0 211428 120208  18020 143480    3    3   107    87   70  244 15 14 65  6  0



Time:2011-12-16 23:07:01
CommunicateErr:0
ErrPackageNum:0
TimeSkipNum:0
UpdateDataTimer is Active.
Memory info:
procs -----------memory---------- ---swap-- -----io---- --system-- -----cpu------
 r  b   swpd   free   buff  cache   si   so    bi    bo   in   cs us sy id wa st
15  0 211428 120672  18028 143480    3    3   107    87   70  244 15 14 65  6  0



Time:2011-12-16 23:07:11
CommunicateErr:0
ErrPackageNum:0
TimeSkipNum:0
UpdateDataTimer is Active.
Memory info:
procs -----------memory---------- ---swap-- -----io---- --system-- -----cpu------
 r  b   swpd   free   buff  cache   si   so    bi    bo   in   cs us sy id wa st
 6  0 211428 120308  18040 143552    3    3   107    87   70  244 15 14 65  6  0



Time:2011-12-16 23:07:21
CommunicateErr:0
ErrPackageNum:0
TimeSkipNum:0
UpdateDataTimer is Active.
Memory info:
procs -----------memory---------- ---swap-- -----io---- --system-- -----cpu------
 r  b   swpd   free   buff  cache   si   so    bi    bo   in   cs us sy id wa st
12  0 211428 118032  18056 143544    3    3   107    87   70  244 15 14 65  6  0



Time:2011-12-16 23:07:31
CommunicateErr:0
ErrPackageNum:0
TimeSkipNum:0
UpdateDataTimer is Active.
Memory info:
procs -----------memory---------- ---swap-- -----io---- --system-- -----cpu------
 r  b   swpd   free   buff  cache   si   so    bi    bo   in   cs us sy id wa st
 3  0 211428 119996  18064 143552    3    3   107    87   70  244 15 14 65  6  0



Time:2011-12-16 23:07:41
CommunicateErr:0
ErrPackageNum:0
TimeSkipNum:0
UpdateDataTimer is Active.
Memory info:
procs -----------memory---------- ---swap-- -----io---- --system-- -----cpu------
 r  b   swpd   free   buff  cache   si   so    bi    bo   in   cs us sy id wa st
 7  0 211428 118940  18072 143552    3    3   107    87   70  244 15 14 65  6  0



Time:2011-12-16 23:07:51
CommunicateErr:0
ErrPackageNum:0
TimeSkipNum:0
UpdateDataTimer is Active.
Memory info:
procs -----------memory---------- ---swap-- -----io---- --system-- -----cpu------
 r  b   swpd   free   buff  cache   si   so    bi    bo   in   cs us sy id wa st
 0  0 211428 119668  18080 143552    3    3   107    87   70  244 15 14 65  6  0



Time:2011-12-16 23:08:01
CommunicateErr:0
ErrPackageNum:0
TimeSkipNum:0
UpdateDataTimer is Active.
Memory info:
procs -----------memory---------- ---swap-- -----io---- --system-- -----cpu------
 r  b   swpd   free   buff  cache   si   so    bi    bo   in   cs us sy id wa st
 1  0 211428 119700  18088 143552    3    3   107    87   70  244 15 14 65  6  0



Time:2011-12-16 23:08:11
CommunicateErr:0
ErrPackageNum:0
TimeSkipNum:0
UpdateDataTimer is Active.
Memory info:
procs -----------memory---------- ---swap-- -----io---- --system-- -----cpu------
 r  b   swpd   free   buff  cache   si   so    bi    bo   in   cs us sy id wa st
 3  0 211428 120060  18096 143552    3    3   107    87   70  244 15 14 65  6  0



Time:2011-12-16 23:08:21
CommunicateErr:0
ErrPackageNum:0
TimeSkipNum:0
UpdateDataTimer is Active.
Memory info:
procs -----------memory---------- ---swap-- -----io---- --system-- -----cpu------
 r  b   swpd   free   buff  cache   si   so    bi    bo   in   cs us sy id wa st
 2  0 211428 118956  18112 143544    3    3   107    87   70  244 15 14 65  6  0



Time:2011-12-16 23:08:31
CommunicateErr:0
ErrPackageNum:0
TimeSkipNum:0
UpdateDataTimer is Active.
Memory info:
procs -----------memory---------- ---swap-- -----io---- --system-- -----cpu------
 r  b   swpd   free   buff  cache   si   so    bi    bo   in   cs us sy id wa st
 2  0 211428 119324  18120 143552    3    3   107    87   70  244 15 14 65  6  0



Time:2011-12-16 23:08:41
CommunicateErr:0
ErrPackageNum:0
TimeSkipNum:0
UpdateDataTimer is Active.
Memory info:
procs -----------memory---------- ---swap-- -----io---- --system-- -----cpu------
 r  b   swpd   free   buff  cache   si   so    bi    bo   in   cs us sy id wa st
 2  0 211428 119212  18128 143556    3    3   107    87   70  244 15 14 65  6  0



Time:2011-12-16 23:08:51
CommunicateErr:0
ErrPackageNum:0
TimeSkipNum:0
UpdateDataTimer is Active.
Memory info:
procs -----------memory---------- ---swap-- -----io---- --system-- -----cpu------
 r  b   swpd   free   buff  cache   si   so    bi    bo   in   cs us sy id wa st
 2  0 211428 119368  18144 143556    3    3   107    87   70  244 15 14 65  6  0



Time:2011-12-16 23:09:01
CommunicateErr:0
ErrPackageNum:0
TimeSkipNum:0
UpdateDataTimer is Active.
Memory info:
procs -----------memory---------- ---swap-- -----io---- --system-- -----cpu------
 r  b   swpd   free   buff  cache   si   so    bi    bo   in   cs us sy id wa st
 4  0 211428 119412  18156 143552    3    3   107    87   70  244 15 14 65  6  0



Time:2011-12-16 23:09:11
CommunicateErr:0
ErrPackageNum:0
TimeSkipNum:0
UpdateDataTimer is Active.
Memory info:
procs -----------memory---------- ---swap-- -----io---- --system-- -----cpu------
 r  b   swpd   free   buff  cache   si   so    bi    bo   in   cs us sy id wa st
 6  0 211428 119304  18160 143556    3    3   107    87   70  244 15 14 65  6  0



Time:2011-12-16 23:09:21
CommunicateErr:0
ErrPackageNum:0
TimeSkipNum:0
UpdateDataTimer is Active.
Memory info:
procs -----------memory---------- ---swap-- -----io---- --system-- -----cpu------
 r  b   swpd   free   buff  cache   si   so    bi    bo   in   cs us sy id wa st
 4  0 211428 118752  18168 143556    3    3   107    87   70  244 15 14 65  6  0



Time:2011-12-16 23:09:31
CommunicateErr:0
ErrPackageNum:0
TimeSkipNum:0
UpdateDataTimer is Active.
Memory info:
procs -----------memory---------- ---swap-- -----io---- --system-- -----cpu------
 r  b   swpd   free   buff  cache   si   so    bi    bo   in   cs us sy id wa st
 5  0 211428 119084  18176 143556    3    3   107    87   70  244 15 14 65  6  0



Time:2011-12-16 23:09:41
CommunicateErr:0
ErrPackageNum:0
TimeSkipNum:0
UpdateDataTimer is Active.
Memory info:
procs -----------memory---------- ---swap-- -----io---- --system-- -----cpu------
 r  b   swpd   free   buff  cache   si   so    bi    bo   in   cs us sy id wa st
 7  0 211428 119164  18184 143556    3    3   107    87   70  244 15 14 65  6  0



Time:2011-12-16 23:09:51
CommunicateErr:0
ErrPackageNum:0
TimeSkipNum:0
UpdateDataTimer is Active.
Memory info:
procs -----------memory---------- ---swap-- -----io---- --system-- -----cpu------
 r  b   swpd   free   buff  cache   si   so    bi    bo   in   cs us sy id wa st
 7  0 211428 119164  18192 143556    3    3   107    87   70  244 15 14 65  6  0



Time:2011-12-16 23:10:01
CommunicateErr:0
ErrPackageNum:0
TimeSkipNum:0
UpdateDataTimer is Active.
Memory info:
procs -----------memory---------- ---swap-- -----io---- --system-- -----cpu------
 r  b   swpd   free   buff  cache   si   so    bi    bo   in   cs us sy id wa st
 3  0 211428 119172  18208 143548    3    3   107    87   70  244 15 14 65  6  0



Time:2011-12-16 23:10:12
CommunicateErr:0
ErrPackageNum:0
TimeSkipNum:0
UpdateDataTimer is Active.
Memory info:
procs -----------memory---------- ---swap-- -----io---- --system-- -----cpu------
 r  b   swpd   free   buff  cache   si   so    bi    bo   in   cs us sy id wa st
 7  0 211428 118972  18216 143556    3    3   107    87   70  244 15 14 65  6  0



Time:2011-12-16 23:10:21
CommunicateErr:0
ErrPackageNum:0
TimeSkipNum:0
UpdateDataTimer is Active.
Memory info:
procs -----------memory---------- ---swap-- -----io---- --system-- -----cpu------
 r  b   swpd   free   buff  cache   si   so    bi    bo   in   cs us sy id wa st
 3  0 211428 112760  18244 145544    3    3   107    87   70  244 15 14 65  6  0



Time:2011-12-16 23:10:31
CommunicateErr:0
ErrPackageNum:0
TimeSkipNum:0
UpdateDataTimer is Active.
Memory info:
procs -----------memory---------- ---swap-- -----io---- --system-- -----cpu------
 r  b   swpd   free   buff  cache   si   so    bi    bo   in   cs us sy id wa st
 4  0 211428  93044  18268 145532    3    3   107    87   70  244 15 14 65  6  0



Time:2011-12-16 23:10:42
CommunicateErr:0
ErrPackageNum:0
TimeSkipNum:0
UpdateDataTimer is Active.
Memory info:
procs -----------memory---------- ---swap-- -----io---- --system-- -----cpu------
 r  b   swpd   free   buff  cache   si   so    bi    bo   in   cs us sy id wa st
 4  0 211428  70716  18284 145528    3    3   107    87   70  244 15 14 65  6  0



Time:2011-12-16 23:10:51
CommunicateErr:0
ErrPackageNum:0
TimeSkipNum:0
UpdateDataTimer is Active.
Memory info:
procs -----------memory---------- ---swap-- -----io---- --system-- -----cpu------
 r  b   swpd   free   buff  cache   si   so    bi    bo   in   cs us sy id wa st
 5  0 211428  40240  18292 145536    3    3   107    87   70  244 15 14 65  6  0



Time:2011-12-16 23:11:01
CommunicateErr:0
ErrPackageNum:0
TimeSkipNum:0
UpdateDataTimer is Active.
Memory info:
procs -----------memory---------- ---swap-- -----io---- --system-- -----cpu------
 r  b   swpd   free   buff  cache   si   so    bi    bo   in   cs us sy id wa st
 7  0 211428  19872  18300 145536    3    3   107    87   70  244 15 14 65  6  0



Time:2011-12-16 23:11:11
CommunicateErr:0
ErrPackageNum:0
TimeSkipNum:0
UpdateDataTimer is Active.
Memory info:
procs -----------memory---------- ---swap-- -----io---- --system-- -----cpu------
 r  b   swpd   free   buff  cache   si   so    bi    bo   in   cs us sy id wa st
 5  0 211428  82052  18356 148692    3    3   107    87   70  244 15 14 65  6  0



Time:2011-12-16 23:11:21
CommunicateErr:0
ErrPackageNum:0
TimeSkipNum:0
UpdateDataTimer is Active.
Memory info:
procs -----------memory---------- ---swap-- -----io---- --system-- -----cpu------
 r  b   swpd   free   buff  cache   si   so    bi    bo   in   cs us sy id wa st
 3  0 211428  70168  18376 160500    3    3   107    87   70  244 15 14 65  6  0



Time:2011-12-16 23:11:31
CommunicateErr:0
ErrPackageNum:0
TimeSkipNum:0
UpdateDataTimer is Active.
Memory info:
procs -----------memory---------- ---swap-- -----io---- --system-- -----cpu------
 r  b   swpd   free   buff  cache   si   so    bi    bo   in   cs us sy id wa st
12  1 211428  54612  18388 175252    3    3   107    87   70  244 15 14 65  6  0



Time:2011-12-16 23:11:41
CommunicateErr:0
ErrPackageNum:0
TimeSkipNum:0
UpdateDataTimer is Active.
Memory info:
procs -----------memory---------- ---swap-- -----io---- --system-- -----cpu------
 r  b   swpd   free   buff  cache   si   so    bi    bo   in   cs us sy id wa st
 6  1 211428  69488  18400 178816    3    3   107    87   70  244 15 14 65  6  0



Time:2011-12-16 23:11:51
CommunicateErr:0
ErrPackageNum:0
TimeSkipNum:0
UpdateDataTimer is Active.
Memory info:
procs -----------memory---------- ---swap-- -----io---- --system-- -----cpu------
 r  b   swpd   free   buff  cache   si   so    bi    bo   in   cs us sy id wa st
10  0 211428  69492  18424 178820    3    3   107    87   70  244 15 14 65  6  0



Time:2011-12-16 23:12:01
CommunicateErr:0
ErrPackageNum:0
TimeSkipNum:0
UpdateDataTimer is Active.
Memory info:
procs -----------memory---------- ---swap-- -----io---- --system-- -----cpu------
 r  b   swpd   free   buff  cache   si   so    bi    bo   in   cs us sy id wa st
 8  0 211428  68084  18444 178840    3    3   107    87   70  244 15 14 65  6  0



Time:2011-12-16 23:12:11
CommunicateErr:0
ErrPackageNum:0
TimeSkipNum:0
UpdateDataTimer is Active.
Memory info:
procs -----------memory---------- ---swap-- -----io---- --system-- -----cpu------
 r  b   swpd   free   buff  cache   si   so    bi    bo   in   cs us sy id wa st
 2  0 211428  68072  18460 178832    3    3   107    87   70  244 15 14 65  6  0



Time:2011-12-16 23:12:21
CommunicateErr:0
ErrPackageNum:0
TimeSkipNum:0
UpdateDataTimer is Active.
Memory info:
procs -----------memory---------- ---swap-- -----io---- --system-- -----cpu------
 r  b   swpd   free   buff  cache   si   so    bi    bo   in   cs us sy id wa st
 4  0 211428  68084  18468 178840    3    3   107    87   70  244 15 14 65  6  0



Time:2011-12-16 23:12:31
CommunicateErr:0
ErrPackageNum:0
TimeSkipNum:0
UpdateDataTimer is Active.
Memory info:
procs -----------memory---------- ---swap-- -----io---- --system-- -----cpu------
 r  b   swpd   free   buff  cache   si   so    bi    bo   in   cs us sy id wa st
 2  0 211428  68084  18480 178840    3    3   107    87   70  244 15 14 65  6  0



Time:2011-12-16 23:12:41
CommunicateErr:0
ErrPackageNum:0
TimeSkipNum:0
UpdateDataTimer is Active.
Memory info:
procs -----------memory---------- ---swap-- -----io---- --system-- -----cpu------
 r  b   swpd   free   buff  cache   si   so    bi    bo   in   cs us sy id wa st
 1  0 211428  67960  18488 178844    3    3   107    87   70  244 15 14 65  6  0



Time:2011-12-16 23:12:51
CommunicateErr:0
ErrPackageNum:0
TimeSkipNum:0
UpdateDataTimer is Active.
Memory info:
procs -----------memory---------- ---swap-- -----io---- --system-- -----cpu------
 r  b   swpd   free   buff  cache   si   so    bi    bo   in   cs us sy id wa st
 4  0 211428  68084  18496 178844    3    3   107    87   70  244 15 14 65  6  0



Time:2011-12-16 23:13:01
CommunicateErr:0
ErrPackageNum:0
TimeSkipNum:0
UpdateDataTimer is Active.
Memory info:
procs -----------memory---------- ---swap-- -----io---- --system-- -----cpu------
 r  b   swpd   free   buff  cache   si   so    bi    bo   in   cs us sy id wa st
 5  0 211428  66984  18504 178840    3    3   107    87   70  244 15 14 65  6  0



Time:2011-12-16 23:13:11
CommunicateErr:0
ErrPackageNum:0
TimeSkipNum:0
UpdateDataTimer is Active.
Memory info:
procs -----------memory---------- ---swap-- -----io---- --system-- -----cpu------
 r  b   swpd   free   buff  cache   si   so    bi    bo   in   cs us sy id wa st
 1  0 211428  67960  18512 178844    3    3   107    87   70  244 15 14 65  6  0



Time:2011-12-16 23:13:21
CommunicateErr:0
ErrPackageNum:0
TimeSkipNum:0
UpdateDataTimer is Active.
Memory info:
procs -----------memory---------- ---swap-- -----io---- --system-- -----cpu------
 r  b   swpd   free   buff  cache   si   so    bi    bo   in   cs us sy id wa st
 6  0 211428  68084  18520 178844    3    3   107    87   70  244 15 14 65  6  0



Time:2011-12-16 23:13:31
CommunicateErr:0
ErrPackageNum:0
TimeSkipNum:0
UpdateDataTimer is Active.
Memory info:
procs -----------memory---------- ---swap-- -----io---- --system-- -----cpu------
 r  b   swpd   free   buff  cache   si   so    bi    bo   in   cs us sy id wa st
 2  0 211428  67960  18528 178844    3    3   107    87   70  244 15 14 65  6  0



Time:2011-12-16 23:13:41
CommunicateErr:0
ErrPackageNum:0
TimeSkipNum:0
UpdateDataTimer is Active.
Memory info:
procs -----------memory---------- ---swap-- -----io---- --system-- -----cpu------
 r  b   swpd   free   buff  cache   si   so    bi    bo   in   cs us sy id wa st
 2  0 211428  67956  18540 178844    3    3   106    87   70  244 15 14 65  6  0



Time:2011-12-16 23:13:51
CommunicateErr:0
ErrPackageNum:0
TimeSkipNum:0
UpdateDataTimer is Active.
Memory info:
procs -----------memory---------- ---swap-- -----io---- --system-- -----cpu------
 r  b   swpd   free   buff  cache   si   so    bi    bo   in   cs us sy id wa st
 9  0 211428  67960  18544 178848    3    3   106    87   70  244 15 14 65  6  0



Time:2011-12-16 23:14:01
CommunicateErr:0
ErrPackageNum:0
TimeSkipNum:0
UpdateDataTimer is Active.
Memory info:
procs -----------memory---------- ---swap-- -----io---- --system-- -----cpu------
 r  b   swpd   free   buff  cache   si   so    bi    bo   in   cs us sy id wa st
 6  0 211428  67960  18552 178848    3    3   106    87   70  244 15 14 65  6  0



Time:2011-12-16 23:14:11
CommunicateErr:0
ErrPackageNum:0
TimeSkipNum:0
UpdateDataTimer is Active.
Memory info:
procs -----------memory---------- ---swap-- -----io---- --system-- -----cpu------
 r  b   swpd   free   buff  cache   si   so    bi    bo   in   cs us sy id wa st
 6  0 211428  67960  18560 178848    3    3   106    87   70  244 15 14 65  6  0



Time:2011-12-16 23:14:21
CommunicateErr:0
ErrPackageNum:0
TimeSkipNum:0
UpdateDataTimer is Active.
Memory info:
procs -----------memory---------- ---swap-- -----io---- --system-- -----cpu------
 r  b   swpd   free   buff  cache   si   so    bi    bo   in   cs us sy id wa st
 3  0 211428  67108  18576 179000    3    3   106    87   70  244 15 14 65  6  0



Time:2011-12-16 23:14:31
CommunicateErr:0
ErrPackageNum:0
TimeSkipNum:0
UpdateDataTimer is Active.
Memory info:
procs -----------memory---------- ---swap-- -----io---- --system-- -----cpu------
 r  b   swpd   free   buff  cache   si   so    bi    bo   in   cs us sy id wa st
 5  0 211428  67976  18584 179008    3    3   106    87   70  244 15 14 65  6  0



Time:2011-12-16 23:14:41
CommunicateErr:0
ErrPackageNum:0
TimeSkipNum:0
UpdateDataTimer is Active.
Memory info:
procs -----------memory---------- ---swap-- -----io---- --system-- -----cpu------
 r  b   swpd   free   buff  cache   si   so    bi    bo   in   cs us sy id wa st
 7  0 211428  67860  18592 179000    3    3   106    87   70  244 15 14 65  6  0



Time:2011-12-16 23:14:51
CommunicateErr:0
ErrPackageNum:0
TimeSkipNum:0
UpdateDataTimer is Active.
Memory info:
procs -----------memory---------- ---swap-- -----io---- --system-- -----cpu------
 r  b   swpd   free   buff  cache   si   so    bi    bo   in   cs us sy id wa st
 0  0 211428  67140  18600 179008    3    3   106    87   70  244 15 14 65  6  0



Time:2011-12-16 23:15:01
CommunicateErr:0
ErrPackageNum:0
TimeSkipNum:0
UpdateDataTimer is Active.
Memory info:
procs -----------memory---------- ---swap-- -----io---- --system-- -----cpu------
 r  b   swpd   free   buff  cache   si   so    bi    bo   in   cs us sy id wa st
 4  0 211428  65648  18616 179008    3    3   106    87   70  244 15 14 65  6  0



Time:2011-12-16 23:15:11
CommunicateErr:0
ErrPackageNum:0
TimeSkipNum:0
UpdateDataTimer is Active.
Memory info:
procs -----------memory---------- ---swap-- -----io---- --system-- -----cpu------
 r  b   swpd   free   buff  cache   si   so    bi    bo   in   cs us sy id wa st
 6  0 211428  66748  18632 179000    3    3   106    87   70  244 15 14 65  6  0



Time:2011-12-16 23:15:21
CommunicateErr:0
ErrPackageNum:0
TimeSkipNum:0
UpdateDataTimer is Active.
Memory info:
procs -----------memory---------- ---swap-- -----io---- --system-- -----cpu------
 r  b   swpd   free   buff  cache   si   so    bi    bo   in   cs us sy id wa st
 1  0 211428  67140  18640 179008    3    3   106    87   70  244 15 14 65  6  0



Time:2011-12-16 23:15:31
CommunicateErr:0
ErrPackageNum:0
TimeSkipNum:0
UpdateDataTimer is Active.
Memory info:
procs -----------memory---------- ---swap-- -----io---- --system-- -----cpu------
 r  b   swpd   free   buff  cache   si   so    bi    bo   in   cs us sy id wa st
 3  0 211428  67016  18648 179012    3    3   106    87   70  244 15 14 65  6  0



Time:2011-12-16 23:15:41
CommunicateErr:0
ErrPackageNum:0
TimeSkipNum:0
UpdateDataTimer is Active.
Memory info:
procs -----------memory---------- ---swap-- -----io---- --system-- -----cpu------
 r  b   swpd   free   buff  cache   si   so    bi    bo   in   cs us sy id wa st
 5  0 211428  67008  18656 179012    3    3   106    87   70  244 15 14 65  6  0



Time:2011-12-16 23:15:51
CommunicateErr:0
ErrPackageNum:0
TimeSkipNum:0
UpdateDataTimer is Active.
Memory info:
procs -----------memory---------- ---swap-- -----io---- --system-- -----cpu------
 r  b   swpd   free   buff  cache   si   so    bi    bo   in   cs us sy id wa st
 3  0 211428  67000  18664 179012    3    3   106    87   70  245 15 14 65  6  0



Time:2011-12-16 23:16:01
CommunicateErr:0
ErrPackageNum:0
TimeSkipNum:0
UpdateDataTimer is Active.
Memory info:
procs -----------memory---------- ---swap-- -----io---- --system-- -----cpu------
 r  b   swpd   free   buff  cache   si   so    bi    bo   in   cs us sy id wa st
 2  0 211428  67008  18672 179012    3    3   106    87   70  245 15 14 65  6  0



Time:2011-12-16 23:16:11
CommunicateErr:0
ErrPackageNum:0
TimeSkipNum:0
UpdateDataTimer is Active.
Memory info:
procs -----------memory---------- ---swap-- -----io---- --system-- -----cpu------
 r  b   swpd   free   buff  cache   si   so    bi    bo   in   cs us sy id wa st
 5  0 211428  67008  18680 179012    3    3   106    87   70  245 15 14 65  6  0



Time:2011-12-16 23:16:21
CommunicateErr:0
ErrPackageNum:0
TimeSkipNum:0
UpdateDataTimer is Active.
Memory info:
procs -----------memory---------- ---swap-- -----io---- --system-- -----cpu------
 r  b   swpd   free   buff  cache   si   so    bi    bo   in   cs us sy id wa st
 9  0 211428  65524  18688 179016    3    3   106    87   70  245 15 14 65  6  0



Time:2011-12-16 23:16:31
CommunicateErr:0
ErrPackageNum:0
TimeSkipNum:0
UpdateDataTimer is Active.
Memory info:
procs -----------memory---------- ---swap-- -----io---- --system-- -----cpu------
 r  b   swpd   free   buff  cache   si   so    bi    bo   in   cs us sy id wa st
 6  0 211428  67752  18704 179016    3    3   106    87   70  245 15 14 65  6  0



Time:2011-12-16 23:16:41
CommunicateErr:0
ErrPackageNum:0
TimeSkipNum:0
UpdateDataTimer is Active.
Memory info:
procs -----------memory---------- ---swap-- -----io---- --system-- -----cpu------
 r  b   swpd   free   buff  cache   si   so    bi    bo   in   cs us sy id wa st
 2  0 211428  68752  18712 179016    3    3   106    87   70  245 15 14 65  6  0



Time:2011-12-16 23:16:51
CommunicateErr:0
ErrPackageNum:0
TimeSkipNum:0
UpdateDataTimer is Active.
Memory info:
procs -----------memory---------- ---swap-- -----io---- --system-- -----cpu------
 r  b   swpd   free   buff  cache   si   so    bi    bo   in   cs us sy id wa st
 4  0 211428  67016  18728 179016    3    3   106    87   70  245 15 14 65  6  0



Time:2011-12-16 23:17:01
CommunicateErr:0
ErrPackageNum:0
TimeSkipNum:0
UpdateDataTimer is Active.
Memory info:
procs -----------memory---------- ---swap-- -----io---- --system-- -----cpu------
 r  b   swpd   free   buff  cache   si   so    bi    bo   in   cs us sy id wa st
 6  0 211428  67360  18744 179016    3    3   106    87   70  245 15 14 65  6  0



Time:2011-12-16 23:17:11
CommunicateErr:0
ErrPackageNum:0
TimeSkipNum:0
UpdateDataTimer is Active.
Memory info:
procs -----------memory---------- ---swap-- -----io---- --system-- -----cpu------
 r  b   swpd   free   buff  cache   si   so    bi    bo   in   cs us sy id wa st
 9  0 211428  67240  18752 179016    3    3   106    87   70  245 15 14 65  6  0



Time:2011-12-16 23:17:21
CommunicateErr:0
ErrPackageNum:0
TimeSkipNum:0
UpdateDataTimer is Active.
Memory info:
procs -----------memory---------- ---swap-- -----io---- --system-- -----cpu------
 r  b   swpd   free   buff  cache   si   so    bi    bo   in   cs us sy id wa st
 4  1 211428  67760  18764 179012    3    3   106    87   70  245 15 14 65  6  0



Time:2011-12-16 23:17:31
CommunicateErr:0
ErrPackageNum:0
TimeSkipNum:0
UpdateDataTimer is Active.
Memory info:
procs -----------memory---------- ---swap-- -----io---- --system-- -----cpu------
 r  b   swpd   free   buff  cache   si   so    bi    bo   in   cs us sy id wa st
 4  0 211428  67236  18776 179020    3    3   106    87   70  245 15 14 65  6  0



Time:2011-12-16 23:17:41
CommunicateErr:0
ErrPackageNum:0
TimeSkipNum:0
UpdateDataTimer is Active.
Memory info:
procs -----------memory---------- ---swap-- -----io---- --system-- -----cpu------
 r  b   swpd   free   buff  cache   si   so    bi    bo   in   cs us sy id wa st
 4  0 211428  66496  18784 179020    3    3   106    87   70  245 15 14 65  6  0



Time:2011-12-16 23:17:51
CommunicateErr:0
ErrPackageNum:0
TimeSkipNum:0
UpdateDataTimer is Active.
Memory info:
procs -----------memory---------- ---swap-- -----io---- --system-- -----cpu------
 r  b   swpd   free   buff  cache   si   so    bi    bo   in   cs us sy id wa st
 7  0 211428  66388  18792 179020    3    3   106    87   70  245 15 14 65  6  0



Time:2011-12-16 23:18:01
CommunicateErr:0
ErrPackageNum:0
TimeSkipNum:0
UpdateDataTimer is Active.
Memory info:
procs -----------memory---------- ---swap-- -----io---- --system-- -----cpu------
 r  b   swpd   free   buff  cache   si   so    bi    bo   in   cs us sy id wa st
 5  0 211428  66752  18800 179020    3    3   106    87   70  245 15 14 65  6  0



Time:2011-12-16 23:18:11
CommunicateErr:0
ErrPackageNum:0
TimeSkipNum:0
UpdateDataTimer is Active.
Memory info:
procs -----------memory---------- ---swap-- -----io---- --system-- -----cpu------
 r  b   swpd   free   buff  cache   si   so    bi    bo   in   cs us sy id wa st
11  0 211428  67276  18816 179024    3    3   106    87   70  245 15 14 65  6  0



Time:2011-12-16 23:18:21
CommunicateErr:0
ErrPackageNum:0
TimeSkipNum:0
UpdateDataTimer is Active.
Memory info:
procs -----------memory---------- ---swap-- -----io---- --system-- -----cpu------
 r  b   swpd   free   buff  cache   si   so    bi    bo   in   cs us sy id wa st
 7  0 211428  67008  18824 179024    3    3   106    87   70  245 15 14 65  6  0



Time:2011-12-16 23:18:31
CommunicateErr:0
ErrPackageNum:0
TimeSkipNum:0
UpdateDataTimer is Active.
Memory info:
procs -----------memory---------- ---swap-- -----io---- --system-- -----cpu------
 r  b   swpd   free   buff  cache   si   so    bi    bo   in   cs us sy id wa st
 6  0 211428  67128  18840 179024    3    3   106    87   70  245 15 14 65  6  0



Time:2011-12-16 23:18:41
CommunicateErr:0
ErrPackageNum:0
TimeSkipNum:0
UpdateDataTimer is Active.
Memory info:
procs -----------memory---------- ---swap-- -----io---- --system-- -----cpu------
 r  b   swpd   free   buff  cache   si   so    bi    bo   in   cs us sy id wa st
 7  0 211428  66752  18848 179024    3    3   106    87   70  245 15 14 65  6  0



Time:2011-12-16 23:18:51
CommunicateErr:0
ErrPackageNum:0
TimeSkipNum:0
UpdateDataTimer is Active.
Memory info:
procs -----------memory---------- ---swap-- -----io---- --system-- -----cpu------
 r  b   swpd   free   buff  cache   si   so    bi    bo   in   cs us sy id wa st
 5  0 211428  66768  18856 179024    3    3   106    87   70  245 15 14 65  6  0



Time:2011-12-16 23:19:01
CommunicateErr:0
ErrPackageNum:0
TimeSkipNum:0
UpdateDataTimer is Active.
Memory info:
procs -----------memory---------- ---swap-- -----io---- --system-- -----cpu------
 r  b   swpd   free   buff  cache   si   so    bi    bo   in   cs us sy id wa st
12  0 211428  66760  18864 179024    3    3   106    87   70  245 15 14 65  6  0



Time:2011-12-16 23:19:11
CommunicateErr:0
ErrPackageNum:0
TimeSkipNum:0
UpdateDataTimer is Active.
Memory info:
procs -----------memory---------- ---swap-- -----io---- --system-- -----cpu------
 r  b   swpd   free   buff  cache   si   so    bi    bo   in   cs us sy id wa st
 9  0 211428  66884  18880 179024    3    3   106    87   70  245 15 14 65  6  0



Time:2011-12-16 23:19:21
CommunicateErr:0
ErrPackageNum:0
TimeSkipNum:0
UpdateDataTimer is Active.
Memory info:
procs -----------memory---------- ---swap-- -----io---- --system-- -----cpu------
 r  b   swpd   free   buff  cache   si   so    bi    bo   in   cs us sy id wa st
 7  0 211428  67256  18884 179028    3    3   106    87   70  245 15 14 65  6  0



Time:2011-12-16 23:19:31
CommunicateErr:0
ErrPackageNum:0
TimeSkipNum:0
UpdateDataTimer is Active.
Memory info:
procs -----------memory---------- ---swap-- -----io---- --system-- -----cpu------
 r  b   swpd   free   buff  cache   si   so    bi    bo   in   cs us sy id wa st
 7  0 211428  66760  18888 179028    3    3   106    87   70  245 15 14 65  6  0



Time:2011-12-16 23:19:41
CommunicateErr:0
ErrPackageNum:0
TimeSkipNum:0
UpdateDataTimer is Active.
Memory info:
procs -----------memory---------- ---swap-- -----io---- --system-- -----cpu------
 r  b   swpd   free   buff  cache   si   so    bi    bo   in   cs us sy id wa st
 9  0 211428  66488  18896 179028    3    3   106    87   70  245 15 14 65  6  0



Time:2011-12-16 23:19:51
CommunicateErr:0
ErrPackageNum:0
TimeSkipNum:0
UpdateDataTimer is Active.
Memory info:
procs -----------memory---------- ---swap-- -----io---- --system-- -----cpu------
 r  b   swpd   free   buff  cache   si   so    bi    bo   in   cs us sy id wa st
 8  0 211428  67612  18912 179028    3    3   106    87   70  245 15 14 65  6  0



Time:2011-12-16 23:20:01
CommunicateErr:0
ErrPackageNum:0
TimeSkipNum:0
UpdateDataTimer is Active.
Memory info:
procs -----------memory---------- ---swap-- -----io---- --system-- -----cpu------
 r  b   swpd   free   buff  cache   si   so    bi    bo   in   cs us sy id wa st
 7  0 211428  66004  18920 179032    3    3   106    87   70  245 15 14 65  6  0



Time:2011-12-16 23:20:11
CommunicateErr:0
ErrPackageNum:0
TimeSkipNum:0
UpdateDataTimer is Active.
Memory info:
procs -----------memory---------- ---swap-- -----io---- --system-- -----cpu------
 r  b   swpd   free   buff  cache   si   so    bi    bo   in   cs us sy id wa st
 9  1 211428  60512  18964 181168    3    3   106    87   70  245 15 14 65  6  0



Time:2011-12-16 23:20:21
CommunicateErr:0
ErrPackageNum:0
TimeSkipNum:0
UpdateDataTimer is Active.
Memory info:
procs -----------memory---------- ---swap-- -----io---- --system-- -----cpu------
 r  b   swpd   free   buff  cache   si   so    bi    bo   in   cs us sy id wa st
13  0 211428   5672  18752 181732    3    3   106    87   70  245 15 14 65  6  0



Time:2011-12-16 23:20:31
CommunicateErr:0
ErrPackageNum:0
TimeSkipNum:0
UpdateDataTimer is Active.
Memory info:
procs -----------memory---------- ---swap-- -----io---- --system-- -----cpu------
 r  b   swpd   free   buff  cache   si   so    bi    bo   in   cs us sy id wa st
 4  0 211428   6444   9088 172000    3    3   106    87   70  245 15 14 65  6  0



Time:2011-12-16 23:20:41
CommunicateErr:0
ErrPackageNum:0
TimeSkipNum:0
UpdateDataTimer is Active.
Memory info:
procs -----------memory---------- ---swap-- -----io---- --system-- -----cpu------
 r  b   swpd   free   buff  cache   si   so    bi    bo   in   cs us sy id wa st
 6  1 213200 114700   1332 151296    3    3   106    87   70  245 15 14 65  6  0



Time:2011-12-16 23:20:51
CommunicateErr:0
ErrPackageNum:0
TimeSkipNum:0
UpdateDataTimer is Active.
Memory info:
procs -----------memory---------- ---swap-- -----io---- --system-- -----cpu------
 r  b   swpd   free   buff  cache   si   so    bi    bo   in   cs us sy id wa st
 1  1 213200  85840   1852 159356    3    3   106    87   70  245 15 14 65  6  0



Time:2011-12-16 23:21:01
CommunicateErr:0
ErrPackageNum:0
TimeSkipNum:0
UpdateDataTimer is Active.
Memory info:
procs -----------memory---------- ---swap-- -----io---- --system-- -----cpu------
 r  b   swpd   free   buff  cache   si   so    bi    bo   in   cs us sy id wa st
 7  1 213200  39068   2140 194560    3    3   106    87   70  245 15 14 65  6  0



Time:2011-12-16 23:21:11
CommunicateErr:0
ErrPackageNum:0
TimeSkipNum:0
UpdateDataTimer is Active.
Memory info:
procs -----------memory---------- ---swap-- -----io---- --system-- -----cpu------
 r  b   swpd   free   buff  cache   si   so    bi    bo   in   cs us sy id wa st
 4  0 213200  54304   2604 199280    3    3   106    87   70  245 15 14 65  6  0



Time:2011-12-16 23:21:21
CommunicateErr:0
ErrPackageNum:0
TimeSkipNum:0
UpdateDataTimer is Active.
Memory info:
procs -----------memory---------- ---swap-- -----io---- --system-- -----cpu------
 r  b   swpd   free   buff  cache   si   so    bi    bo   in   cs us sy id wa st
 5  0 213200  46856   2656 199748    3    3   106    87   70  245 15 14 65  6  0



Time:2011-12-16 23:21:31
CommunicateErr:0
ErrPackageNum:0
TimeSkipNum:0
UpdateDataTimer is Active.
Memory info:
procs -----------memory---------- ---swap-- -----io---- --system-- -----cpu------
 r  b   swpd   free   buff  cache   si   so    bi    bo   in   cs us sy id wa st
 5  0 213200  47092   2676 199748    3    3   106    87   70  245 15 14 65  6  0



Time:2011-12-16 23:21:41
CommunicateErr:0
ErrPackageNum:0
TimeSkipNum:0
UpdateDataTimer is Active.
Memory info:
procs -----------memory---------- ---swap-- -----io---- --system-- -----cpu------
 r  b   swpd   free   buff  cache   si   so    bi    bo   in   cs us sy id wa st
 0  0 213200  46884   2700 199768    3    3   106    87   70  245 15 14 65  6  0



Time:2011-12-16 23:21:51
CommunicateErr:0
ErrPackageNum:0
TimeSkipNum:0
UpdateDataTimer is Active.
Memory info:
procs -----------memory---------- ---swap-- -----io---- --system-- -----cpu------
 r  b   swpd   free   buff  cache   si   so    bi    bo   in   cs us sy id wa st
 0  0 213200  47044   2716 199760    3    3   106    87   70  245 15 14 65  6  0



Time:2011-12-16 23:22:01
CommunicateErr:0
ErrPackageNum:0
TimeSkipNum:0
UpdateDataTimer is Active.
Memory info:
procs -----------memory---------- ---swap-- -----io---- --system-- -----cpu------
 r  b   swpd   free   buff  cache   si   so    bi    bo   in   cs us sy id wa st
 0  0 213200  46948   2724 199780    3    3   106    87   70  245 15 14 65  6  0



Time:2011-12-16 23:22:11
CommunicateErr:0
ErrPackageNum:0
TimeSkipNum:0
UpdateDataTimer is Active.
Memory info:
procs -----------memory---------- ---swap-- -----io---- --system-- -----cpu------
 r  b   swpd   free   buff  cache   si   so    bi    bo   in   cs us sy id wa st
 9  0 213196  46964   2748 199792    3    3   106    87   70  245 15 14 65  6  0



Time:2011-12-16 23:22:21
CommunicateErr:0
ErrPackageNum:0
TimeSkipNum:0
UpdateDataTimer is Active.
Memory info:
procs -----------memory---------- ---swap-- -----io---- --system-- -----cpu------
 r  b   swpd   free   buff  cache   si   so    bi    bo   in   cs us sy id wa st
 0  0 213196  42400   2776 200528    3    3   106    87   70  246 15 14 65  6  0



Time:2011-12-16 23:22:31
CommunicateErr:0
ErrPackageNum:0
TimeSkipNum:0
UpdateDataTimer is Active.
Memory info:
procs -----------memory---------- ---swap-- -----io---- --system-- -----cpu------
 r  b   swpd   free   buff  cache   si   so    bi    bo   in   cs us sy id wa st
 5  0 213196  42384   2784 200528    3    3   106    87   70  246 15 14 65  6  0



Time:2011-12-16 23:22:41
CommunicateErr:0
ErrPackageNum:0
TimeSkipNum:0
UpdateDataTimer is Active.
Memory info:
procs -----------memory---------- ---swap-- -----io---- --system-- -----cpu------
 r  b   swpd   free   buff  cache   si   so    bi    bo   in   cs us sy id wa st
 7  0 213196  42292   2800 200528    3    3   106    87   70  246 15 14 65  6  0



Time:2011-12-16 23:22:51
CommunicateErr:0
ErrPackageNum:0
TimeSkipNum:0
UpdateDataTimer is Active.
Memory info:
procs -----------memory---------- ---swap-- -----io---- --system-- -----cpu------
 r  b   swpd   free   buff  cache   si   so    bi    bo   in   cs us sy id wa st
 6  0 213196  41704   2816 200528    3    3   106    87   70  246 15 14 65  6  0



Time:2011-12-16 23:23:01
CommunicateErr:0
ErrPackageNum:0
TimeSkipNum:0
UpdateDataTimer is Active.
Memory info:
procs -----------memory---------- ---swap-- -----io---- --system-- -----cpu------
 r  b   swpd   free   buff  cache   si   so    bi    bo   in   cs us sy id wa st
 6  0 213196  41580   2836 200528    3    3   106    87   70  246 15 14 65  6  0



Time:2011-12-16 23:23:11
CommunicateErr:0
ErrPackageNum:0
TimeSkipNum:0
UpdateDataTimer is Active.
Memory info:
procs -----------memory---------- ---swap-- -----io---- --system-- -----cpu------
 r  b   swpd   free   buff  cache   si   so    bi    bo   in   cs us sy id wa st
 5  0 213196  41596   2852 200536    3    3   106    87   70  246 15 14 65  6  0



Time:2011-12-16 23:23:21
CommunicateErr:0
ErrPackageNum:0
TimeSkipNum:0
UpdateDataTimer is Active.
Memory info:
procs -----------memory---------- ---swap-- -----io---- --system-- -----cpu------
 r  b   swpd   free   buff  cache   si   so    bi    bo   in   cs us sy id wa st
 6  0 213196  41612   2876 200536    3    3   106    87   70  246 15 14 65  6  0



Time:2011-12-16 23:23:31
CommunicateErr:0
ErrPackageNum:0
TimeSkipNum:0
UpdateDataTimer is Active.
Memory info:
procs -----------memory---------- ---swap-- -----io---- --system-- -----cpu------
 r  b   swpd   free   buff  cache   si   so    bi    bo   in   cs us sy id wa st
 6  0 213196  41612   2892 200536    3    3   106    87   70  246 15 14 65  6  0



Time:2011-12-16 23:23:41
CommunicateErr:0
ErrPackageNum:0
TimeSkipNum:0
UpdateDataTimer is Active.
Memory info:
procs -----------memory---------- ---swap-- -----io---- --system-- -----cpu------
 r  b   swpd   free   buff  cache   si   so    bi    bo   in   cs us sy id wa st
 3  0 213196  41604   2908 200544    3    3   106    87   70  246 15 14 65  6  0



Time:2011-12-16 23:23:51
CommunicateErr:0
ErrPackageNum:0
TimeSkipNum:0
UpdateDataTimer is Active.
Memory info:
procs -----------memory---------- ---swap-- -----io---- --system-- -----cpu------
 r  b   swpd   free   buff  cache   si   so    bi    bo   in   cs us sy id wa st
 1  0 213196  41216   2916 200548    3    3   106    87   70  246 15 14 65  6  0



Time:2011-12-16 23:24:01
CommunicateErr:0
ErrPackageNum:0
TimeSkipNum:0
UpdateDataTimer is Active.
Memory info:
procs -----------memory---------- ---swap-- -----io---- --system-- -----cpu------
 r  b   swpd   free   buff  cache   si   so    bi    bo   in   cs us sy id wa st
 8  0 213196  41248   2936 200548    3    3   106    87   70  246 15 14 65  6  0



Time:2011-12-16 23:24:11
CommunicateErr:0
ErrPackageNum:0
TimeSkipNum:0
UpdateDataTimer is Active.
Memory info:
procs -----------memory---------- ---swap-- -----io---- --system-- -----cpu------
 r  b   swpd   free   buff  cache   si   so    bi    bo   in   cs us sy id wa st
 2  0 213196  41264   2964 200560    3    3   106    87   70  246 15 14 65  6  0



Time:2011-12-16 23:24:21
CommunicateErr:0
ErrPackageNum:0
TimeSkipNum:0
UpdateDataTimer is Active.
Memory info:
procs -----------memory---------- ---swap-- -----io---- --system-- -----cpu------
 r  b   swpd   free   buff  cache   si   so    bi    bo   in   cs us sy id wa st
 1  0 213196  41296   2980 200560    3    3   106    87   70  246 15 14 65  6  0



Time:2011-12-16 23:24:31
CommunicateErr:0
ErrPackageNum:0
TimeSkipNum:0
UpdateDataTimer is Active.
Memory info:
procs -----------memory---------- ---swap-- -----io---- --system-- -----cpu------
 r  b   swpd   free   buff  cache   si   so    bi    bo   in   cs us sy id wa st
 5  0 213196  41188   2988 200560    3    3   106    87   70  246 15 14 65  6  0



Time:2011-12-16 23:24:41
CommunicateErr:0
ErrPackageNum:0
TimeSkipNum:0
UpdateDataTimer is Active.
Memory info:
procs -----------memory---------- ---swap-- -----io---- --system-- -----cpu------
 r  b   swpd   free   buff  cache   si   so    bi    bo   in   cs us sy id wa st
 5  0 213196  41068   3008 200560    3    3   106    87   70  246 15 14 65  6  0



Time:2011-12-16 23:24:51
CommunicateErr:0
ErrPackageNum:0
TimeSkipNum:0
UpdateDataTimer is Active.
Memory info:
procs -----------memory---------- ---swap-- -----io---- --system-- -----cpu------
 r  b   swpd   free   buff  cache   si   so    bi    bo   in   cs us sy id wa st
 7  0 213196  41084   3024 200560    3    3   106    87   70  246 15 14 65  6  0



Time:2011-12-16 23:25:01
CommunicateErr:0
ErrPackageNum:0
TimeSkipNum:0
UpdateDataTimer is Active.
Memory info:
procs -----------memory---------- ---swap-- -----io---- --system-- -----cpu------
 r  b   swpd   free   buff  cache   si   so    bi    bo   in   cs us sy id wa st
 0  0 213196  41084   3040 200568    3    3   106    87   70  246 15 14 65  6  0



Time:2011-12-16 23:25:11
CommunicateErr:0
ErrPackageNum:0
TimeSkipNum:0
UpdateDataTimer is Active.
Memory info:
procs -----------memory---------- ---swap-- -----io---- --system-- -----cpu------
 r  b   swpd   free   buff  cache   si   so    bi    bo   in   cs us sy id wa st
 9  0 213196  39600   3052 200568    3    3   106    87   70  246 15 14 65  6  0



Time:2011-12-16 23:25:21
CommunicateErr:0
ErrPackageNum:0
TimeSkipNum:0
UpdateDataTimer is Active.
Memory info:
procs -----------memory---------- ---swap-- -----io---- --system-- -----cpu------
 r  b   swpd   free   buff  cache   si   so    bi    bo   in   cs us sy id wa st
 0  0 213196  41100   3068 200568    3    3   106    87   70  246 15 14 65  6  0



Time:2011-12-16 23:25:31
CommunicateErr:0
ErrPackageNum:0
TimeSkipNum:0
UpdateDataTimer is Active.
Memory info:
procs -----------memory---------- ---swap-- -----io---- --system-- -----cpu------
 r  b   swpd   free   buff  cache   si   so    bi    bo   in   cs us sy id wa st
 3  0 213196  41116   3084 200568    3    3   106    87   70  246 15 14 65  6  0



Time:2011-12-16 23:25:41
CommunicateErr:0
ErrPackageNum:0
TimeSkipNum:0
UpdateDataTimer is Active.
Memory info:
procs -----------memory---------- ---swap-- -----io---- --system-- -----cpu------
 r  b   swpd   free   buff  cache   si   so    bi    bo   in   cs us sy id wa st
 6  0 213196  41116   3096 200568    3    3   106    87   70  246 15 14 65  6  0



Time:2011-12-16 23:25:51
CommunicateErr:0
ErrPackageNum:0
TimeSkipNum:0
UpdateDataTimer is Active.
Memory info:
procs -----------memory---------- ---swap-- -----io---- --system-- -----cpu------
 r  b   swpd   free   buff  cache   si   so    bi    bo   in   cs us sy id wa st
 1  0 213196  41116   3112 200572    3    3   106    87   70  246 15 14 65  6  0



Time:2011-12-16 23:26:01
CommunicateErr:0
ErrPackageNum:0
TimeSkipNum:0
UpdateDataTimer is Active.
Memory info:
procs -----------memory---------- ---swap-- -----io---- --system-- -----cpu------
 r  b   swpd   free   buff  cache   si   so    bi    bo   in   cs us sy id wa st
 6  0 213196  40992   3128 200572    3    3   106    87   70  246 15 14 65  6  0



Time:2011-12-16 23:26:11
CommunicateErr:0
ErrPackageNum:0
TimeSkipNum:0
UpdateDataTimer is Active.
Memory info:
procs -----------memory---------- ---swap-- -----io---- --system-- -----cpu------
 r  b   swpd   free   buff  cache   si   so    bi    bo   in   cs us sy id wa st
 5  0 213196  41112   3144 200572    3    3   106    87   70  246 15 14 65  6  0



Time:2011-12-16 23:26:21
CommunicateErr:0
ErrPackageNum:0
TimeSkipNum:0
UpdateDataTimer is Active.
Memory info:
procs -----------memory---------- ---swap-- -----io---- --system-- -----cpu------
 r  b   swpd   free   buff  cache   si   so    bi    bo   in   cs us sy id wa st
 0  0 213196  40632   3156 200928    3    3   106    87   70  246 15 14 65  6  0



Time:2011-12-16 23:26:31
CommunicateErr:0
ErrPackageNum:0
TimeSkipNum:0
UpdateDataTimer is Active.
Memory info:
procs -----------memory---------- ---swap-- -----io---- --system-- -----cpu------
 r  b   swpd   free   buff  cache   si   so    bi    bo   in   cs us sy id wa st
 5  0 213196  40632   3172 200928    3    3   106    87   70  246 15 14 65  6  0



Time:2011-12-16 23:26:41
CommunicateErr:0
ErrPackageNum:0
TimeSkipNum:0
UpdateDataTimer is Active.
Memory info:
procs -----------memory---------- ---swap-- -----io---- --system-- -----cpu------
 r  b   swpd   free   buff  cache   si   so    bi    bo   in   cs us sy id wa st
10  0 213196  40632   3188 200928    3    3   106    87   70  246 15 14 65  6  0



Time:2011-12-16 23:26:51
CommunicateErr:0
ErrPackageNum:0
TimeSkipNum:0
UpdateDataTimer is Active.
Memory info:
procs -----------memory---------- ---swap-- -----io---- --system-- -----cpu------
 r  b   swpd   free   buff  cache   si   so    bi    bo   in   cs us sy id wa st
 4  0 213196  40640   3204 200940    3    3   106    87   70  246 15 14 65  6  0



Time:2011-12-16 23:27:01
CommunicateErr:0
ErrPackageNum:0
TimeSkipNum:0
UpdateDataTimer is Active.
Memory info:
procs -----------memory---------- ---swap-- -----io---- --system-- -----cpu------
 r  b   swpd   free   buff  cache   si   so    bi    bo   in   cs us sy id wa st
 6  0 213196  40640   3224 200948    3    3   106    87   70  246 15 14 65  6  0



Time:2011-12-16 23:27:11
CommunicateErr:0
ErrPackageNum:0
TimeSkipNum:0
UpdateDataTimer is Active.
Memory info:
procs -----------memory---------- ---swap-- -----io---- --system-- -----cpu------
 r  b   swpd   free   buff  cache   si   so    bi    bo   in   cs us sy id wa st
 5  0 213196  40268   3240 200948    3    3   106    87   70  246 15 14 65  6  0



Time:2011-12-16 23:27:21
CommunicateErr:0
ErrPackageNum:0
TimeSkipNum:0
UpdateDataTimer is Active.
Memory info:
procs -----------memory---------- ---swap-- -----io---- --system-- -----cpu------
 r  b   swpd   free   buff  cache   si   so    bi    bo   in   cs us sy id wa st
 6  1 213196  39836   3248 201100    3    3   106    87   70  247 15 14 65  6  0



Time:2011-12-16 23:27:31
CommunicateErr:0
ErrPackageNum:0
TimeSkipNum:0
UpdateDataTimer is Active.
Memory info:
procs -----------memory---------- ---swap-- -----io---- --system-- -----cpu------
 r  b   swpd   free   buff  cache   si   so    bi    bo   in   cs us sy id wa st
 6  0 213196  35796   3364 204660    3    3   106    87   70  247 15 14 65  6  0



Time:2011-12-16 23:27:41
CommunicateErr:0
ErrPackageNum:0
TimeSkipNum:0
UpdateDataTimer is Active.
Memory info:
procs -----------memory---------- ---swap-- -----io---- --system-- -----cpu------
 r  b   swpd   free   buff  cache   si   so    bi    bo   in   cs us sy id wa st
 4  0 213196  35160   3380 204664    3    3   106    87   70  247 15 14 65  6  0



Time:2011-12-16 23:27:51
CommunicateErr:0
ErrPackageNum:0
TimeSkipNum:0
UpdateDataTimer is Active.
Memory info:
procs -----------memory---------- ---swap-- -----io---- --system-- -----cpu------
 r  b   swpd   free   buff  cache   si   so    bi    bo   in   cs us sy id wa st
 9  0 213196  35052   3396 204660    3    3   106    87   70  247 15 14 65  6  0



Time:2011-12-16 23:28:01
CommunicateErr:0
ErrPackageNum:0
TimeSkipNum:0
UpdateDataTimer is Active.
Memory info:
procs -----------memory---------- ---swap-- -----io---- --system-- -----cpu------
 r  b   swpd   free   buff  cache   si   so    bi    bo   in   cs us sy id wa st
 5  0 213196  33692   3412 204664    3    3   106    87   70  247 15 14 65  6  0



Time:2011-12-16 23:28:11
CommunicateErr:0
ErrPackageNum:0
TimeSkipNum:0
UpdateDataTimer is Active.
Memory info:
procs -----------memory---------- ---swap-- -----io---- --system-- -----cpu------
 r  b   swpd   free   buff  cache   si   so    bi    bo   in   cs us sy id wa st
 6  0 213196  33668   3420 204664    3    3   106    87   70  247 15 14 65  6  0



Time:2011-12-16 23:28:21
CommunicateErr:0
ErrPackageNum:0
TimeSkipNum:0
UpdateDataTimer is Active.
Memory info:
procs -----------memory---------- ---swap-- -----io---- --system-- -----cpu------
 r  b   swpd   free   buff  cache   si   so    bi    bo   in   cs us sy id wa st
 1  0 213196  33668   3436 204664    3    3   106    87   70  247 15 14 65  6  0



Time:2011-12-16 23:28:31
CommunicateErr:0
ErrPackageNum:0
TimeSkipNum:0
UpdateDataTimer is Active.
Memory info:
procs -----------memory---------- ---swap-- -----io---- --system-- -----cpu------
 r  b   swpd   free   buff  cache   si   so    bi    bo   in   cs us sy id wa st
 8  0 213196  33668   3452 204664    3    3   106    87   70  247 15 14 65  6  0



Time:2011-12-16 23:28:41
CommunicateErr:0
ErrPackageNum:0
TimeSkipNum:0
UpdateDataTimer is Active.
Memory info:
procs -----------memory---------- ---swap-- -----io---- --system-- -----cpu------
 r  b   swpd   free   buff  cache   si   so    bi    bo   in   cs us sy id wa st
 0  0 213196  33640   3460 204664    3    3   106    87   70  247 15 14 65  6  0



Time:2011-12-16 23:28:51
CommunicateErr:0
ErrPackageNum:0
TimeSkipNum:0
UpdateDataTimer is Active.
Memory info:
procs -----------memory---------- ---swap-- -----io---- --system-- -----cpu------
 r  b   swpd   free   buff  cache   si   so    bi    bo   in   cs us sy id wa st
 6  0 213196  33628   3476 204672    3    3   106    87   70  247 15 14 65  6  0



Time:2011-12-16 23:29:01
CommunicateErr:0
ErrPackageNum:0
TimeSkipNum:0
UpdateDataTimer is Active.
Memory info:
procs -----------memory---------- ---swap-- -----io---- --system-- -----cpu------
 r  b   swpd   free   buff  cache   si   so    bi    bo   in   cs us sy id wa st
 6  0 213196  33636   3492 204672    3    3   106    87   70  247 15 14 65  6  0



Time:2011-12-16 23:29:11
CommunicateErr:0
ErrPackageNum:0
TimeSkipNum:0
UpdateDataTimer is Active.
Memory info:
procs -----------memory---------- ---swap-- -----io---- --system-- -----cpu------
 r  b   swpd   free   buff  cache   si   so    bi    bo   in   cs us sy id wa st
 0  0 213196  33636   3500 204672    3    3   106    87   70  247 15 14 65  6  0



Time:2011-12-16 23:29:21
CommunicateErr:0
ErrPackageNum:0
TimeSkipNum:0
UpdateDataTimer is Active.
Memory info:
procs -----------memory---------- ---swap-- -----io---- --system-- -----cpu------
 r  b   swpd   free   buff  cache   si   so    bi    bo   in   cs us sy id wa st
 3  1 213196  23072   3616 209436    3    3   106    87   70  247 15 14 65  6  0



Time:2011-12-16 23:29:31
CommunicateErr:0
ErrPackageNum:0
TimeSkipNum:0
UpdateDataTimer is Active.
Memory info:
procs -----------memory---------- ---swap-- -----io---- --system-- -----cpu------
 r  b   swpd   free   buff  cache   si   so    bi    bo   in   cs us sy id wa st
 6  0 214552   7216   3208 198088    3    3   106    87   70  247 15 14 65  6  0



Time:2011-12-16 23:29:41
CommunicateErr:0
ErrPackageNum:0
TimeSkipNum:0
UpdateDataTimer is Active.
Memory info:
procs -----------memory---------- ---swap-- -----io---- --system-- -----cpu------
 r  b   swpd   free   buff  cache   si   so    bi    bo   in   cs us sy id wa st
 6  0 214936  12444   1772 161528    3    3   106    87   70  247 15 14 65  6  0



